<?xml version="1.0" encoding="UTF-8" ?>
<testsuite errors="1" failures="0" hostname="sepehr-UX310UQK" name="com.fasterxml.jackson.dataformat.xml.deser.TestViews" skipped="0" tests="1" time="0.0" timestamp="2023-02-05T21:48:43">
  <properties>
    <property name="java.vendor" value="Private Build" />
    <property name="sun.java.launcher" value="SUN_STANDARD" />
    <property name="sun.management.compiler" value="HotSpot 64-Bit Tiered Compilers" />
    <property name="maven.build.srcDir.0" value="src/main/java" />
    <property name="os.name" value="Linux" />
    <property name="clover.historical.json" value="true" />
    <property name="sun.boot.class.path" value="/usr/lib/jvm/java-8-openjdk-amd64/jre/lib/resources.jar:/usr/lib/jvm/java-8-openjdk-amd64/jre/lib/rt.jar:/usr/lib/jvm/java-8-openjdk-amd64/jre/lib/sunrsasign.jar:/usr/lib/jvm/java-8-openjdk-amd64/jre/lib/jsse.jar:/usr/lib/jvm/java-8-openjdk-amd64/jre/lib/jce.jar:/usr/lib/jvm/java-8-openjdk-amd64/jre/lib/charsets.jar:/usr/lib/jvm/java-8-openjdk-amd64/jre/lib/jfr.jar:/usr/lib/jvm/java-8-openjdk-amd64/jre/classes" />
    <property name="version.plugin.jar" value="2.5" />
    <property name="maven.build.timestamp.format" value="yyyy-MM-dd HH:mm:ssZ" />
    <property name="sun.desktop" value="gnome" />
    <property name="java.vm.specification.vendor" value="Oracle Corporation" />
    <property name="ant.file.type.jackson-dataformat-xml-from-maven" value="file" />
    <property name="ant.home" value="/usr/share/ant" />
    <property name="java.runtime.version" value="1.8.0_352-8u352-ga-1~20.04-b08" />
    <property name="version.plugin.replacer" value="1.5.2" />
    <property name="maven.build.resourceDir.0" value="src/main/resources" />
    <property name="project.build.sourceEncoding" value="UTF-8" />
    <property name="clover.project.historydir" value="/home/sepehr/masters/test_generation/evosuite_coverage/jacksonXml1f/.cloverhistory/jackson-dataformat-xml" />
    <property name="clover.flushinterval" value="100" />
    <property name="user.name" value="sepehr" />
    <property name="osgi.export" value="com.fasterxml.jackson.dataformat.*;version=2.7.0-rc4-SNAPSHOT" />
    <property name="maven.build.outputDir" value="target/classes" />
    <property name="packageVersion.template.input" value="/tmp/initialize-revisions.pl_23175_1557342495/20f/src/main/java/com/fasterxml/jackson/dataformat/xml/PackageVersion.java.in" />
    <property name="version.plugin.surefire" value="2.17" />
    <property name="maven.repo.local" value="/home/sepehr/.m2/repository" />
    <property name="osgi.requiredExecutionEnvironment" value="" />
    <property name="maven.build.finalName" value="jackson-dataformat-xml-2.7.0-rc4-SNAPSHOT" />
    <property name="javac.src.version" value="1.7" />
    <property name="maven.build.testDir.0" value="src/test/java" />
    <property name="user.language" value="en" />
    <property name="sun.boot.library.path" value="/usr/lib/jvm/java-8-openjdk-amd64/jre/lib/amd64" />
    <property name="ant.project.default-target" value="package" />
    <property name="maven.reporting.outputDirectory" value="target/site" />
    <property name="version.plugin.release" value="2.5.2" />
    <property name="ant.project.name" value="jackson-dataformat-xml" />
    <property name="generatedSourcesDir" value="/tmp/initialize-revisions.pl_23175_1557342495/20f/target/generated-sources" />
    <property name="java.version" value="1.8.0_352" />
    <property name="user.timezone" value="" />
    <property name="sun.arch.data.model" value="64" />
    <property name="version.jackson.jaxb" value="2.7.0-rc3" />
    <property name="java.endorsed.dirs" value="/usr/lib/jvm/java-8-openjdk-amd64/jre/lib/endorsed" />
    <property name="sun.cpu.isalist" value="" />
    <property name="sun.jnu.encoding" value="UTF-8" />
    <property name="file.encoding.pkg" value="sun.io" />
    <property name="file.separator" value="/" />
    <property name="java.specification.name" value="Java Platform API Specification" />
    <property name="clover.initstring" value="/home/sepehr/masters/test_generation/evosuite_coverage/jacksonXml1f/.clover/clover4_4_1.db" />
    <property name="java.class.version" value="52.0" />
    <property name="user.country" value="US" />
    <property name="java.home" value="/usr/lib/jvm/java-8-openjdk-amd64/jre" />
    <property name="packageVersion.template.output" value="/tmp/initialize-revisions.pl_23175_1557342495/20f/target/generated-sources/com/fasterxml/jackson/dataformat/xml/PackageVersion.java" />
    <property name="clover.dir" value="/home/sepehr/masters/test_generation/evosuite_coverage/jacksonXml1f/clover" />
    <property name="java.vm.info" value="mixed mode" />
    <property name="version.junit" value="4.12" />
    <property name="ant.file" value="/home/sepehr/masters/test_generation/evosuite_coverage/jacksonXml1f/build.xml" />
    <property name="os.version" value="5.15.0-58-generic" />
    <property name="version.plugin.shade" value="2.4" />
    <property name="osgi.includeResource" value="{maven-resources}" />
    <property name="maven.build.testOutputDir" value="target/test-classes" />
    <property name="project.reporting.outputEncoding" value="UTF-8" />
    <property name="version.jackson.annotations" value="2.7.0-rc3" />
    <property name="path.separator" value=":" />
    <property name="java.vm.version" value="25.352-b08" />
    <property name="maven.build.dir" value="target" />
    <property name="maven.test.reports" value="target/test-reports" />
    <property name="ant.library.dir" value="/usr/share/ant/lib" />
    <property name="clover.jar" value="/home/sepehr/masters/test_generation/evosuite_coverage/jacksonXml1f/${clover.home}/clover.jar" />
    <property name="java.awt.printerjob" value="sun.print.PSPrinterJob" />
    <property name="sun.io.unicode.encoding" value="UnicodeLittle" />
    <property name="packageVersion.dir" value="com/fasterxml/jackson/dataformat/xml" />
    <property name="awt.toolkit" value="sun.awt.X11.XToolkit" />
    <property name="java.specification.maintenance.version" value="4" />
    <property name="project.build.outputDirectory" value="target/classes" />
    <property name="user.home" value="/home/sepehr" />
    <property name="java.specification.vendor" value="Oracle Corporation" />
    <property name="ant.file.jackson-dataformat-xml" value="/home/sepehr/masters/test_generation/evosuite_coverage/jacksonXml1f/build.xml" />
    <property name="clover.span" value="1day" />
    <property name="clover.dest" value="/home/sepehr/masters/test_generation/evosuite_coverage/jacksonXml1f/clover/jackson-dataformat-xml" />
    <property name="java.vendor.url" value="http://java.oracle.com/" />
    <property name="java.library.path" value="/usr/java/packages/lib/amd64:/usr/lib/x86_64-linux-gnu/jni:/lib/x86_64-linux-gnu:/usr/lib/x86_64-linux-gnu:/usr/lib/jni:/lib:/usr/lib" />
    <property name="version.plugin.javadoc" value="2.9.1" />
    <property name="test.target" value="test" />
    <property name="maven.settings.offline" value="false" />
    <property name="java.vm.vendor" value="Private Build" />
    <property name="project.build.resourceEncoding" value="UTF-8" />
    <property name="maven.settings.interactiveMode" value="true" />
    <property name="java.runtime.name" value="OpenJDK Runtime Environment" />
    <property name="version.jackson.core" value="2.7.0-rc4-SNAPSHOT" />
    <property name="ant.version" value="Apache Ant(TM) version 1.10.7 compiled on October 24 2019" />
    <property name="java.class.path" value="/home/sepehr/.ant/lib/clover.jar:/home/sepehr/.m2/repository/com/fasterxml/jackson/core/jackson-annotations/2.7.0-rc3/jackson-annotations-2.7.0-rc3.jar:/home/sepehr/.m2/repository/com/fasterxml/jackson/module/jackson-module-jaxb-annotations/2.7.0-rc3/jackson-module-jaxb-annotations-2.7.0-rc3.jar:/home/sepehr/.m2/repository/javax/xml/stream/stax-api/1.0-2/stax-api-1.0-2.jar:/home/sepehr/.m2/repository/org/codehaus/woodstox/stax2-api/3.1.4/stax2-api-3.1.4.jar:/home/sepehr/.m2/repository/com/fasterxml/woodstox/woodstox-core/5.0.1/woodstox-core-5.0.1.jar:/home/sepehr/.m2/repository/junit/junit/4.12/junit-4.12.jar:/home/sepehr/.m2/repository/org/hamcrest/hamcrest-core/1.3/hamcrest-core-1.3.jar:/home/sepehr/masters/test_generation/evosuite_coverage/jacksonXml1f/target/classes:/home/sepehr/masters/test_generation/evosuite_coverage/jacksonXml1f/target/test-classes:/home/sepehr/.ant/lib/evosuite-1.0.6.jar:/usr/share/java/ant-launcher-1.10.7.jar:/usr/share/ant/lib/ant.jar:/usr/share/ant/lib/ant-junit.jar:/usr/share/ant/lib/ant-junit4.jar" />
    <property name="sun.java.command" value="org.apache.tools.ant.taskdefs.optional.junit.JUnitTestRunner com.fasterxml.jackson.dataformat.xml.deser.TestViews skipNonTests=false filtertrace=true haltOnError=false haltOnFailure=false formatter=org.apache.tools.ant.taskdefs.optional.junit.SummaryJUnitResultFormatter showoutput=false outputtoformatters=true logfailedtests=true threadid=0 logtestlistenerevents=false formatter=org.apache.tools.ant.taskdefs.optional.junit.XMLJUnitResultFormatter,/home/sepehr/masters/test_generation/evosuite_coverage/jacksonXml1f/target/test-reports/TEST-com.fasterxml.jackson.dataformat.xml.deser.TestViews.xml formatter=org.apache.tools.ant.taskdefs.optional.junit.PlainJUnitResultFormatter crashfile=/home/sepehr/masters/test_generation/evosuite_coverage/jacksonXml1f/junitvmwatcher6219504220934655790.properties propsfile=/home/sepehr/masters/test_generation/evosuite_coverage/jacksonXml1f/junit1007386955963554304.properties" />
    <property name="project.name" value="jackson-dataformat-xml" />
    <property name="project.build.directory" value="target" />
    <property name="java.vm.specification.name" value="Java Virtual Machine Specification" />
    <property name="clover.snapshot.file" value="/home/sepehr/masters/test_generation/evosuite_coverage/jacksonXml1f/.cloverhistory/jackson-dataformat-xml/clover.snapshot" />
    <property name="ant.file.type" value="file" />
    <property name="version.plugin.bundle" value="2.5.3" />
    <property name="java.vm.specification.version" value="1.8" />
    <property name="sun.os.patch.level" value="unknown" />
    <property name="packageVersion.package" value="com.fasterxml.jackson.dataformat.xml" />
    <property name="sun.cpu.endian" value="little" />
    <property name="java.io.tmpdir" value="/tmp" />
    <property name="junit.present" value="true" />
    <property name="javac.debuglevel" value="lines,source,vars" />
    <property name="project.title" value="jackson-dataformat-xml" />
    <property name="java.vendor.url.bug" value="http://bugreport.sun.com/bugreport/" />
    <property name="ant.file.jackson-dataformat-xml-from-maven" value="/home/sepehr/masters/test_generation/evosuite_coverage/jacksonXml1f/maven-build.xml" />
    <property name="java.awt.graphicsenv" value="sun.awt.X11GraphicsEnvironment" />
    <property name="os.arch" value="amd64" />
    <property name="clover.jarpath" value="/home/sepehr/.ant/lib/clover.jar" />
    <property name="maven.build.testResourceDir.0" value="src/test/resources" />
    <property name="java.ext.dirs" value="/usr/lib/jvm/java-8-openjdk-amd64/jre/lib/ext:/usr/java/packages/lib/ext" />
    <property name="user.dir" value="/home/sepehr/masters/test_generation/evosuite_coverage/jacksonXml1f" />
    <property name="osgi.private" value="" />
    <property name="line.separator" value="&#xa;" />
    <property name="java.vm.name" value="OpenJDK 64-Bit Server VM" />
    <property name="osgi.versionpolicy" value="${range;[===,=+);${@}}" />
    <property name="ant.file.type.jackson-dataformat-xml" value="file" />
    <property name="basedir" value="." />
    <property name="javadoc.maxmemory" value="1g" />
    <property name="ant.java.version" value="1.8" />
    <property name="osgi.import" value="*" />
    <property name="ant.core.lib" value="/usr/share/ant/lib/ant.jar" />
    <property name="file.encoding" value="UTF-8" />
    <property name="build.compiler" value="com.atlassian.clover.ant.taskdefs.CloverCompilerAdapter" />
    <property name="clover.historydir" value="/home/sepehr/masters/test_generation/evosuite_coverage/jacksonXml1f/.cloverhistory" />
    <property name="javac.target.version" value="1.7" />
    <property name="java.specification.version" value="1.8" />
    <property name="ant.project.invoked-targets" value="with.clover,test,clover.report" />
    <property name="osgi.dynamicImport" value="" />
    <property name="clover.flushpolicy" value="directed" />
  </properties>
  <error message="com/fasterxml/jackson/databind/ser/FilterProvider" type="java.lang.NoClassDefFoundError">java.lang.NoClassDefFoundError: com/fasterxml/jackson/databind/ser/FilterProvider
	at java.lang.Class.getDeclaredMethods0(Native Method)
	at java.lang.Class.privateGetDeclaredMethods(Class.java:2701)
	at java.lang.Class.privateGetMethodRecursive(Class.java:3048)
	at java.lang.Class.getMethod0(Class.java:3018)
	at java.lang.Class.getMethod(Class.java:1784)
Caused by: java.lang.ClassNotFoundException: com.fasterxml.jackson.databind.ser.FilterProvider
	at java.net.URLClassLoader.findClass(URLClassLoader.java:387)
	at java.lang.ClassLoader.loadClass(ClassLoader.java:418)
	at sun.misc.Launcher$AppClassLoader.loadClass(Launcher.java:352)
	at java.lang.ClassLoader.loadClass(ClassLoader.java:351)
</error>
  <system-out><![CDATA[]]></system-out>
  <system-err><![CDATA[]]></system-err>
</testsuite>
