<?xml version="1.0" encoding="UTF-8" ?>
<testsuite errors="0" failures="0" hostname="sepehr-UX310UQK" name="com.fasterxml.jackson.core.util.JsonGeneratorDelegate_ESTest" skipped="0" tests="153" time="1.782" timestamp="2023-02-06T02:41:31">
  <properties>
    <property name="java.vendor" value="Private Build" />
    <property name="sun.java.launcher" value="SUN_STANDARD" />
    <property name="sun.management.compiler" value="HotSpot 64-Bit Tiered Compilers" />
    <property name="maven.build.srcDir.0" value="src/main/java" />
    <property name="os.name" value="Linux" />
    <property name="clover.historical.json" value="true" />
    <property name="sun.boot.class.path" value="/usr/lib/jvm/java-8-openjdk-amd64/jre/lib/resources.jar:/usr/lib/jvm/java-8-openjdk-amd64/jre/lib/rt.jar:/usr/lib/jvm/java-8-openjdk-amd64/jre/lib/sunrsasign.jar:/usr/lib/jvm/java-8-openjdk-amd64/jre/lib/jsse.jar:/usr/lib/jvm/java-8-openjdk-amd64/jre/lib/jce.jar:/usr/lib/jvm/java-8-openjdk-amd64/jre/lib/charsets.jar:/usr/lib/jvm/java-8-openjdk-amd64/jre/lib/jfr.jar:/usr/lib/jvm/java-8-openjdk-amd64/jre/classes" />
    <property name="bundle.version" value="2.3.7" />
    <property name="maven.build.timestamp.format" value="yyyy-MM-dd HH:mm:ssZ" />
    <property name="sun.desktop" value="gnome" />
    <property name="java.vm.specification.vendor" value="Oracle Corporation" />
    <property name="ant.home" value="/usr/share/ant" />
    <property name="java.runtime.version" value="1.8.0_352-8u352-ga-1~20.04-b08" />
    <property name="maven.build.resourceDir.0" value="src/main/resources" />
    <property name="project.build.sourceEncoding" value="UTF-8" />
    <property name="clover.project.historydir" value="/home/sepehr/masters/test_generation/evosuite_coverage/jacksonCore1f/.cloverhistory/jackson-core" />
    <property name="clover.flushinterval" value="100" />
    <property name="ant.file.jackson-core" value="/home/sepehr/masters/test_generation/evosuite_coverage/jacksonCore1f/build.xml" />
    <property name="user.name" value="sepehr" />
    <property name="ant.file.type.jackson-core" value="file" />
    <property name="osgi.export" value="com.fasterxml.jackson.core;version=2.3.0-SNAPSHOT,&#xa;com.fasterxml.jackson.core.*;version=2.3.0-SNAPSHOT" />
    <property name="maven.build.outputDir" value="target/classes" />
    <property name="packageVersion.template.input" value="/tmp/initialize-revisions.pl_30279_1557252573/3f/src/main/java/com/fasterxml/jackson/core/json/PackageVersion.java.in" />
    <property name="maven.repo.local" value="/home/sepehr/.m2/repository" />
    <property name="osgi.requiredExecutionEnvironment" value="" />
    <property name="maven.build.finalName" value="jackson-core-2.3.0-SNAPSHOT" />
    <property name="javac.src.version" value="1.6" />
    <property name="maven.build.testDir.0" value="src/test/java" />
    <property name="user.language" value="en" />
    <property name="sun.boot.library.path" value="/usr/lib/jvm/java-8-openjdk-amd64/jre/lib/amd64" />
    <property name="ant.project.default-target" value="package" />
    <property name="maven.reporting.outputDirectory" value="target/site" />
    <property name="ant.project.name" value="jackson-core" />
    <property name="generatedSourcesDir" value="/tmp/initialize-revisions.pl_30279_1557252573/3f/target/generated-sources" />
    <property name="java.version" value="1.8.0_352" />
    <property name="user.timezone" value="" />
    <property name="ant.file.type.jackson-core-from-maven" value="file" />
    <property name="sun.arch.data.model" value="64" />
    <property name="java.endorsed.dirs" value="/usr/lib/jvm/java-8-openjdk-amd64/jre/lib/endorsed" />
    <property name="sun.cpu.isalist" value="" />
    <property name="sun.jnu.encoding" value="UTF-8" />
    <property name="file.encoding.pkg" value="sun.io" />
    <property name="file.separator" value="/" />
    <property name="java.specification.name" value="Java Platform API Specification" />
    <property name="clover.initstring" value="/home/sepehr/masters/test_generation/evosuite_coverage/jacksonCore1f/.clover/clover4_4_1.db" />
    <property name="java.class.version" value="52.0" />
    <property name="javadoc.version" value="2.8.1" />
    <property name="user.country" value="US" />
    <property name="java.home" value="/usr/lib/jvm/java-8-openjdk-amd64/jre" />
    <property name="packageVersion.template.output" value="/tmp/initialize-revisions.pl_30279_1557252573/3f/target/generated-sources/com/fasterxml/jackson/core/json/PackageVersion.java" />
    <property name="clover.dir" value="/home/sepehr/masters/test_generation/evosuite_coverage/jacksonCore1f/clover" />
    <property name="java.vm.info" value="mixed mode" />
    <property name="ant.file" value="/home/sepehr/masters/test_generation/evosuite_coverage/jacksonCore1f/build.xml" />
    <property name="os.version" value="5.15.0-58-generic" />
    <property name="maven.build.testOutputDir" value="target/test-classes" />
    <property name="project.reporting.outputEncoding" value="UTF-8" />
    <property name="replacer.version" value="1.5.2" />
    <property name="path.separator" value=":" />
    <property name="java.vm.version" value="25.352-b08" />
    <property name="maven.build.dir" value="target" />
    <property name="maven.test.reports" value="target/test-reports" />
    <property name="ant.library.dir" value="/usr/share/ant/lib" />
    <property name="surefire.version" value="2.12" />
    <property name="clover.jar" value="/home/sepehr/masters/test_generation/evosuite_coverage/jacksonCore1f/${clover.home}/clover.jar" />
    <property name="java.awt.printerjob" value="sun.print.PSPrinterJob" />
    <property name="sun.io.unicode.encoding" value="UnicodeLittle" />
    <property name="packageVersion.dir" value="com/fasterxml/jackson/core/json" />
    <property name="java.specification.maintenance.version" value="4" />
    <property name="awt.toolkit" value="sun.awt.X11.XToolkit" />
    <property name="project.build.outputDirectory" value="target/classes" />
    <property name="user.home" value="/home/sepehr" />
    <property name="java.specification.vendor" value="Oracle Corporation" />
    <property name="clover.span" value="1day" />
    <property name="clover.dest" value="/home/sepehr/masters/test_generation/evosuite_coverage/jacksonCore1f/clover/jackson-core" />
    <property name="java.vendor.url" value="http://java.oracle.com/" />
    <property name="java.library.path" value="/usr/java/packages/lib/amd64:/usr/lib/x86_64-linux-gnu/jni:/lib/x86_64-linux-gnu:/usr/lib/x86_64-linux-gnu:/usr/lib/jni:/lib:/usr/lib" />
    <property name="test.target" value="test" />
    <property name="maven.settings.offline" value="false" />
    <property name="java.vm.vendor" value="Private Build" />
    <property name="project.build.resourceEncoding" value="UTF-8" />
    <property name="maven.settings.interactiveMode" value="true" />
    <property name="java.runtime.name" value="OpenJDK Runtime Environment" />
    <property name="ant.version" value="Apache Ant(TM) version 1.10.7 compiled on October 24 2019" />
    <property name="java.class.path" value="/home/sepehr/masters/test_generation/evosuite_coverage/jacksonCore1f/junit-4.12.jar:/home/sepehr/masters/test_generation/evosuite_coverage/jacksonCore1f/evosuite-tests:/home/sepehr/masters/test_generation/evosuite_coverage/jacksonCore1f/target/classes:/home/sepehr/masters/test_generation/evosuite_coverage/jacksonCore1f/target/test-classes:/home/sepehr/.ant/lib/clover.jar:/home/sepehr/masters/test_generation/evosuite_coverage/jacksonCore1f/evosuite-standalone-runtime-1.0.6.jar:/home/sepehr/masters/test_generation/evosuite_coverage/jacksonCore1f/hamcrest-core-1.3.jar:/usr/share/java/ant-launcher-1.10.7.jar:/usr/share/ant/lib/ant.jar:/usr/share/ant/lib/ant-junit.jar:/usr/share/ant/lib/ant-junit4.jar" />
    <property name="sun.java.command" value="org.apache.tools.ant.taskdefs.optional.junit.JUnitTestRunner com.fasterxml.jackson.core.util.JsonGeneratorDelegate_ESTest skipNonTests=false filtertrace=true haltOnError=false haltOnFailure=false formatter=org.apache.tools.ant.taskdefs.optional.junit.SummaryJUnitResultFormatter showoutput=false outputtoformatters=true logfailedtests=true threadid=0 logtestlistenerevents=false formatter=org.apache.tools.ant.taskdefs.optional.junit.XMLJUnitResultFormatter,/home/sepehr/masters/test_generation/evosuite_coverage/jacksonCore1f/target/test-reports/TEST-com.fasterxml.jackson.core.util.JsonGeneratorDelegate_ESTest.xml formatter=org.apache.tools.ant.taskdefs.optional.junit.PlainJUnitResultFormatter crashfile=/home/sepehr/masters/test_generation/evosuite_coverage/jacksonCore1f/junitvmwatcher5272300169557572044.properties propsfile=/home/sepehr/masters/test_generation/evosuite_coverage/jacksonCore1f/junit773954926809611762.properties" />
    <property name="project.name" value="jackson-core" />
    <property name="project.build.directory" value="target" />
    <property name="java.vm.specification.name" value="Java Virtual Machine Specification" />
    <property name="clover.snapshot.file" value="/home/sepehr/masters/test_generation/evosuite_coverage/jacksonCore1f/.cloverhistory/jackson-core/clover.snapshot" />
    <property name="ant.file.type" value="file" />
    <property name="java.vm.specification.version" value="1.8" />
    <property name="sun.os.patch.level" value="unknown" />
    <property name="packageVersion.package" value="com.fasterxml.jackson.core.json" />
    <property name="sun.cpu.endian" value="little" />
    <property name="java.io.tmpdir" value="/tmp" />
    <property name="junit.present" value="true" />
    <property name="project.title" value="jackson-core" />
    <property name="java.vendor.url.bug" value="http://bugreport.sun.com/bugreport/" />
    <property name="java.awt.graphicsenv" value="sun.awt.X11GraphicsEnvironment" />
    <property name="os.arch" value="amd64" />
    <property name="clover.jarpath" value="/home/sepehr/.ant/lib/clover.jar" />
    <property name="maven.build.testResourceDir.0" value="src/test/resources" />
    <property name="java.ext.dirs" value="/usr/lib/jvm/java-8-openjdk-amd64/jre/lib/ext:/usr/java/packages/lib/ext" />
    <property name="user.dir" value="/home/sepehr/masters/test_generation/evosuite_coverage/jacksonCore1f" />
    <property name="ant.file.jackson-core-from-maven" value="/home/sepehr/masters/test_generation/evosuite_coverage/jacksonCore1f/maven-build.xml" />
    <property name="osgi.private" value="" />
    <property name="line.separator" value="&#xa;" />
    <property name="java.vm.name" value="OpenJDK 64-Bit Server VM" />
    <property name="osgi.versionpolicy" value="${range;[===,=+);${@}}" />
    <property name="basedir" value="." />
    <property name="javadoc.maxmemory" value="1g" />
    <property name="ant.java.version" value="1.8" />
    <property name="osgi.import" value="*" />
    <property name="ant.core.lib" value="/usr/share/ant/lib/ant.jar" />
    <property name="file.encoding" value="UTF-8" />
    <property name="build.compiler" value="com.atlassian.clover.ant.taskdefs.CloverCompilerAdapter" />
    <property name="clover.historydir" value="/home/sepehr/masters/test_generation/evosuite_coverage/jacksonCore1f/.cloverhistory" />
    <property name="javac.target.version" value="1.6" />
    <property name="java.specification.version" value="1.8" />
    <property name="ant.project.invoked-targets" value="with.clover,test,clover.report" />
    <property name="osgi.dynamicImport" value="" />
    <property name="clover.flushpolicy" value="directed" />
  </properties>
  <testcase classname="com.fasterxml.jackson.core.util.JsonGeneratorDelegate_ESTest" name="test059" time="0.018" />
  <testcase classname="com.fasterxml.jackson.core.util.JsonGeneratorDelegate_ESTest" name="test058" time="0.008" />
  <testcase classname="com.fasterxml.jackson.core.util.JsonGeneratorDelegate_ESTest" name="test057" time="0.008" />
  <testcase classname="com.fasterxml.jackson.core.util.JsonGeneratorDelegate_ESTest" name="test067" time="0.01" />
  <testcase classname="com.fasterxml.jackson.core.util.JsonGeneratorDelegate_ESTest" name="test100" time="0.008" />
  <testcase classname="com.fasterxml.jackson.core.util.JsonGeneratorDelegate_ESTest" name="test066" time="0.006" />
  <testcase classname="com.fasterxml.jackson.core.util.JsonGeneratorDelegate_ESTest" name="test065" time="0.006" />
  <testcase classname="com.fasterxml.jackson.core.util.JsonGeneratorDelegate_ESTest" name="test064" time="0.007" />
  <testcase classname="com.fasterxml.jackson.core.util.JsonGeneratorDelegate_ESTest" name="test063" time="0.007" />
  <testcase classname="com.fasterxml.jackson.core.util.JsonGeneratorDelegate_ESTest" name="test062" time="0.004" />
  <testcase classname="com.fasterxml.jackson.core.util.JsonGeneratorDelegate_ESTest" name="test061" time="0.005" />
  <testcase classname="com.fasterxml.jackson.core.util.JsonGeneratorDelegate_ESTest" name="test060" time="0.005" />
  <testcase classname="com.fasterxml.jackson.core.util.JsonGeneratorDelegate_ESTest" name="test109" time="0.006" />
  <testcase classname="com.fasterxml.jackson.core.util.JsonGeneratorDelegate_ESTest" name="test108" time="0.005" />
  <testcase classname="com.fasterxml.jackson.core.util.JsonGeneratorDelegate_ESTest" name="test107" time="0.007" />
  <testcase classname="com.fasterxml.jackson.core.util.JsonGeneratorDelegate_ESTest" name="test106" time="0.014" />
  <testcase classname="com.fasterxml.jackson.core.util.JsonGeneratorDelegate_ESTest" name="test105" time="0.003" />
  <testcase classname="com.fasterxml.jackson.core.util.JsonGeneratorDelegate_ESTest" name="test104" time="0.003" />
  <testcase classname="com.fasterxml.jackson.core.util.JsonGeneratorDelegate_ESTest" name="test103" time="0.003" />
  <testcase classname="com.fasterxml.jackson.core.util.JsonGeneratorDelegate_ESTest" name="test069" time="0.004" />
  <testcase classname="com.fasterxml.jackson.core.util.JsonGeneratorDelegate_ESTest" name="test102" time="0.006" />
  <testcase classname="com.fasterxml.jackson.core.util.JsonGeneratorDelegate_ESTest" name="test068" time="0.006" />
  <testcase classname="com.fasterxml.jackson.core.util.JsonGeneratorDelegate_ESTest" name="test101" time="0.004" />
  <testcase classname="com.fasterxml.jackson.core.util.JsonGeneratorDelegate_ESTest" name="test078" time="0.003" />
  <testcase classname="com.fasterxml.jackson.core.util.JsonGeneratorDelegate_ESTest" name="test111" time="0.004" />
  <testcase classname="com.fasterxml.jackson.core.util.JsonGeneratorDelegate_ESTest" name="test077" time="0.003" />
  <testcase classname="com.fasterxml.jackson.core.util.JsonGeneratorDelegate_ESTest" name="test110" time="0.004" />
  <testcase classname="com.fasterxml.jackson.core.util.JsonGeneratorDelegate_ESTest" name="test076" time="0.003" />
  <testcase classname="com.fasterxml.jackson.core.util.JsonGeneratorDelegate_ESTest" name="test075" time="0.006" />
  <testcase classname="com.fasterxml.jackson.core.util.JsonGeneratorDelegate_ESTest" name="test074" time="0.003" />
  <testcase classname="com.fasterxml.jackson.core.util.JsonGeneratorDelegate_ESTest" name="test073" time="0.004" />
  <testcase classname="com.fasterxml.jackson.core.util.JsonGeneratorDelegate_ESTest" name="test072" time="0.003" />
  <testcase classname="com.fasterxml.jackson.core.util.JsonGeneratorDelegate_ESTest" name="test071" time="0.003" />
  <testcase classname="com.fasterxml.jackson.core.util.JsonGeneratorDelegate_ESTest" name="test070" time="0.005" />
  <testcase classname="com.fasterxml.jackson.core.util.JsonGeneratorDelegate_ESTest" name="test119" time="0.003" />
  <testcase classname="com.fasterxml.jackson.core.util.JsonGeneratorDelegate_ESTest" name="test118" time="0.004" />
  <testcase classname="com.fasterxml.jackson.core.util.JsonGeneratorDelegate_ESTest" name="test117" time="0.004" />
  <testcase classname="com.fasterxml.jackson.core.util.JsonGeneratorDelegate_ESTest" name="test116" time="0.006" />
  <testcase classname="com.fasterxml.jackson.core.util.JsonGeneratorDelegate_ESTest" name="test115" time="0.004" />
  <testcase classname="com.fasterxml.jackson.core.util.JsonGeneratorDelegate_ESTest" name="test114" time="0.004" />
  <testcase classname="com.fasterxml.jackson.core.util.JsonGeneratorDelegate_ESTest" name="test113" time="0.004" />
  <testcase classname="com.fasterxml.jackson.core.util.JsonGeneratorDelegate_ESTest" name="test079" time="0.004" />
  <testcase classname="com.fasterxml.jackson.core.util.JsonGeneratorDelegate_ESTest" name="test112" time="0.004" />
  <testcase classname="com.fasterxml.jackson.core.util.JsonGeneratorDelegate_ESTest" name="test001" time="0.003" />
  <testcase classname="com.fasterxml.jackson.core.util.JsonGeneratorDelegate_ESTest" name="test089" time="0.003" />
  <testcase classname="com.fasterxml.jackson.core.util.JsonGeneratorDelegate_ESTest" name="test122" time="0.003" />
  <testcase classname="com.fasterxml.jackson.core.util.JsonGeneratorDelegate_ESTest" name="test000" time="0.006" />
  <testcase classname="com.fasterxml.jackson.core.util.JsonGeneratorDelegate_ESTest" name="test088" time="0.002" />
  <testcase classname="com.fasterxml.jackson.core.util.JsonGeneratorDelegate_ESTest" name="test121" time="0.003" />
  <testcase classname="com.fasterxml.jackson.core.util.JsonGeneratorDelegate_ESTest" name="test087" time="0.002" />
  <testcase classname="com.fasterxml.jackson.core.util.JsonGeneratorDelegate_ESTest" name="test120" time="0.002" />
  <testcase classname="com.fasterxml.jackson.core.util.JsonGeneratorDelegate_ESTest" name="test086" time="0.006" />
  <testcase classname="com.fasterxml.jackson.core.util.JsonGeneratorDelegate_ESTest" name="test085" time="0.002" />
  <testcase classname="com.fasterxml.jackson.core.util.JsonGeneratorDelegate_ESTest" name="test084" time="0.002" />
  <testcase classname="com.fasterxml.jackson.core.util.JsonGeneratorDelegate_ESTest" name="test083" time="0.002" />
  <testcase classname="com.fasterxml.jackson.core.util.JsonGeneratorDelegate_ESTest" name="test082" time="0.005" />
  <testcase classname="com.fasterxml.jackson.core.util.JsonGeneratorDelegate_ESTest" name="test081" time="0.002" />
  <testcase classname="com.fasterxml.jackson.core.util.JsonGeneratorDelegate_ESTest" name="test080" time="0.005" />
  <testcase classname="com.fasterxml.jackson.core.util.JsonGeneratorDelegate_ESTest" name="test009" time="0.002" />
  <testcase classname="com.fasterxml.jackson.core.util.JsonGeneratorDelegate_ESTest" name="test008" time="0.004" />
  <testcase classname="com.fasterxml.jackson.core.util.JsonGeneratorDelegate_ESTest" name="test129" time="0.002" />
  <testcase classname="com.fasterxml.jackson.core.util.JsonGeneratorDelegate_ESTest" name="test007" time="0.002" />
  <testcase classname="com.fasterxml.jackson.core.util.JsonGeneratorDelegate_ESTest" name="test128" time="0.002" />
  <testcase classname="com.fasterxml.jackson.core.util.JsonGeneratorDelegate_ESTest" name="test006" time="0.002" />
  <testcase classname="com.fasterxml.jackson.core.util.JsonGeneratorDelegate_ESTest" name="test127" time="0.002" />
  <testcase classname="com.fasterxml.jackson.core.util.JsonGeneratorDelegate_ESTest" name="test005" time="0.001" />
  <testcase classname="com.fasterxml.jackson.core.util.JsonGeneratorDelegate_ESTest" name="test126" time="0.002" />
  <testcase classname="com.fasterxml.jackson.core.util.JsonGeneratorDelegate_ESTest" name="test004" time="0.002" />
  <testcase classname="com.fasterxml.jackson.core.util.JsonGeneratorDelegate_ESTest" name="test125" time="0.002" />
  <testcase classname="com.fasterxml.jackson.core.util.JsonGeneratorDelegate_ESTest" name="test003" time="0.002" />
  <testcase classname="com.fasterxml.jackson.core.util.JsonGeneratorDelegate_ESTest" name="test124" time="0.002" />
  <testcase classname="com.fasterxml.jackson.core.util.JsonGeneratorDelegate_ESTest" name="test002" time="0.001" />
  <testcase classname="com.fasterxml.jackson.core.util.JsonGeneratorDelegate_ESTest" name="test123" time="0.001" />
  <testcase classname="com.fasterxml.jackson.core.util.JsonGeneratorDelegate_ESTest" name="test012" time="0.002" />
  <testcase classname="com.fasterxml.jackson.core.util.JsonGeneratorDelegate_ESTest" name="test133" time="0.001" />
  <testcase classname="com.fasterxml.jackson.core.util.JsonGeneratorDelegate_ESTest" name="test011" time="0.002" />
  <testcase classname="com.fasterxml.jackson.core.util.JsonGeneratorDelegate_ESTest" name="test099" time="0.002" />
  <testcase classname="com.fasterxml.jackson.core.util.JsonGeneratorDelegate_ESTest" name="test132" time="0.002" />
  <testcase classname="com.fasterxml.jackson.core.util.JsonGeneratorDelegate_ESTest" name="test010" time="0.004" />
  <testcase classname="com.fasterxml.jackson.core.util.JsonGeneratorDelegate_ESTest" name="test098" time="0.002" />
  <testcase classname="com.fasterxml.jackson.core.util.JsonGeneratorDelegate_ESTest" name="test131" time="0.002" />
  <testcase classname="com.fasterxml.jackson.core.util.JsonGeneratorDelegate_ESTest" name="test097" time="0.002" />
  <testcase classname="com.fasterxml.jackson.core.util.JsonGeneratorDelegate_ESTest" name="test130" time="0.003" />
  <testcase classname="com.fasterxml.jackson.core.util.JsonGeneratorDelegate_ESTest" name="test096" time="0.002" />
  <testcase classname="com.fasterxml.jackson.core.util.JsonGeneratorDelegate_ESTest" name="test095" time="0.004" />
  <testcase classname="com.fasterxml.jackson.core.util.JsonGeneratorDelegate_ESTest" name="test094" time="0.018" />
  <testcase classname="com.fasterxml.jackson.core.util.JsonGeneratorDelegate_ESTest" name="test093" time="0.001" />
  <testcase classname="com.fasterxml.jackson.core.util.JsonGeneratorDelegate_ESTest" name="test092" time="0.001" />
  <testcase classname="com.fasterxml.jackson.core.util.JsonGeneratorDelegate_ESTest" name="test091" time="0.001" />
  <testcase classname="com.fasterxml.jackson.core.util.JsonGeneratorDelegate_ESTest" name="test090" time="0.001" />
  <testcase classname="com.fasterxml.jackson.core.util.JsonGeneratorDelegate_ESTest" name="test019" time="0.001" />
  <testcase classname="com.fasterxml.jackson.core.util.JsonGeneratorDelegate_ESTest" name="test018" time="0.003" />
  <testcase classname="com.fasterxml.jackson.core.util.JsonGeneratorDelegate_ESTest" name="test139" time="0.002" />
  <testcase classname="com.fasterxml.jackson.core.util.JsonGeneratorDelegate_ESTest" name="test017" time="0.002" />
  <testcase classname="com.fasterxml.jackson.core.util.JsonGeneratorDelegate_ESTest" name="test138" time="0.003" />
  <testcase classname="com.fasterxml.jackson.core.util.JsonGeneratorDelegate_ESTest" name="test016" time="0.002" />
  <testcase classname="com.fasterxml.jackson.core.util.JsonGeneratorDelegate_ESTest" name="test137" time="0.001" />
  <testcase classname="com.fasterxml.jackson.core.util.JsonGeneratorDelegate_ESTest" name="test015" time="0.001" />
  <testcase classname="com.fasterxml.jackson.core.util.JsonGeneratorDelegate_ESTest" name="test136" time="0.001" />
  <testcase classname="com.fasterxml.jackson.core.util.JsonGeneratorDelegate_ESTest" name="test014" time="0.001" />
  <testcase classname="com.fasterxml.jackson.core.util.JsonGeneratorDelegate_ESTest" name="test135" time="0.003" />
  <testcase classname="com.fasterxml.jackson.core.util.JsonGeneratorDelegate_ESTest" name="test013" time="0.002" />
  <testcase classname="com.fasterxml.jackson.core.util.JsonGeneratorDelegate_ESTest" name="test134" time="0.002" />
  <testcase classname="com.fasterxml.jackson.core.util.JsonGeneratorDelegate_ESTest" name="test023" time="0.001" />
  <testcase classname="com.fasterxml.jackson.core.util.JsonGeneratorDelegate_ESTest" name="test144" time="0.002" />
  <testcase classname="com.fasterxml.jackson.core.util.JsonGeneratorDelegate_ESTest" name="test022" time="0.001" />
  <testcase classname="com.fasterxml.jackson.core.util.JsonGeneratorDelegate_ESTest" name="test143" time="0.002" />
  <testcase classname="com.fasterxml.jackson.core.util.JsonGeneratorDelegate_ESTest" name="test021" time="0.001" />
  <testcase classname="com.fasterxml.jackson.core.util.JsonGeneratorDelegate_ESTest" name="test142" time="0.001" />
  <testcase classname="com.fasterxml.jackson.core.util.JsonGeneratorDelegate_ESTest" name="test020" time="0.002" />
  <testcase classname="com.fasterxml.jackson.core.util.JsonGeneratorDelegate_ESTest" name="test141" time="0.001" />
  <testcase classname="com.fasterxml.jackson.core.util.JsonGeneratorDelegate_ESTest" name="test140" time="0.001" />
  <testcase classname="com.fasterxml.jackson.core.util.JsonGeneratorDelegate_ESTest" name="test029" time="0.002" />
  <testcase classname="com.fasterxml.jackson.core.util.JsonGeneratorDelegate_ESTest" name="test028" time="0.001" />
  <testcase classname="com.fasterxml.jackson.core.util.JsonGeneratorDelegate_ESTest" name="test149" time="0.001" />
  <testcase classname="com.fasterxml.jackson.core.util.JsonGeneratorDelegate_ESTest" name="test027" time="0.001" />
  <testcase classname="com.fasterxml.jackson.core.util.JsonGeneratorDelegate_ESTest" name="test148" time="0.002" />
  <testcase classname="com.fasterxml.jackson.core.util.JsonGeneratorDelegate_ESTest" name="test026" time="0.001" />
  <testcase classname="com.fasterxml.jackson.core.util.JsonGeneratorDelegate_ESTest" name="test147" time="0.001" />
  <testcase classname="com.fasterxml.jackson.core.util.JsonGeneratorDelegate_ESTest" name="test025" time="0.002" />
  <testcase classname="com.fasterxml.jackson.core.util.JsonGeneratorDelegate_ESTest" name="test146" time="0.002" />
  <testcase classname="com.fasterxml.jackson.core.util.JsonGeneratorDelegate_ESTest" name="test024" time="0.001" />
  <testcase classname="com.fasterxml.jackson.core.util.JsonGeneratorDelegate_ESTest" name="test145" time="0.002" />
  <testcase classname="com.fasterxml.jackson.core.util.JsonGeneratorDelegate_ESTest" name="test034" time="0.001" />
  <testcase classname="com.fasterxml.jackson.core.util.JsonGeneratorDelegate_ESTest" name="test033" time="0.001" />
  <testcase classname="com.fasterxml.jackson.core.util.JsonGeneratorDelegate_ESTest" name="test032" time="0.003" />
  <testcase classname="com.fasterxml.jackson.core.util.JsonGeneratorDelegate_ESTest" name="test031" time="0.002" />
  <testcase classname="com.fasterxml.jackson.core.util.JsonGeneratorDelegate_ESTest" name="test152" time="0.002" />
  <testcase classname="com.fasterxml.jackson.core.util.JsonGeneratorDelegate_ESTest" name="test030" time="0.002" />
  <testcase classname="com.fasterxml.jackson.core.util.JsonGeneratorDelegate_ESTest" name="test151" time="0.002" />
  <testcase classname="com.fasterxml.jackson.core.util.JsonGeneratorDelegate_ESTest" name="test150" time="0.001" />
  <testcase classname="com.fasterxml.jackson.core.util.JsonGeneratorDelegate_ESTest" name="test039" time="0.001" />
  <testcase classname="com.fasterxml.jackson.core.util.JsonGeneratorDelegate_ESTest" name="test038" time="0.002" />
  <testcase classname="com.fasterxml.jackson.core.util.JsonGeneratorDelegate_ESTest" name="test037" time="0.001" />
  <testcase classname="com.fasterxml.jackson.core.util.JsonGeneratorDelegate_ESTest" name="test036" time="0.001" />
  <testcase classname="com.fasterxml.jackson.core.util.JsonGeneratorDelegate_ESTest" name="test035" time="0.002" />
  <testcase classname="com.fasterxml.jackson.core.util.JsonGeneratorDelegate_ESTest" name="test045" time="0.001" />
  <testcase classname="com.fasterxml.jackson.core.util.JsonGeneratorDelegate_ESTest" name="test044" time="0.002" />
  <testcase classname="com.fasterxml.jackson.core.util.JsonGeneratorDelegate_ESTest" name="test043" time="0.001" />
  <testcase classname="com.fasterxml.jackson.core.util.JsonGeneratorDelegate_ESTest" name="test042" time="0.005" />
  <testcase classname="com.fasterxml.jackson.core.util.JsonGeneratorDelegate_ESTest" name="test041" time="0.001" />
  <testcase classname="com.fasterxml.jackson.core.util.JsonGeneratorDelegate_ESTest" name="test040" time="0.001" />
  <testcase classname="com.fasterxml.jackson.core.util.JsonGeneratorDelegate_ESTest" name="test049" time="0.001" />
  <testcase classname="com.fasterxml.jackson.core.util.JsonGeneratorDelegate_ESTest" name="test048" time="0.002" />
  <testcase classname="com.fasterxml.jackson.core.util.JsonGeneratorDelegate_ESTest" name="test047" time="0.002" />
  <testcase classname="com.fasterxml.jackson.core.util.JsonGeneratorDelegate_ESTest" name="test046" time="0.002" />
  <testcase classname="com.fasterxml.jackson.core.util.JsonGeneratorDelegate_ESTest" name="test056" time="0.001" />
  <testcase classname="com.fasterxml.jackson.core.util.JsonGeneratorDelegate_ESTest" name="test055" time="0.002" />
  <testcase classname="com.fasterxml.jackson.core.util.JsonGeneratorDelegate_ESTest" name="test054" time="0.001" />
  <testcase classname="com.fasterxml.jackson.core.util.JsonGeneratorDelegate_ESTest" name="test053" time="0.001" />
  <testcase classname="com.fasterxml.jackson.core.util.JsonGeneratorDelegate_ESTest" name="test052" time="0.001" />
  <testcase classname="com.fasterxml.jackson.core.util.JsonGeneratorDelegate_ESTest" name="test051" time="0.001" />
  <testcase classname="com.fasterxml.jackson.core.util.JsonGeneratorDelegate_ESTest" name="test050" time="0.002" />
  <system-out><![CDATA[]]></system-out>
  <system-err><![CDATA[SLF4J: Failed to load class "org.slf4j.impl.StaticLoggerBinder".
SLF4J: Defaulting to no-operation (NOP) logger implementation
SLF4J: See http://www.slf4j.org/codes.html#StaticLoggerBinder for further details.
]]></system-err>
</testsuite>
