<?xml version="1.0" encoding="UTF-8" ?>
<testsuite errors="0" failures="0" hostname="sepehr-UX310UQK" name="com.fasterxml.jackson.core.JsonGenerator_ESTest" skipped="0" tests="99" time="1.079" timestamp="2023-02-05T08:24:10">
  <properties>
    <property name="java.vendor" value="Private Build" />
    <property name="sun.java.launcher" value="SUN_STANDARD" />
    <property name="sun.management.compiler" value="HotSpot 64-Bit Tiered Compilers" />
    <property name="maven.build.srcDir.0" value="src/main/java" />
    <property name="os.name" value="Linux" />
    <property name="clover.historical.json" value="true" />
    <property name="sun.boot.class.path" value="/usr/lib/jvm/java-8-openjdk-amd64/jre/lib/resources.jar:/usr/lib/jvm/java-8-openjdk-amd64/jre/lib/rt.jar:/usr/lib/jvm/java-8-openjdk-amd64/jre/lib/sunrsasign.jar:/usr/lib/jvm/java-8-openjdk-amd64/jre/lib/jsse.jar:/usr/lib/jvm/java-8-openjdk-amd64/jre/lib/jce.jar:/usr/lib/jvm/java-8-openjdk-amd64/jre/lib/charsets.jar:/usr/lib/jvm/java-8-openjdk-amd64/jre/lib/jfr.jar:/usr/lib/jvm/java-8-openjdk-amd64/jre/classes" />
    <property name="bundle.version" value="2.3.7" />
    <property name="maven.build.timestamp.format" value="yyyy-MM-dd HH:mm:ssZ" />
    <property name="sun.desktop" value="gnome" />
    <property name="java.vm.specification.vendor" value="Oracle Corporation" />
    <property name="ant.home" value="/usr/share/ant" />
    <property name="java.runtime.version" value="1.8.0_352-8u352-ga-1~20.04-b08" />
    <property name="maven.build.resourceDir.0" value="src/main/resources" />
    <property name="project.build.sourceEncoding" value="UTF-8" />
    <property name="clover.project.historydir" value="/home/sepehr/masters/test_generation/evosuite_coverage/jacksonCore1f/.cloverhistory/jackson-core" />
    <property name="clover.flushinterval" value="100" />
    <property name="ant.file.jackson-core" value="/home/sepehr/masters/test_generation/evosuite_coverage/jacksonCore1f/build.xml" />
    <property name="user.name" value="sepehr" />
    <property name="ant.file.type.jackson-core" value="file" />
    <property name="osgi.export" value="com.fasterxml.jackson.core;version=2.3.0-SNAPSHOT,&#xa;com.fasterxml.jackson.core.*;version=2.3.0-SNAPSHOT" />
    <property name="maven.build.outputDir" value="target/classes" />
    <property name="packageVersion.template.input" value="/tmp/initialize-revisions.pl_30279_1557252573/3f/src/main/java/com/fasterxml/jackson/core/json/PackageVersion.java.in" />
    <property name="maven.repo.local" value="/home/sepehr/.m2/repository" />
    <property name="osgi.requiredExecutionEnvironment" value="" />
    <property name="maven.build.finalName" value="jackson-core-2.3.0-SNAPSHOT" />
    <property name="javac.src.version" value="1.6" />
    <property name="maven.build.testDir.0" value="src/test/java" />
    <property name="user.language" value="en" />
    <property name="sun.boot.library.path" value="/usr/lib/jvm/java-8-openjdk-amd64/jre/lib/amd64" />
    <property name="ant.project.default-target" value="package" />
    <property name="maven.reporting.outputDirectory" value="target/site" />
    <property name="ant.project.name" value="jackson-core" />
    <property name="generatedSourcesDir" value="/tmp/initialize-revisions.pl_30279_1557252573/3f/target/generated-sources" />
    <property name="java.version" value="1.8.0_352" />
    <property name="user.timezone" value="" />
    <property name="ant.file.type.jackson-core-from-maven" value="file" />
    <property name="sun.arch.data.model" value="64" />
    <property name="java.endorsed.dirs" value="/usr/lib/jvm/java-8-openjdk-amd64/jre/lib/endorsed" />
    <property name="sun.cpu.isalist" value="" />
    <property name="sun.jnu.encoding" value="UTF-8" />
    <property name="file.encoding.pkg" value="sun.io" />
    <property name="file.separator" value="/" />
    <property name="java.specification.name" value="Java Platform API Specification" />
    <property name="clover.initstring" value="/home/sepehr/masters/test_generation/evosuite_coverage/jacksonCore1f/.clover/clover4_4_1.db" />
    <property name="java.class.version" value="52.0" />
    <property name="javadoc.version" value="2.8.1" />
    <property name="user.country" value="US" />
    <property name="java.home" value="/usr/lib/jvm/java-8-openjdk-amd64/jre" />
    <property name="packageVersion.template.output" value="/tmp/initialize-revisions.pl_30279_1557252573/3f/target/generated-sources/com/fasterxml/jackson/core/json/PackageVersion.java" />
    <property name="clover.dir" value="/home/sepehr/masters/test_generation/evosuite_coverage/jacksonCore1f/clover" />
    <property name="java.vm.info" value="mixed mode" />
    <property name="ant.file" value="/home/sepehr/masters/test_generation/evosuite_coverage/jacksonCore1f/build.xml" />
    <property name="os.version" value="5.15.0-58-generic" />
    <property name="maven.build.testOutputDir" value="target/test-classes" />
    <property name="project.reporting.outputEncoding" value="UTF-8" />
    <property name="replacer.version" value="1.5.2" />
    <property name="path.separator" value=":" />
    <property name="java.vm.version" value="25.352-b08" />
    <property name="maven.build.dir" value="target" />
    <property name="maven.test.reports" value="target/test-reports" />
    <property name="ant.library.dir" value="/usr/share/ant/lib" />
    <property name="surefire.version" value="2.12" />
    <property name="clover.jar" value="/home/sepehr/masters/test_generation/evosuite_coverage/jacksonCore1f/${clover.home}/clover.jar" />
    <property name="java.awt.printerjob" value="sun.print.PSPrinterJob" />
    <property name="sun.io.unicode.encoding" value="UnicodeLittle" />
    <property name="packageVersion.dir" value="com/fasterxml/jackson/core/json" />
    <property name="java.specification.maintenance.version" value="4" />
    <property name="awt.toolkit" value="sun.awt.X11.XToolkit" />
    <property name="project.build.outputDirectory" value="target/classes" />
    <property name="user.home" value="/home/sepehr" />
    <property name="java.specification.vendor" value="Oracle Corporation" />
    <property name="clover.span" value="1day" />
    <property name="clover.dest" value="/home/sepehr/masters/test_generation/evosuite_coverage/jacksonCore1f/clover/jackson-core" />
    <property name="java.vendor.url" value="http://java.oracle.com/" />
    <property name="java.library.path" value="/usr/java/packages/lib/amd64:/usr/lib/x86_64-linux-gnu/jni:/lib/x86_64-linux-gnu:/usr/lib/x86_64-linux-gnu:/usr/lib/jni:/lib:/usr/lib" />
    <property name="test.target" value="test" />
    <property name="maven.settings.offline" value="false" />
    <property name="project.build.resourceEncoding" value="UTF-8" />
    <property name="java.vm.vendor" value="Private Build" />
    <property name="maven.settings.interactiveMode" value="true" />
    <property name="java.runtime.name" value="OpenJDK Runtime Environment" />
    <property name="java.class.path" value="/usr/share/ant/lib/ant-launcher.jar:/home/sepehr/masters/test_generation/evosuite_coverage/jacksonCore1f/./target/classes/:/home/sepehr/masters/test_generation/evosuite_coverage/jacksonCore1f/./evosuite-tests/:/home/sepehr/masters/test_generation/evosuite_coverage/jacksonCore1f/./evosuite-standalone-runtime-1.0.6.jar:/home/sepehr/masters/test_generation/evosuite_coverage/jacksonCore1f/./junit-4.12.jar:/home/sepehr/masters/test_generation/evosuite_coverage/jacksonCore1f/hamcrest-core-1.3.jar:/home/sepehr/.ant/lib/evosuite-standalone-runtime-1.0.6.jar:/home/sepehr/.ant/lib/clover.jar:/home/sepehr/.ant/lib/evosuite-1.0.6.jar:/usr/share/ant/lib/ant-apache-bsf.jar:/usr/share/ant/lib/ant-testutil.jar:/usr/share/ant/lib/ant-swing.jar:/usr/share/ant/lib/ant-apache-resolver.jar:/usr/share/ant/lib/ant-jmf.jar:/usr/share/ant/lib/ant-jdepend.jar:/usr/share/ant/lib/ant-junit.jar:/usr/share/ant/lib/ant-jsch.jar:/usr/share/ant/lib/ant-launcher.jar:/usr/share/ant/lib/ant-apache-bcel.jar:/usr/share/ant/lib/ant-apache-xalan2.jar:/usr/share/ant/lib/ant.jar:/usr/share/ant/lib/ant-commons-net.jar:/usr/share/ant/lib/ant-apache-regexp.jar:/usr/share/ant/lib/ant-apache-oro.jar:/usr/share/ant/lib/ant-javamail.jar:/usr/share/ant/lib/ant-junit4.jar:/usr/share/ant/lib/ant-commons-logging.jar:/usr/share/ant/lib/ant-antlr.jar:/usr/share/ant/lib/ant-xz.jar:/usr/share/ant/lib/junit-4.12.jar:/usr/share/ant/lib/ant-apache-log4j.jar:/usr/lib/jvm/java-8-openjdk-amd64/lib/tools.jar" />
    <property name="sun.java.command" value="org.apache.tools.ant.launch.Launcher -cp ./target/classes:./evosuite-tests:./evosuite-standalone-runtime-1.0.6.jar:./junit-4.12.jar:hamcrest-core-1.3.jar with.clover test clover.report" />
    <property name="ant.version" value="Apache Ant(TM) version 1.10.7 compiled on October 24 2019" />
    <property name="project.name" value="jackson-core" />
    <property name="project.build.directory" value="target" />
    <property name="java.vm.specification.name" value="Java Virtual Machine Specification" />
    <property name="clover.snapshot.file" value="/home/sepehr/masters/test_generation/evosuite_coverage/jacksonCore1f/.cloverhistory/jackson-core/clover.snapshot" />
    <property name="ant.file.type" value="file" />
    <property name="java.vm.specification.version" value="1.8" />
    <property name="sun.os.patch.level" value="unknown" />
    <property name="packageVersion.package" value="com.fasterxml.jackson.core.json" />
    <property name="sun.cpu.endian" value="little" />
    <property name="java.io.tmpdir" value="/tmp" />
    <property name="junit.present" value="true" />
    <property name="project.title" value="jackson-core" />
    <property name="java.vendor.url.bug" value="http://bugreport.sun.com/bugreport/" />
    <property name="os.arch" value="amd64" />
    <property name="maven.build.testResourceDir.0" value="src/test/resources" />
    <property name="clover.jarpath" value="/home/sepehr/.ant/lib/clover.jar" />
    <property name="java.awt.graphicsenv" value="sun.awt.X11GraphicsEnvironment" />
    <property name="java.ext.dirs" value="/usr/lib/jvm/java-8-openjdk-amd64/jre/lib/ext:/usr/java/packages/lib/ext" />
    <property name="user.dir" value="/home/sepehr/masters/test_generation/evosuite_coverage/jacksonCore1f" />
    <property name="ant.file.jackson-core-from-maven" value="/home/sepehr/masters/test_generation/evosuite_coverage/jacksonCore1f/maven-build.xml" />
    <property name="osgi.private" value="" />
    <property name="line.separator" value="&#xa;" />
    <property name="osgi.versionpolicy" value="${range;[===,=+);${@}}" />
    <property name="java.vm.name" value="OpenJDK 64-Bit Server VM" />
    <property name="basedir" value="/home/sepehr/masters/test_generation/evosuite_coverage/jacksonCore1f" />
    <property name="javadoc.maxmemory" value="1g" />
    <property name="ant.java.version" value="1.8" />
    <property name="osgi.import" value="*" />
    <property name="ant.core.lib" value="/usr/share/ant/lib/ant.jar" />
    <property name="file.encoding" value="UTF-8" />
    <property name="build.compiler" value="com.atlassian.clover.ant.taskdefs.CloverCompilerAdapter" />
    <property name="clover.historydir" value="/home/sepehr/masters/test_generation/evosuite_coverage/jacksonCore1f/.cloverhistory" />
    <property name="javac.target.version" value="1.6" />
    <property name="java.specification.version" value="1.8" />
    <property name="ant.project.invoked-targets" value="with.clover,test,clover.report" />
    <property name="osgi.dynamicImport" value="" />
    <property name="clover.flushpolicy" value="directed" />
  </properties>
  <testcase classname="com.fasterxml.jackson.core.JsonGenerator_ESTest" name="test43" time="0.005" />
  <testcase classname="com.fasterxml.jackson.core.JsonGenerator_ESTest" name="test42" time="0.007" />
  <testcase classname="com.fasterxml.jackson.core.JsonGenerator_ESTest" name="test45" time="0.003" />
  <testcase classname="com.fasterxml.jackson.core.JsonGenerator_ESTest" name="test44" time="0.002" />
  <testcase classname="com.fasterxml.jackson.core.JsonGenerator_ESTest" name="test47" time="0.002" />
  <testcase classname="com.fasterxml.jackson.core.JsonGenerator_ESTest" name="test46" time="0.003" />
  <testcase classname="com.fasterxml.jackson.core.JsonGenerator_ESTest" name="test49" time="0.003" />
  <testcase classname="com.fasterxml.jackson.core.JsonGenerator_ESTest" name="test48" time="0.004" />
  <testcase classname="com.fasterxml.jackson.core.JsonGenerator_ESTest" name="test41" time="0.003" />
  <testcase classname="com.fasterxml.jackson.core.JsonGenerator_ESTest" name="test40" time="0.003" />
  <testcase classname="com.fasterxml.jackson.core.JsonGenerator_ESTest" name="test54" time="0.019" />
  <testcase classname="com.fasterxml.jackson.core.JsonGenerator_ESTest" name="test53" time="0.012" />
  <testcase classname="com.fasterxml.jackson.core.JsonGenerator_ESTest" name="test56" time="0.006" />
  <testcase classname="com.fasterxml.jackson.core.JsonGenerator_ESTest" name="test55" time="0.018" />
  <testcase classname="com.fasterxml.jackson.core.JsonGenerator_ESTest" name="test58" time="0.003" />
  <testcase classname="com.fasterxml.jackson.core.JsonGenerator_ESTest" name="test57" time="0.02" />
  <testcase classname="com.fasterxml.jackson.core.JsonGenerator_ESTest" name="test59" time="0.009" />
  <testcase classname="com.fasterxml.jackson.core.JsonGenerator_ESTest" name="test50" time="0.005" />
  <testcase classname="com.fasterxml.jackson.core.JsonGenerator_ESTest" name="test52" time="0.005" />
  <testcase classname="com.fasterxml.jackson.core.JsonGenerator_ESTest" name="test51" time="0.007" />
  <testcase classname="com.fasterxml.jackson.core.JsonGenerator_ESTest" name="test65" time="0.013" />
  <testcase classname="com.fasterxml.jackson.core.JsonGenerator_ESTest" name="test64" time="0.007" />
  <testcase classname="com.fasterxml.jackson.core.JsonGenerator_ESTest" name="test67" time="0.007" />
  <testcase classname="com.fasterxml.jackson.core.JsonGenerator_ESTest" name="test66" time="0.006" />
  <testcase classname="com.fasterxml.jackson.core.JsonGenerator_ESTest" name="test69" time="0.004" />
  <testcase classname="com.fasterxml.jackson.core.JsonGenerator_ESTest" name="test68" time="0.007" />
  <testcase classname="com.fasterxml.jackson.core.JsonGenerator_ESTest" name="test61" time="0.012" />
  <testcase classname="com.fasterxml.jackson.core.JsonGenerator_ESTest" name="test60" time="0.017" />
  <testcase classname="com.fasterxml.jackson.core.JsonGenerator_ESTest" name="test63" time="0.009" />
  <testcase classname="com.fasterxml.jackson.core.JsonGenerator_ESTest" name="test62" time="0.018" />
  <testcase classname="com.fasterxml.jackson.core.JsonGenerator_ESTest" name="test76" time="0.017" />
  <testcase classname="com.fasterxml.jackson.core.JsonGenerator_ESTest" name="test75" time="0.019" />
  <testcase classname="com.fasterxml.jackson.core.JsonGenerator_ESTest" name="test78" time="0.007" />
  <testcase classname="com.fasterxml.jackson.core.JsonGenerator_ESTest" name="test77" time="0.014" />
  <testcase classname="com.fasterxml.jackson.core.JsonGenerator_ESTest" name="test79" time="0.015" />
  <testcase classname="com.fasterxml.jackson.core.JsonGenerator_ESTest" name="test70" time="0.017" />
  <testcase classname="com.fasterxml.jackson.core.JsonGenerator_ESTest" name="test72" time="0.004" />
  <testcase classname="com.fasterxml.jackson.core.JsonGenerator_ESTest" name="test71" time="0.013" />
  <testcase classname="com.fasterxml.jackson.core.JsonGenerator_ESTest" name="test74" time="0.006" />
  <testcase classname="com.fasterxml.jackson.core.JsonGenerator_ESTest" name="test73" time="0.008" />
  <testcase classname="com.fasterxml.jackson.core.JsonGenerator_ESTest" name="test07" time="0.02" />
  <testcase classname="com.fasterxml.jackson.core.JsonGenerator_ESTest" name="test06" time="0.014" />
  <testcase classname="com.fasterxml.jackson.core.JsonGenerator_ESTest" name="test09" time="0.033" />
  <testcase classname="com.fasterxml.jackson.core.JsonGenerator_ESTest" name="test08" time="0.02" />
  <testcase classname="com.fasterxml.jackson.core.JsonGenerator_ESTest" name="test87" time="0.004" />
  <testcase classname="com.fasterxml.jackson.core.JsonGenerator_ESTest" name="test86" time="0.015" />
  <testcase classname="com.fasterxml.jackson.core.JsonGenerator_ESTest" name="test01" time="0.007" />
  <testcase classname="com.fasterxml.jackson.core.JsonGenerator_ESTest" name="test89" time="0.011" />
  <testcase classname="com.fasterxml.jackson.core.JsonGenerator_ESTest" name="test00" time="0.007" />
  <testcase classname="com.fasterxml.jackson.core.JsonGenerator_ESTest" name="test88" time="0.005" />
  <testcase classname="com.fasterxml.jackson.core.JsonGenerator_ESTest" name="test03" time="0.007" />
  <testcase classname="com.fasterxml.jackson.core.JsonGenerator_ESTest" name="test02" time="0.004" />
  <testcase classname="com.fasterxml.jackson.core.JsonGenerator_ESTest" name="test05" time="0.015" />
  <testcase classname="com.fasterxml.jackson.core.JsonGenerator_ESTest" name="test04" time="0.003" />
  <testcase classname="com.fasterxml.jackson.core.JsonGenerator_ESTest" name="test81" time="0.009" />
  <testcase classname="com.fasterxml.jackson.core.JsonGenerator_ESTest" name="test80" time="0.004" />
  <testcase classname="com.fasterxml.jackson.core.JsonGenerator_ESTest" name="test83" time="0.008" />
  <testcase classname="com.fasterxml.jackson.core.JsonGenerator_ESTest" name="test82" time="0.01" />
  <testcase classname="com.fasterxml.jackson.core.JsonGenerator_ESTest" name="test85" time="0.01" />
  <testcase classname="com.fasterxml.jackson.core.JsonGenerator_ESTest" name="test84" time="0.007" />
  <testcase classname="com.fasterxml.jackson.core.JsonGenerator_ESTest" name="test18" time="0.003" />
  <testcase classname="com.fasterxml.jackson.core.JsonGenerator_ESTest" name="test17" time="0.009" />
  <testcase classname="com.fasterxml.jackson.core.JsonGenerator_ESTest" name="test19" time="0.009" />
  <testcase classname="com.fasterxml.jackson.core.JsonGenerator_ESTest" name="test10" time="0.014" />
  <testcase classname="com.fasterxml.jackson.core.JsonGenerator_ESTest" name="test98" time="0.009" />
  <testcase classname="com.fasterxml.jackson.core.JsonGenerator_ESTest" name="test97" time="0.009" />
  <testcase classname="com.fasterxml.jackson.core.JsonGenerator_ESTest" name="test12" time="0.009" />
  <testcase classname="com.fasterxml.jackson.core.JsonGenerator_ESTest" name="test11" time="0.002" />
  <testcase classname="com.fasterxml.jackson.core.JsonGenerator_ESTest" name="test14" time="0.008" />
  <testcase classname="com.fasterxml.jackson.core.JsonGenerator_ESTest" name="test13" time="0.006" />
  <testcase classname="com.fasterxml.jackson.core.JsonGenerator_ESTest" name="test16" time="0.008" />
  <testcase classname="com.fasterxml.jackson.core.JsonGenerator_ESTest" name="test15" time="0.019" />
  <testcase classname="com.fasterxml.jackson.core.JsonGenerator_ESTest" name="test90" time="0.009" />
  <testcase classname="com.fasterxml.jackson.core.JsonGenerator_ESTest" name="test92" time="0.017" />
  <testcase classname="com.fasterxml.jackson.core.JsonGenerator_ESTest" name="test91" time="0.013" />
  <testcase classname="com.fasterxml.jackson.core.JsonGenerator_ESTest" name="test94" time="0.008" />
  <testcase classname="com.fasterxml.jackson.core.JsonGenerator_ESTest" name="test93" time="0.008" />
  <testcase classname="com.fasterxml.jackson.core.JsonGenerator_ESTest" name="test96" time="0.015" />
  <testcase classname="com.fasterxml.jackson.core.JsonGenerator_ESTest" name="test95" time="0.009" />
  <testcase classname="com.fasterxml.jackson.core.JsonGenerator_ESTest" name="test29" time="0.004" />
  <testcase classname="com.fasterxml.jackson.core.JsonGenerator_ESTest" name="test28" time="0.002" />
  <testcase classname="com.fasterxml.jackson.core.JsonGenerator_ESTest" name="test21" time="0.002" />
  <testcase classname="com.fasterxml.jackson.core.JsonGenerator_ESTest" name="test20" time="0.015" />
  <testcase classname="com.fasterxml.jackson.core.JsonGenerator_ESTest" name="test23" time="0.004" />
  <testcase classname="com.fasterxml.jackson.core.JsonGenerator_ESTest" name="test22" time="0.002" />
  <testcase classname="com.fasterxml.jackson.core.JsonGenerator_ESTest" name="test25" time="0.008" />
  <testcase classname="com.fasterxml.jackson.core.JsonGenerator_ESTest" name="test24" time="0.002" />
  <testcase classname="com.fasterxml.jackson.core.JsonGenerator_ESTest" name="test27" time="0.002" />
  <testcase classname="com.fasterxml.jackson.core.JsonGenerator_ESTest" name="test26" time="0.021" />
  <testcase classname="com.fasterxml.jackson.core.JsonGenerator_ESTest" name="test39" time="0.003" />
  <testcase classname="com.fasterxml.jackson.core.JsonGenerator_ESTest" name="test32" time="0.007" />
  <testcase classname="com.fasterxml.jackson.core.JsonGenerator_ESTest" name="test31" time="0.001" />
  <testcase classname="com.fasterxml.jackson.core.JsonGenerator_ESTest" name="test34" time="0.001" />
  <testcase classname="com.fasterxml.jackson.core.JsonGenerator_ESTest" name="test33" time="0.012" />
  <testcase classname="com.fasterxml.jackson.core.JsonGenerator_ESTest" name="test36" time="0.009" />
  <testcase classname="com.fasterxml.jackson.core.JsonGenerator_ESTest" name="test35" time="0.007" />
  <testcase classname="com.fasterxml.jackson.core.JsonGenerator_ESTest" name="test38" time="0.003" />
  <testcase classname="com.fasterxml.jackson.core.JsonGenerator_ESTest" name="test37" time="0.002" />
  <testcase classname="com.fasterxml.jackson.core.JsonGenerator_ESTest" name="test30" time="0.003" />
  <system-out><![CDATA[01:24:10.221 [main] INFO  o.e.r.instrumentation.EvoClassLoader - Seeing class for first time: com.fasterxml.jackson.core.JsonGenerator_ESTest
01:24:10.221 [main] INFO  o.e.r.instrumentation.EvoClassLoader - Instrumenting class 'com.fasterxml.jackson.core.JsonGenerator_ESTest'.
01:24:10.237 [main] INFO  o.e.r.instrumentation.EvoClassLoader - Seeing class for first time: com.fasterxml.jackson.core.JsonGenerator_ESTest_scaffolding
01:24:10.237 [main] INFO  o.e.r.instrumentation.EvoClassLoader - Instrumenting class 'com.fasterxml.jackson.core.JsonGenerator_ESTest_scaffolding'.
01:24:10.238 [main] INFO  o.e.r.instrumentation.EvoClassLoader - Keeping class: com.fasterxml.jackson.core.JsonGenerator_ESTest_scaffolding
01:24:10.238 [main] INFO  o.e.r.instrumentation.EvoClassLoader - Keeping class: com.fasterxml.jackson.core.JsonGenerator_ESTest
01:24:10.238 [main] INFO  o.e.r.instrumentation.EvoClassLoader - Seeing class for first time: com.fasterxml.jackson.core.JsonParser
01:24:10.238 [main] INFO  o.e.r.instrumentation.EvoClassLoader - Instrumenting class 'com.fasterxml.jackson.core.JsonParser'.
01:24:10.239 [main] INFO  o.e.r.i.MethodCallReplacementClassAdapter - Adding mock interface to class com/fasterxml/jackson/core/JsonParser
01:24:10.242 [main] INFO  o.e.r.i.CreateClassResetClassAdapter - Creating brand-new static initializer in class com/fasterxml/jackson/core/JsonParser
01:24:10.243 [main] INFO  o.e.r.i.CreateClassResetClassAdapter - Adding bytecode for initializing field MIN_BYTE_I
01:24:10.243 [main] INFO  o.e.r.i.CreateClassResetClassAdapter - Adding bytecode for initializing field MAX_BYTE_I
01:24:10.243 [main] INFO  o.e.r.i.CreateClassResetClassAdapter - Adding bytecode for initializing field MIN_SHORT_I
01:24:10.243 [main] INFO  o.e.r.i.CreateClassResetClassAdapter - Adding bytecode for initializing field MAX_SHORT_I
01:24:10.244 [main] INFO  o.e.r.instrumentation.EvoClassLoader - Seeing class for first time: com.fasterxml.jackson.core.Versioned
01:24:10.244 [main] INFO  o.e.r.instrumentation.EvoClassLoader - Instrumenting class 'com.fasterxml.jackson.core.Versioned'.
01:24:10.245 [main] INFO  o.e.r.instrumentation.EvoClassLoader - Keeping class: com.fasterxml.jackson.core.Versioned
01:24:10.245 [main] INFO  o.e.r.instrumentation.EvoClassLoader - Keeping class: com.fasterxml.jackson.core.JsonParser
01:24:10.245 [main] INFO  o.e.r.instrumentation.EvoClassLoader - Seeing class for first time: com.fasterxml.jackson.core.json.ReaderBasedJsonParser
01:24:10.245 [main] INFO  o.e.r.instrumentation.EvoClassLoader - Instrumenting class 'com.fasterxml.jackson.core.json.ReaderBasedJsonParser'.
01:24:10.246 [main] INFO  o.e.r.i.MethodCallReplacementClassAdapter - Adding mock interface to class com/fasterxml/jackson/core/json/ReaderBasedJsonParser
01:24:10.254 [main] INFO  o.e.r.i.CreateClassResetClassAdapter - Creating brand-new static initializer in class com/fasterxml/jackson/core/json/ReaderBasedJsonParser
01:24:10.255 [main] INFO  o.e.r.instrumentation.EvoClassLoader - Seeing class for first time: com.fasterxml.jackson.core.base.ParserBase
01:24:10.255 [main] INFO  o.e.r.instrumentation.EvoClassLoader - Instrumenting class 'com.fasterxml.jackson.core.base.ParserBase'.
01:24:10.256 [main] INFO  o.e.r.i.MethodCallReplacementClassAdapter - Adding mock interface to class com/fasterxml/jackson/core/base/ParserBase
01:24:10.260 [main] INFO  o.e.r.i.CreateClassResetClassAdapter - Found static initializer in class com/fasterxml/jackson/core/base/ParserBase
01:24:10.262 [main] INFO  o.e.r.instrumentation.EvoClassLoader - Seeing class for first time: com.fasterxml.jackson.core.base.ParserMinimalBase
01:24:10.262 [main] INFO  o.e.r.instrumentation.EvoClassLoader - Instrumenting class 'com.fasterxml.jackson.core.base.ParserMinimalBase'.
01:24:10.263 [main] INFO  o.e.r.i.MethodCallReplacementClassAdapter - Adding mock interface to class com/fasterxml/jackson/core/base/ParserMinimalBase
01:24:10.265 [main] INFO  o.e.r.i.CreateClassResetClassAdapter - Creating brand-new static initializer in class com/fasterxml/jackson/core/base/ParserMinimalBase
01:24:10.265 [main] INFO  o.e.r.i.CreateClassResetClassAdapter - Adding bytecode for initializing field INT_TAB
01:24:10.265 [main] INFO  o.e.r.i.CreateClassResetClassAdapter - Adding bytecode for initializing field INT_LF
01:24:10.265 [main] INFO  o.e.r.i.CreateClassResetClassAdapter - Adding bytecode for initializing field INT_CR
01:24:10.265 [main] INFO  o.e.r.i.CreateClassResetClassAdapter - Adding bytecode for initializing field INT_SPACE
01:24:10.265 [main] INFO  o.e.r.i.CreateClassResetClassAdapter - Adding bytecode for initializing field INT_LBRACKET
01:24:10.265 [main] INFO  o.e.r.i.CreateClassResetClassAdapter - Adding bytecode for initializing field INT_RBRACKET
01:24:10.265 [main] INFO  o.e.r.i.CreateClassResetClassAdapter - Adding bytecode for initializing field INT_LCURLY
01:24:10.265 [main] INFO  o.e.r.i.CreateClassResetClassAdapter - Adding bytecode for initializing field INT_RCURLY
01:24:10.265 [main] INFO  o.e.r.i.CreateClassResetClassAdapter - Adding bytecode for initializing field INT_QUOTE
01:24:10.265 [main] INFO  o.e.r.i.CreateClassResetClassAdapter - Adding bytecode for initializing field INT_BACKSLASH
01:24:10.265 [main] INFO  o.e.r.i.CreateClassResetClassAdapter - Adding bytecode for initializing field INT_SLASH
01:24:10.265 [main] INFO  o.e.r.i.CreateClassResetClassAdapter - Adding bytecode for initializing field INT_COLON
01:24:10.265 [main] INFO  o.e.r.i.CreateClassResetClassAdapter - Adding bytecode for initializing field INT_COMMA
01:24:10.265 [main] INFO  o.e.r.i.CreateClassResetClassAdapter - Adding bytecode for initializing field INT_ASTERISK
01:24:10.265 [main] INFO  o.e.r.i.CreateClassResetClassAdapter - Adding bytecode for initializing field INT_APOSTROPHE
01:24:10.265 [main] INFO  o.e.r.i.CreateClassResetClassAdapter - Adding bytecode for initializing field INT_b
01:24:10.265 [main] INFO  o.e.r.i.CreateClassResetClassAdapter - Adding bytecode for initializing field INT_f
01:24:10.265 [main] INFO  o.e.r.i.CreateClassResetClassAdapter - Adding bytecode for initializing field INT_n
01:24:10.265 [main] INFO  o.e.r.i.CreateClassResetClassAdapter - Adding bytecode for initializing field INT_r
01:24:10.265 [main] INFO  o.e.r.i.CreateClassResetClassAdapter - Adding bytecode for initializing field INT_t
01:24:10.265 [main] INFO  o.e.r.i.CreateClassResetClassAdapter - Adding bytecode for initializing field INT_u
01:24:10.266 [main] INFO  o.e.r.instrumentation.EvoClassLoader - Keeping class: com.fasterxml.jackson.core.base.ParserMinimalBase
01:24:10.266 [main] INFO  o.e.r.instrumentation.EvoClassLoader - Keeping class: com.fasterxml.jackson.core.base.ParserBase
01:24:10.266 [main] INFO  o.e.r.instrumentation.EvoClassLoader - Keeping class: com.fasterxml.jackson.core.json.ReaderBasedJsonParser
01:24:10.266 [main] INFO  o.e.r.instrumentation.EvoClassLoader - Seeing class for first time: com.fasterxml.jackson.core.util.ByteArrayBuilder
01:24:10.266 [main] INFO  o.e.r.instrumentation.EvoClassLoader - Instrumenting class 'com.fasterxml.jackson.core.util.ByteArrayBuilder'.
01:24:10.272 [main] INFO  o.e.r.i.MethodCallReplacementClassAdapter - Adding mock interface to class com/fasterxml/jackson/core/util/ByteArrayBuilder
01:24:10.277 [main] INFO  o.e.r.i.CreateClassResetClassAdapter - Found static initializer in class com/fasterxml/jackson/core/util/ByteArrayBuilder
01:24:10.277 [main] INFO  o.e.r.instrumentation.EvoClassLoader - Keeping class: com.fasterxml.jackson.core.util.ByteArrayBuilder
01:24:10.278 [main] INFO  o.e.r.instrumentation.EvoClassLoader - Seeing class for first time: com.fasterxml.jackson.core.JsonGenerator
01:24:10.278 [main] INFO  o.e.r.instrumentation.EvoClassLoader - Instrumenting class 'com.fasterxml.jackson.core.JsonGenerator'.
01:24:10.278 [main] INFO  o.e.r.i.MethodCallReplacementClassAdapter - Adding mock interface to class com/fasterxml/jackson/core/JsonGenerator
01:24:10.280 [main] INFO  o.e.r.i.CreateClassResetClassAdapter - Creating brand-new static initializer in class com/fasterxml/jackson/core/JsonGenerator
01:24:10.280 [main] INFO  o.e.r.instrumentation.EvoClassLoader - Keeping class: com.fasterxml.jackson.core.JsonGenerator
01:24:10.280 [main] INFO  o.e.r.instrumentation.EvoClassLoader - Seeing class for first time: com.fasterxml.jackson.core.json.WriterBasedJsonGenerator
01:24:10.280 [main] INFO  o.e.r.instrumentation.EvoClassLoader - Instrumenting class 'com.fasterxml.jackson.core.json.WriterBasedJsonGenerator'.
01:24:10.281 [main] INFO  o.e.r.i.MethodCallReplacementClassAdapter - Adding mock interface to class com/fasterxml/jackson/core/json/WriterBasedJsonGenerator
01:24:10.287 [main] INFO  o.e.r.i.CreateClassResetClassAdapter - Found static initializer in class com/fasterxml/jackson/core/json/WriterBasedJsonGenerator
01:24:10.292 [main] INFO  o.e.r.instrumentation.EvoClassLoader - Seeing class for first time: com.fasterxml.jackson.core.json.JsonGeneratorImpl
01:24:10.292 [main] INFO  o.e.r.instrumentation.EvoClassLoader - Instrumenting class 'com.fasterxml.jackson.core.json.JsonGeneratorImpl'.
01:24:10.292 [main] INFO  o.e.r.i.MethodCallReplacementClassAdapter - Adding mock interface to class com/fasterxml/jackson/core/json/JsonGeneratorImpl
01:24:10.293 [main] INFO  o.e.r.i.CreateClassResetClassAdapter - Found static initializer in class com/fasterxml/jackson/core/json/JsonGeneratorImpl
01:24:10.293 [main] INFO  o.e.r.instrumentation.EvoClassLoader - Seeing class for first time: com.fasterxml.jackson.core.base.GeneratorBase
01:24:10.293 [main] INFO  o.e.r.instrumentation.EvoClassLoader - Instrumenting class 'com.fasterxml.jackson.core.base.GeneratorBase'.
01:24:10.294 [main] INFO  o.e.r.i.MethodCallReplacementClassAdapter - Adding mock interface to class com/fasterxml/jackson/core/base/GeneratorBase
01:24:10.297 [main] INFO  o.e.r.i.CreateClassResetClassAdapter - Creating brand-new static initializer in class com/fasterxml/jackson/core/base/GeneratorBase
01:24:10.298 [main] INFO  o.e.r.instrumentation.EvoClassLoader - Keeping class: com.fasterxml.jackson.core.base.GeneratorBase
01:24:10.298 [main] INFO  o.e.r.instrumentation.EvoClassLoader - Keeping class: com.fasterxml.jackson.core.json.JsonGeneratorImpl
01:24:10.298 [main] INFO  o.e.r.instrumentation.EvoClassLoader - Keeping class: com.fasterxml.jackson.core.json.WriterBasedJsonGenerator
01:24:10.298 [main] INFO  o.e.r.instrumentation.EvoClassLoader - Seeing class for first time: com.fasterxml.jackson.core.SerializableString
01:24:10.298 [main] INFO  o.e.r.instrumentation.EvoClassLoader - Instrumenting class 'com.fasterxml.jackson.core.SerializableString'.
01:24:10.299 [main] INFO  o.e.r.instrumentation.EvoClassLoader - Keeping class: com.fasterxml.jackson.core.SerializableString
01:24:10.299 [main] INFO  o.e.r.instrumentation.EvoClassLoader - Seeing class for first time: com.fasterxml.jackson.core.PrettyPrinter
01:24:10.299 [main] INFO  o.e.r.instrumentation.EvoClassLoader - Instrumenting class 'com.fasterxml.jackson.core.PrettyPrinter'.
01:24:10.300 [main] INFO  o.e.r.instrumentation.EvoClassLoader - Keeping class: com.fasterxml.jackson.core.PrettyPrinter
01:24:10.300 [main] INFO  o.e.r.instrumentation.EvoClassLoader - Seeing class for first time: com.fasterxml.jackson.core.json.UTF8JsonGenerator
01:24:10.300 [main] INFO  o.e.r.instrumentation.EvoClassLoader - Instrumenting class 'com.fasterxml.jackson.core.json.UTF8JsonGenerator'.
01:24:10.301 [main] INFO  o.e.r.i.MethodCallReplacementClassAdapter - Adding mock interface to class com/fasterxml/jackson/core/json/UTF8JsonGenerator
01:24:10.306 [main] INFO  o.e.r.i.CreateClassResetClassAdapter - Found static initializer in class com/fasterxml/jackson/core/json/UTF8JsonGenerator
01:24:10.308 [main] INFO  o.e.r.instrumentation.EvoClassLoader - Keeping class: com.fasterxml.jackson.core.json.UTF8JsonGenerator
01:24:10.324 [main] DEBUG o.e.runtime.sandbox.MSecurityManager - Adding privileged thread: "Reference Handler"
01:24:10.324 [main] DEBUG o.e.runtime.sandbox.MSecurityManager - Adding privileged thread: "Finalizer"
01:24:10.324 [main] DEBUG o.e.runtime.sandbox.MSecurityManager - Adding privileged thread: "Signal Dispatcher"
01:24:10.324 [main] DEBUG o.e.runtime.sandbox.MSecurityManager - Adding privileged thread: "Keep-Alive-Timer"
01:24:10.324 [main] DEBUG o.e.runtime.sandbox.MSecurityManager - Adding privileged thread: "Java2D Disposer"
01:24:10.324 [main] DEBUG o.e.runtime.sandbox.MSecurityManager - Adding privileged thread: "AWT-XAWT"
01:24:10.324 [main] DEBUG o.e.runtime.sandbox.MSecurityManager - Adding privileged thread: "process reaper"
01:24:10.324 [main] DEBUG o.e.runtime.sandbox.MSecurityManager - Adding privileged thread: "main"
01:24:10.325 [main] INFO  o.e.r.instrumentation.EvoClassLoader - Seeing class for first time: com.fasterxml.jackson.core.JsonGenerationException
01:24:10.325 [main] INFO  o.e.r.instrumentation.EvoClassLoader - Instrumenting class 'com.fasterxml.jackson.core.JsonGenerationException'.
01:24:10.325 [main] INFO  o.e.r.i.MethodCallReplacementClassAdapter - Adding mock interface to class com/fasterxml/jackson/core/JsonGenerationException
01:24:10.325 [main] INFO  o.e.r.i.CreateClassResetClassAdapter - Creating brand-new static initializer in class com/fasterxml/jackson/core/JsonGenerationException
01:24:10.326 [main] INFO  o.e.r.instrumentation.EvoClassLoader - Seeing class for first time: com.fasterxml.jackson.core.JsonProcessingException
01:24:10.326 [main] INFO  o.e.r.instrumentation.EvoClassLoader - Instrumenting class 'com.fasterxml.jackson.core.JsonProcessingException'.
01:24:10.326 [main] INFO  o.e.r.i.MethodCallReplacementClassAdapter - Adding mock interface to class com/fasterxml/jackson/core/JsonProcessingException
01:24:10.328 [main] INFO  o.e.r.i.CreateClassResetClassAdapter - Creating brand-new static initializer in class com/fasterxml/jackson/core/JsonProcessingException
01:24:10.329 [main] INFO  o.e.r.instrumentation.EvoClassLoader - Keeping class: com.fasterxml.jackson.core.JsonProcessingException
01:24:10.329 [main] INFO  o.e.r.instrumentation.EvoClassLoader - Keeping class: com.fasterxml.jackson.core.JsonGenerationException
01:24:10.330 [main] INFO  o.e.r.instrumentation.EvoClassLoader - Seeing class for first time: com.fasterxml.jackson.core.JsonStreamContext
01:24:10.330 [main] INFO  o.e.r.instrumentation.EvoClassLoader - Instrumenting class 'com.fasterxml.jackson.core.JsonStreamContext'.
01:24:10.330 [main] INFO  o.e.r.i.MethodCallReplacementClassAdapter - Adding mock interface to class com/fasterxml/jackson/core/JsonStreamContext
01:24:10.330 [main] INFO  o.e.r.i.CreateClassResetClassAdapter - Creating brand-new static initializer in class com/fasterxml/jackson/core/JsonStreamContext
01:24:10.330 [main] INFO  o.e.r.i.CreateClassResetClassAdapter - Adding bytecode for initializing field TYPE_ROOT
01:24:10.330 [main] INFO  o.e.r.i.CreateClassResetClassAdapter - Adding bytecode for initializing field TYPE_ARRAY
01:24:10.330 [main] INFO  o.e.r.i.CreateClassResetClassAdapter - Adding bytecode for initializing field TYPE_OBJECT
01:24:10.331 [main] INFO  o.e.r.instrumentation.EvoClassLoader - Keeping class: com.fasterxml.jackson.core.JsonStreamContext
01:24:10.331 [main] INFO  o.e.r.instrumentation.EvoClassLoader - Seeing class for first time: com.fasterxml.jackson.core.json.JsonWriteContext
01:24:10.331 [main] INFO  o.e.r.instrumentation.EvoClassLoader - Instrumenting class 'com.fasterxml.jackson.core.json.JsonWriteContext'.
01:24:10.331 [main] INFO  o.e.r.i.MethodCallReplacementClassAdapter - Adding mock interface to class com/fasterxml/jackson/core/json/JsonWriteContext
01:24:10.332 [main] INFO  o.e.r.i.CreateClassResetClassAdapter - Creating brand-new static initializer in class com/fasterxml/jackson/core/json/JsonWriteContext
01:24:10.332 [main] INFO  o.e.r.i.CreateClassResetClassAdapter - Adding bytecode for initializing field STATUS_OK_AS_IS
01:24:10.332 [main] INFO  o.e.r.i.CreateClassResetClassAdapter - Adding bytecode for initializing field STATUS_OK_AFTER_COMMA
01:24:10.332 [main] INFO  o.e.r.i.CreateClassResetClassAdapter - Adding bytecode for initializing field STATUS_OK_AFTER_COLON
01:24:10.332 [main] INFO  o.e.r.i.CreateClassResetClassAdapter - Adding bytecode for initializing field STATUS_OK_AFTER_SPACE
01:24:10.332 [main] INFO  o.e.r.i.CreateClassResetClassAdapter - Adding bytecode for initializing field STATUS_EXPECT_VALUE
01:24:10.332 [main] INFO  o.e.r.i.CreateClassResetClassAdapter - Adding bytecode for initializing field STATUS_EXPECT_NAME
01:24:10.332 [main] INFO  o.e.r.instrumentation.EvoClassLoader - Keeping class: com.fasterxml.jackson.core.json.JsonWriteContext
01:24:10.332 [main] INFO  o.e.r.instrumentation.EvoClassLoader - Seeing class for first time: com.fasterxml.jackson.core.util.JsonParserSequence
01:24:10.332 [main] INFO  o.e.r.instrumentation.EvoClassLoader - Instrumenting class 'com.fasterxml.jackson.core.util.JsonParserSequence'.
01:24:10.333 [main] INFO  o.e.r.i.MethodCallReplacementClassAdapter - Adding mock interface to class com/fasterxml/jackson/core/util/JsonParserSequence
01:24:10.333 [main] INFO  o.e.r.i.CreateClassResetClassAdapter - Creating brand-new static initializer in class com/fasterxml/jackson/core/util/JsonParserSequence
01:24:10.333 [main] INFO  o.e.r.instrumentation.EvoClassLoader - Seeing class for first time: com.fasterxml.jackson.core.util.JsonParserDelegate
01:24:10.333 [main] INFO  o.e.r.instrumentation.EvoClassLoader - Instrumenting class 'com.fasterxml.jackson.core.util.JsonParserDelegate'.
01:24:10.334 [main] INFO  o.e.r.i.MethodCallReplacementClassAdapter - Adding mock interface to class com/fasterxml/jackson/core/util/JsonParserDelegate
01:24:10.335 [main] INFO  o.e.r.i.CreateClassResetClassAdapter - Creating brand-new static initializer in class com/fasterxml/jackson/core/util/JsonParserDelegate
01:24:10.335 [main] INFO  o.e.r.instrumentation.EvoClassLoader - Keeping class: com.fasterxml.jackson.core.util.JsonParserDelegate
01:24:10.335 [main] INFO  o.e.r.instrumentation.EvoClassLoader - Keeping class: com.fasterxml.jackson.core.util.JsonParserSequence
01:24:10.335 [main] INFO  o.e.r.instrumentation.EvoClassLoader - Seeing class for first time: com.fasterxml.jackson.core.JsonParseException
01:24:10.335 [main] INFO  o.e.r.instrumentation.EvoClassLoader - Instrumenting class 'com.fasterxml.jackson.core.JsonParseException'.
01:24:10.336 [main] INFO  o.e.r.i.MethodCallReplacementClassAdapter - Adding mock interface to class com/fasterxml/jackson/core/JsonParseException
01:24:10.336 [main] INFO  o.e.r.i.CreateClassResetClassAdapter - Creating brand-new static initializer in class com/fasterxml/jackson/core/JsonParseException
01:24:10.336 [main] INFO  o.e.r.instrumentation.EvoClassLoader - Keeping class: com.fasterxml.jackson.core.JsonParseException
01:24:10.337 [main] INFO  o.e.r.instrumentation.EvoClassLoader - Seeing class for first time: com.fasterxml.jackson.core.JsonParser$NumberType
01:24:10.337 [main] INFO  o.e.r.instrumentation.EvoClassLoader - Instrumenting class 'com.fasterxml.jackson.core.JsonParser$NumberType'.
01:24:10.338 [main] INFO  o.e.r.i.MethodCallReplacementClassAdapter - Adding mock interface to class com/fasterxml/jackson/core/JsonParser$NumberType
01:24:10.338 [main] INFO  o.e.r.i.CreateClassResetClassAdapter - Found static initializer in class com/fasterxml/jackson/core/JsonParser$NumberType
01:24:10.338 [main] INFO  o.e.r.instrumentation.EvoClassLoader - Keeping class: com.fasterxml.jackson.core.JsonParser$NumberType
01:24:10.338 [main] INFO  o.e.r.instrumentation.EvoClassLoader - Seeing class for first time: com.fasterxml.jackson.core.util.DefaultPrettyPrinter$NopIndenter
01:24:10.338 [main] INFO  o.e.r.instrumentation.EvoClassLoader - Instrumenting class 'com.fasterxml.jackson.core.util.DefaultPrettyPrinter$NopIndenter'.
01:24:10.340 [main] INFO  o.e.r.i.MethodCallReplacementClassAdapter - Adding mock interface to class com/fasterxml/jackson/core/util/DefaultPrettyPrinter$NopIndenter
01:24:10.340 [main] INFO  o.e.r.i.CreateClassResetClassAdapter - Found static initializer in class com/fasterxml/jackson/core/util/DefaultPrettyPrinter$NopIndenter
01:24:10.340 [main] INFO  o.e.r.instrumentation.EvoClassLoader - Seeing class for first time: com.fasterxml.jackson.core.util.DefaultPrettyPrinter$Indenter
01:24:10.340 [main] INFO  o.e.r.instrumentation.EvoClassLoader - Instrumenting class 'com.fasterxml.jackson.core.util.DefaultPrettyPrinter$Indenter'.
01:24:10.341 [main] INFO  o.e.r.instrumentation.EvoClassLoader - Keeping class: com.fasterxml.jackson.core.util.DefaultPrettyPrinter$Indenter
01:24:10.341 [main] INFO  o.e.r.instrumentation.EvoClassLoader - Keeping class: com.fasterxml.jackson.core.util.DefaultPrettyPrinter$NopIndenter
01:24:10.341 [main] INFO  o.e.r.instrumentation.EvoClassLoader - Seeing class for first time: com.fasterxml.jackson.core.io.CharTypes
01:24:10.341 [main] INFO  o.e.r.instrumentation.EvoClassLoader - Instrumenting class 'com.fasterxml.jackson.core.io.CharTypes'.
01:24:10.342 [main] INFO  o.e.r.i.MethodCallReplacementClassAdapter - Adding mock interface to class com/fasterxml/jackson/core/io/CharTypes
01:24:10.342 [main] INFO  o.e.r.i.CreateClassResetClassAdapter - Found static initializer in class com/fasterxml/jackson/core/io/CharTypes
01:24:10.343 [main] INFO  o.e.r.instrumentation.EvoClassLoader - Defined package (3): package com.fasterxml.jackson.core.io, -12787315
01:24:10.343 [main] INFO  o.e.r.instrumentation.EvoClassLoader - Keeping class: com.fasterxml.jackson.core.io.CharTypes
01:24:10.346 [main] INFO  o.e.r.instrumentation.EvoClassLoader - Seeing class for first time: com.fasterxml.jackson.core.util.MinimalPrettyPrinter
01:24:10.346 [main] INFO  o.e.r.instrumentation.EvoClassLoader - Instrumenting class 'com.fasterxml.jackson.core.util.MinimalPrettyPrinter'.
01:24:10.347 [main] INFO  o.e.r.i.MethodCallReplacementClassAdapter - Adding mock interface to class com/fasterxml/jackson/core/util/MinimalPrettyPrinter
01:24:10.347 [main] INFO  o.e.r.i.CreateClassResetClassAdapter - Creating brand-new static initializer in class com/fasterxml/jackson/core/util/MinimalPrettyPrinter
01:24:10.347 [main] INFO  o.e.r.i.CreateClassResetClassAdapter - Adding bytecode for initializing field DEFAULT_ROOT_VALUE_SEPARATOR
01:24:10.347 [main] INFO  o.e.r.instrumentation.EvoClassLoader - Keeping class: com.fasterxml.jackson.core.util.MinimalPrettyPrinter
01:24:10.348 [main] INFO  o.e.r.instrumentation.EvoClassLoader - Seeing class for first time: com.fasterxml.jackson.core.sym.CharsToNameCanonicalizer
01:24:10.348 [main] INFO  o.e.r.instrumentation.EvoClassLoader - Instrumenting class 'com.fasterxml.jackson.core.sym.CharsToNameCanonicalizer'.
01:24:10.348 [main] INFO  o.e.r.i.MethodCallReplacementClassAdapter - Adding mock interface to class com/fasterxml/jackson/core/sym/CharsToNameCanonicalizer
01:24:10.351 [main] INFO  o.e.r.i.CreateClassResetClassAdapter - Found static initializer in class com/fasterxml/jackson/core/sym/CharsToNameCanonicalizer
01:24:10.352 [main] INFO  o.e.r.instrumentation.EvoClassLoader - Defined package (3): package com.fasterxml.jackson.core.sym, -396396736
01:24:10.352 [main] INFO  o.e.r.instrumentation.EvoClassLoader - Keeping class: com.fasterxml.jackson.core.sym.CharsToNameCanonicalizer
01:24:10.353 [main] INFO  o.e.r.instrumentation.EvoClassLoader - Seeing class for first time: com.fasterxml.jackson.core.sym.CharsToNameCanonicalizer$Bucket
01:24:10.353 [main] INFO  o.e.r.instrumentation.EvoClassLoader - Instrumenting class 'com.fasterxml.jackson.core.sym.CharsToNameCanonicalizer$Bucket'.
01:24:10.353 [main] INFO  o.e.r.i.MethodCallReplacementClassAdapter - Adding mock interface to class com/fasterxml/jackson/core/sym/CharsToNameCanonicalizer$Bucket
01:24:10.354 [main] INFO  o.e.r.i.CreateClassResetClassAdapter - Creating brand-new static initializer in class com/fasterxml/jackson/core/sym/CharsToNameCanonicalizer$Bucket
01:24:10.354 [main] INFO  o.e.r.instrumentation.EvoClassLoader - Keeping class: com.fasterxml.jackson.core.sym.CharsToNameCanonicalizer$Bucket
01:24:10.354 [main] INFO  o.e.r.instrumentation.EvoClassLoader - Seeing class for first time: com.fasterxml.jackson.core.json.ReaderBasedJsonParser$1
01:24:10.354 [main] INFO  o.e.r.instrumentation.EvoClassLoader - Instrumenting class 'com.fasterxml.jackson.core.json.ReaderBasedJsonParser$1'.
01:24:10.355 [main] INFO  o.e.r.i.MethodCallReplacementClassAdapter - Adding mock interface to class com/fasterxml/jackson/core/json/ReaderBasedJsonParser$1
01:24:10.356 [main] INFO  o.e.r.instrumentation.EvoClassLoader - Keeping class: com.fasterxml.jackson.core.json.ReaderBasedJsonParser$1
01:24:10.356 [main] INFO  o.e.r.instrumentation.EvoClassLoader - Seeing class for first time: com.fasterxml.jackson.core.JsonToken
01:24:10.356 [main] INFO  o.e.r.instrumentation.EvoClassLoader - Instrumenting class 'com.fasterxml.jackson.core.JsonToken'.
01:24:10.356 [main] INFO  o.e.r.i.MethodCallReplacementClassAdapter - Adding mock interface to class com/fasterxml/jackson/core/JsonToken
01:24:10.357 [main] INFO  o.e.r.i.CreateClassResetClassAdapter - Found static initializer in class com/fasterxml/jackson/core/JsonToken
01:24:10.357 [main] INFO  o.e.r.instrumentation.EvoClassLoader - Keeping class: com.fasterxml.jackson.core.JsonToken
01:24:10.358 [main] INFO  o.e.r.instrumentation.EvoClassLoader - Seeing class for first time: com.fasterxml.jackson.core.util.BufferRecycler$CharBufferType
01:24:10.358 [main] INFO  o.e.r.instrumentation.EvoClassLoader - Instrumenting class 'com.fasterxml.jackson.core.util.BufferRecycler$CharBufferType'.
01:24:10.358 [main] INFO  o.e.r.i.MethodCallReplacementClassAdapter - Adding mock interface to class com/fasterxml/jackson/core/util/BufferRecycler$CharBufferType
01:24:10.358 [main] INFO  o.e.r.i.CreateClassResetClassAdapter - Found static initializer in class com/fasterxml/jackson/core/util/BufferRecycler$CharBufferType
01:24:10.358 [main] INFO  o.e.r.instrumentation.EvoClassLoader - Keeping class: com.fasterxml.jackson.core.util.BufferRecycler$CharBufferType
01:24:10.359 [main] INFO  o.e.r.instrumentation.EvoClassLoader - Seeing class for first time: com.fasterxml.jackson.core.sym.Name1
01:24:10.359 [main] INFO  o.e.r.instrumentation.EvoClassLoader - Instrumenting class 'com.fasterxml.jackson.core.sym.Name1'.
01:24:10.359 [main] INFO  o.e.r.i.MethodCallReplacementClassAdapter - Adding mock interface to class com/fasterxml/jackson/core/sym/Name1
01:24:10.359 [main] INFO  o.e.r.i.CreateClassResetClassAdapter - Found static initializer in class com/fasterxml/jackson/core/sym/Name1
01:24:10.360 [main] INFO  o.e.r.instrumentation.EvoClassLoader - Seeing class for first time: com.fasterxml.jackson.core.sym.Name
01:24:10.360 [main] INFO  o.e.r.instrumentation.EvoClassLoader - Instrumenting class 'com.fasterxml.jackson.core.sym.Name'.
01:24:10.360 [main] INFO  o.e.r.i.MethodCallReplacementClassAdapter - Adding mock interface to class com/fasterxml/jackson/core/sym/Name
01:24:10.360 [main] INFO  o.e.r.i.CreateClassResetClassAdapter - Creating brand-new static initializer in class com/fasterxml/jackson/core/sym/Name
01:24:10.361 [main] INFO  o.e.r.instrumentation.EvoClassLoader - Keeping class: com.fasterxml.jackson.core.sym.Name
01:24:10.361 [main] INFO  o.e.r.instrumentation.EvoClassLoader - Keeping class: com.fasterxml.jackson.core.sym.Name1
01:24:10.361 [main] INFO  o.e.r.instrumentation.EvoClassLoader - Seeing class for first time: com.fasterxml.jackson.core.sym.Name2
01:24:10.361 [main] INFO  o.e.r.instrumentation.EvoClassLoader - Instrumenting class 'com.fasterxml.jackson.core.sym.Name2'.
01:24:10.361 [main] INFO  o.e.r.i.MethodCallReplacementClassAdapter - Adding mock interface to class com/fasterxml/jackson/core/sym/Name2
01:24:10.363 [main] INFO  o.e.r.i.CreateClassResetClassAdapter - Creating brand-new static initializer in class com/fasterxml/jackson/core/sym/Name2
01:24:10.363 [main] INFO  o.e.r.instrumentation.EvoClassLoader - Keeping class: com.fasterxml.jackson.core.sym.Name2
01:24:10.363 [main] INFO  o.e.r.instrumentation.EvoClassLoader - Seeing class for first time: com.fasterxml.jackson.core.sym.Name3
01:24:10.363 [main] INFO  o.e.r.instrumentation.EvoClassLoader - Instrumenting class 'com.fasterxml.jackson.core.sym.Name3'.
01:24:10.364 [main] INFO  o.e.r.i.MethodCallReplacementClassAdapter - Adding mock interface to class com/fasterxml/jackson/core/sym/Name3
01:24:10.365 [main] INFO  o.e.r.i.CreateClassResetClassAdapter - Creating brand-new static initializer in class com/fasterxml/jackson/core/sym/Name3
01:24:10.365 [main] INFO  o.e.r.instrumentation.EvoClassLoader - Keeping class: com.fasterxml.jackson.core.sym.Name3
01:24:10.365 [main] INFO  o.e.r.instrumentation.EvoClassLoader - Seeing class for first time: com.fasterxml.jackson.core.io.NumberOutput
01:24:10.365 [main] INFO  o.e.r.instrumentation.EvoClassLoader - Instrumenting class 'com.fasterxml.jackson.core.io.NumberOutput'.
01:24:10.366 [main] INFO  o.e.r.i.MethodCallReplacementClassAdapter - Adding mock interface to class com/fasterxml/jackson/core/io/NumberOutput
01:24:10.367 [main] INFO  o.e.r.i.CreateClassResetClassAdapter - Found static initializer in class com/fasterxml/jackson/core/io/NumberOutput
01:24:10.368 [main] INFO  o.e.r.instrumentation.EvoClassLoader - Keeping class: com.fasterxml.jackson.core.io.NumberOutput
01:24:10.382 [main] INFO  o.e.r.instrumentation.EvoClassLoader - Seeing class for first time: com.fasterxml.jackson.core.type.TypeReference
01:24:10.382 [main] INFO  o.e.r.instrumentation.EvoClassLoader - Instrumenting class 'com.fasterxml.jackson.core.type.TypeReference'.
01:24:10.383 [main] INFO  o.e.r.i.MethodCallReplacementClassAdapter - Adding mock interface to class com/fasterxml/jackson/core/type/TypeReference
01:24:10.384 [main] INFO  o.e.r.i.CreateClassResetClassAdapter - Creating brand-new static initializer in class com/fasterxml/jackson/core/type/TypeReference
01:24:10.384 [main] INFO  o.e.r.instrumentation.EvoClassLoader - Defined package (3): package com.fasterxml.jackson.core.type, 596633057
01:24:10.384 [main] INFO  o.e.r.instrumentation.EvoClassLoader - Keeping class: com.fasterxml.jackson.core.type.TypeReference
01:24:10.385 [main] INFO  o.e.r.instrumentation.EvoClassLoader - Seeing class for first time: com.fasterxml.jackson.core.sym.BytesToNameCanonicalizer$TableInfo
01:24:10.385 [main] INFO  o.e.r.instrumentation.EvoClassLoader - Instrumenting class 'com.fasterxml.jackson.core.sym.BytesToNameCanonicalizer$TableInfo'.
01:24:10.385 [main] INFO  o.e.r.i.MethodCallReplacementClassAdapter - Adding mock interface to class com/fasterxml/jackson/core/sym/BytesToNameCanonicalizer$TableInfo
01:24:10.386 [main] INFO  o.e.r.i.CreateClassResetClassAdapter - Creating brand-new static initializer in class com/fasterxml/jackson/core/sym/BytesToNameCanonicalizer$TableInfo
01:24:10.386 [main] INFO  o.e.r.instrumentation.EvoClassLoader - Keeping class: com.fasterxml.jackson.core.sym.BytesToNameCanonicalizer$TableInfo
01:24:10.386 [main] INFO  o.e.r.instrumentation.EvoClassLoader - Seeing class for first time: com.fasterxml.jackson.core.io.JsonStringEncoder
01:24:10.386 [main] INFO  o.e.r.instrumentation.EvoClassLoader - Instrumenting class 'com.fasterxml.jackson.core.io.JsonStringEncoder'.
01:24:10.387 [main] INFO  o.e.r.i.MethodCallReplacementClassAdapter - Adding mock interface to class com/fasterxml/jackson/core/io/JsonStringEncoder
01:24:10.389 [main] INFO  o.e.r.i.CreateClassResetClassAdapter - Found static initializer in class com/fasterxml/jackson/core/io/JsonStringEncoder
01:24:10.389 [main] INFO  o.e.r.instrumentation.EvoClassLoader - Keeping class: com.fasterxml.jackson.core.io.JsonStringEncoder
01:24:10.390 [main] INFO  o.e.r.instrumentation.EvoClassLoader - Seeing class for first time: com.fasterxml.jackson.core.io.UTF8Writer
01:24:10.390 [main] INFO  o.e.r.instrumentation.EvoClassLoader - Instrumenting class 'com.fasterxml.jackson.core.io.UTF8Writer'.
01:24:10.390 [main] INFO  o.e.r.i.MethodCallReplacementClassAdapter - Adding mock interface to class com/fasterxml/jackson/core/io/UTF8Writer
01:24:10.392 [main] INFO  o.e.r.i.CreateClassResetClassAdapter - Creating brand-new static initializer in class com/fasterxml/jackson/core/io/UTF8Writer
01:24:10.392 [main] INFO  o.e.r.i.CreateClassResetClassAdapter - Adding bytecode for initializing field SURR1_FIRST
01:24:10.393 [main] INFO  o.e.r.i.CreateClassResetClassAdapter - Adding bytecode for initializing field SURR1_LAST
01:24:10.393 [main] INFO  o.e.r.i.CreateClassResetClassAdapter - Adding bytecode for initializing field SURR2_FIRST
01:24:10.393 [main] INFO  o.e.r.i.CreateClassResetClassAdapter - Adding bytecode for initializing field SURR2_LAST
01:24:10.393 [main] INFO  o.e.r.instrumentation.EvoClassLoader - Keeping class: com.fasterxml.jackson.core.io.UTF8Writer
01:24:10.394 [main] INFO  o.e.r.instrumentation.EvoClassLoader - Seeing class for first time: com.fasterxml.jackson.core.Version
01:24:10.394 [main] INFO  o.e.r.instrumentation.EvoClassLoader - Instrumenting class 'com.fasterxml.jackson.core.Version'.
01:24:10.394 [main] INFO  o.e.r.i.MethodCallReplacementClassAdapter - Adding mock interface to class com/fasterxml/jackson/core/Version
01:24:10.395 [main] INFO  o.e.r.i.CreateClassResetClassAdapter - Found static initializer in class com/fasterxml/jackson/core/Version
01:24:10.395 [main] INFO  o.e.r.instrumentation.EvoClassLoader - Keeping class: com.fasterxml.jackson.core.Version
01:24:10.396 [main] INFO  o.e.r.instrumentation.EvoClassLoader - Seeing class for first time: com.fasterxml.jackson.core.util.VersionUtil
01:24:10.396 [main] INFO  o.e.r.instrumentation.EvoClassLoader - Instrumenting class 'com.fasterxml.jackson.core.util.VersionUtil'.
01:24:10.396 [main] INFO  o.e.r.i.MethodCallReplacementClassAdapter - Adding mock interface to class com/fasterxml/jackson/core/util/VersionUtil
01:24:10.400 [main] INFO  o.e.r.i.CreateClassResetClassAdapter - Found static initializer in class com/fasterxml/jackson/core/util/VersionUtil
01:24:10.400 [main] INFO  o.e.r.instrumentation.EvoClassLoader - Keeping class: com.fasterxml.jackson.core.util.VersionUtil
01:24:10.401 [main] INFO  o.e.r.instrumentation.EvoClassLoader - Seeing class for first time: com.fasterxml.jackson.core.format.InputAccessor
01:24:10.401 [main] INFO  o.e.r.instrumentation.EvoClassLoader - Instrumenting class 'com.fasterxml.jackson.core.format.InputAccessor'.
01:24:10.402 [main] INFO  o.e.r.instrumentation.EvoClassLoader - Keeping class: com.fasterxml.jackson.core.format.InputAccessor
01:24:10.402 [main] INFO  o.e.r.instrumentation.EvoClassLoader - Seeing class for first time: com.fasterxml.jackson.core.util.Instantiatable
01:24:10.402 [main] INFO  o.e.r.instrumentation.EvoClassLoader - Instrumenting class 'com.fasterxml.jackson.core.util.Instantiatable'.
01:24:10.403 [main] INFO  o.e.r.instrumentation.EvoClassLoader - Keeping class: com.fasterxml.jackson.core.util.Instantiatable
01:24:10.403 [main] INFO  o.e.r.instrumentation.EvoClassLoader - Seeing class for first time: com.fasterxml.jackson.core.Base64Variant
01:24:10.403 [main] INFO  o.e.r.instrumentation.EvoClassLoader - Instrumenting class 'com.fasterxml.jackson.core.Base64Variant'.
01:24:10.403 [main] INFO  o.e.r.i.MethodCallReplacementClassAdapter - Adding mock interface to class com/fasterxml/jackson/core/Base64Variant
01:24:10.406 [main] INFO  o.e.r.i.CreateClassResetClassAdapter - Creating brand-new static initializer in class com/fasterxml/jackson/core/Base64Variant
01:24:10.406 [main] INFO  o.e.r.i.CreateClassResetClassAdapter - Adding bytecode for initializing field INT_SPACE
01:24:10.406 [main] INFO  o.e.r.i.CreateClassResetClassAdapter - Adding bytecode for initializing field PADDING_CHAR_NONE
01:24:10.406 [main] INFO  o.e.r.i.CreateClassResetClassAdapter - Adding bytecode for initializing field BASE64_VALUE_INVALID
01:24:10.406 [main] INFO  o.e.r.i.CreateClassResetClassAdapter - Adding bytecode for initializing field BASE64_VALUE_PADDING
01:24:10.406 [main] INFO  o.e.r.instrumentation.EvoClassLoader - Keeping class: com.fasterxml.jackson.core.Base64Variant
01:24:10.407 [main] INFO  o.e.r.instrumentation.EvoClassLoader - Seeing class for first time: com.fasterxml.jackson.core.io.InputDecorator
01:24:10.407 [main] INFO  o.e.r.instrumentation.EvoClassLoader - Instrumenting class 'com.fasterxml.jackson.core.io.InputDecorator'.
01:24:10.407 [main] INFO  o.e.r.i.MethodCallReplacementClassAdapter - Adding mock interface to class com/fasterxml/jackson/core/io/InputDecorator
01:24:10.407 [main] INFO  o.e.r.i.CreateClassResetClassAdapter - Creating brand-new static initializer in class com/fasterxml/jackson/core/io/InputDecorator
01:24:10.408 [main] INFO  o.e.r.instrumentation.EvoClassLoader - Keeping class: com.fasterxml.jackson.core.io.InputDecorator
01:24:10.408 [main] INFO  o.e.r.instrumentation.EvoClassLoader - Seeing class for first time: com.fasterxml.jackson.core.util.JsonGeneratorDelegate
01:24:10.408 [main] INFO  o.e.r.instrumentation.EvoClassLoader - Instrumenting class 'com.fasterxml.jackson.core.util.JsonGeneratorDelegate'.
01:24:10.408 [main] INFO  o.e.r.i.MethodCallReplacementClassAdapter - Adding mock interface to class com/fasterxml/jackson/core/util/JsonGeneratorDelegate
01:24:10.410 [main] INFO  o.e.r.i.CreateClassResetClassAdapter - Creating brand-new static initializer in class com/fasterxml/jackson/core/util/JsonGeneratorDelegate
01:24:10.411 [main] INFO  o.e.r.instrumentation.EvoClassLoader - Keeping class: com.fasterxml.jackson.core.util.JsonGeneratorDelegate
01:24:10.413 [main] INFO  o.e.r.instrumentation.EvoClassLoader - Seeing class for first time: com.fasterxml.jackson.core.json.JsonReadContext
01:24:10.413 [main] INFO  o.e.r.instrumentation.EvoClassLoader - Instrumenting class 'com.fasterxml.jackson.core.json.JsonReadContext'.
01:24:10.413 [main] INFO  o.e.r.i.MethodCallReplacementClassAdapter - Adding mock interface to class com/fasterxml/jackson/core/json/JsonReadContext
01:24:10.414 [main] INFO  o.e.r.i.CreateClassResetClassAdapter - Creating brand-new static initializer in class com/fasterxml/jackson/core/json/JsonReadContext
01:24:10.414 [main] INFO  o.e.r.instrumentation.EvoClassLoader - Keeping class: com.fasterxml.jackson.core.json.JsonReadContext
01:24:10.414 [main] INFO  o.e.r.instrumentation.EvoClassLoader - Seeing class for first time: com.fasterxml.jackson.core.io.OutputDecorator
01:24:10.414 [main] INFO  o.e.r.instrumentation.EvoClassLoader - Instrumenting class 'com.fasterxml.jackson.core.io.OutputDecorator'.
01:24:10.415 [main] INFO  o.e.r.i.MethodCallReplacementClassAdapter - Adding mock interface to class com/fasterxml/jackson/core/io/OutputDecorator
01:24:10.415 [main] INFO  o.e.r.i.CreateClassResetClassAdapter - Creating brand-new static initializer in class com/fasterxml/jackson/core/io/OutputDecorator
01:24:10.415 [main] INFO  o.e.r.instrumentation.EvoClassLoader - Keeping class: com.fasterxml.jackson.core.io.OutputDecorator
01:24:10.415 [main] INFO  o.e.r.instrumentation.EvoClassLoader - Seeing class for first time: com.fasterxml.jackson.core.json.PackageVersion
01:24:10.415 [main] INFO  o.e.r.instrumentation.EvoClassLoader - Instrumenting class 'com.fasterxml.jackson.core.json.PackageVersion'.
01:24:10.416 [main] INFO  o.e.r.i.MethodCallReplacementClassAdapter - Adding mock interface to class com/fasterxml/jackson/core/json/PackageVersion
01:24:10.416 [main] INFO  o.e.r.i.CreateClassResetClassAdapter - Found static initializer in class com/fasterxml/jackson/core/json/PackageVersion
01:24:10.416 [main] INFO  o.e.r.instrumentation.EvoClassLoader - Keeping class: com.fasterxml.jackson.core.json.PackageVersion
01:24:10.416 [main] INFO  o.e.r.instrumentation.EvoClassLoader - Seeing class for first time: com.fasterxml.jackson.core.sym.BytesToNameCanonicalizer$Bucket
01:24:10.416 [main] INFO  o.e.r.instrumentation.EvoClassLoader - Instrumenting class 'com.fasterxml.jackson.core.sym.BytesToNameCanonicalizer$Bucket'.
01:24:10.417 [main] INFO  o.e.r.i.MethodCallReplacementClassAdapter - Adding mock interface to class com/fasterxml/jackson/core/sym/BytesToNameCanonicalizer$Bucket
01:24:10.418 [main] INFO  o.e.r.i.CreateClassResetClassAdapter - Creating brand-new static initializer in class com/fasterxml/jackson/core/sym/BytesToNameCanonicalizer$Bucket
01:24:10.418 [main] INFO  o.e.r.instrumentation.EvoClassLoader - Keeping class: com.fasterxml.jackson.core.sym.BytesToNameCanonicalizer$Bucket
01:24:10.418 [main] INFO  o.e.r.instrumentation.EvoClassLoader - Seeing class for first time: com.fasterxml.jackson.core.sym.BytesToNameCanonicalizer
01:24:10.418 [main] INFO  o.e.r.instrumentation.EvoClassLoader - Instrumenting class 'com.fasterxml.jackson.core.sym.BytesToNameCanonicalizer'.
01:24:10.419 [main] INFO  o.e.r.i.MethodCallReplacementClassAdapter - Adding mock interface to class com/fasterxml/jackson/core/sym/BytesToNameCanonicalizer
01:24:10.423 [main] INFO  o.e.r.i.CreateClassResetClassAdapter - Creating brand-new static initializer in class com/fasterxml/jackson/core/sym/BytesToNameCanonicalizer
01:24:10.423 [main] INFO  o.e.r.i.CreateClassResetClassAdapter - Adding bytecode for initializing field DEFAULT_TABLE_SIZE
01:24:10.423 [main] INFO  o.e.r.i.CreateClassResetClassAdapter - Adding bytecode for initializing field MAX_TABLE_SIZE
01:24:10.423 [main] INFO  o.e.r.i.CreateClassResetClassAdapter - Adding bytecode for initializing field MAX_ENTRIES_FOR_REUSE
01:24:10.423 [main] INFO  o.e.r.i.CreateClassResetClassAdapter - Adding bytecode for initializing field MAX_COLL_CHAIN_LENGTH
01:24:10.423 [main] INFO  o.e.r.i.CreateClassResetClassAdapter - Adding bytecode for initializing field MAX_COLL_CHAIN_FOR_REUSE
01:24:10.423 [main] INFO  o.e.r.i.CreateClassResetClassAdapter - Adding bytecode for initializing field MIN_HASH_SIZE
01:24:10.423 [main] INFO  o.e.r.i.CreateClassResetClassAdapter - Adding bytecode for initializing field INITIAL_COLLISION_LEN
01:24:10.423 [main] INFO  o.e.r.i.CreateClassResetClassAdapter - Adding bytecode for initializing field LAST_VALID_BUCKET
01:24:10.423 [main] INFO  o.e.r.i.CreateClassResetClassAdapter - Adding bytecode for initializing field MULT
01:24:10.423 [main] INFO  o.e.r.i.CreateClassResetClassAdapter - Adding bytecode for initializing field MULT2
01:24:10.423 [main] INFO  o.e.r.i.CreateClassResetClassAdapter - Adding bytecode for initializing field MULT3
01:24:10.423 [main] INFO  o.e.r.instrumentation.EvoClassLoader - Keeping class: com.fasterxml.jackson.core.sym.BytesToNameCanonicalizer
01:24:10.424 [main] INFO  o.e.r.instrumentation.EvoClassLoader - Seeing class for first time: com.fasterxml.jackson.core.sym.NameN
01:24:10.424 [main] INFO  o.e.r.instrumentation.EvoClassLoader - Instrumenting class 'com.fasterxml.jackson.core.sym.NameN'.
01:24:10.424 [main] INFO  o.e.r.i.MethodCallReplacementClassAdapter - Adding mock interface to class com/fasterxml/jackson/core/sym/NameN
01:24:10.426 [main] INFO  o.e.r.i.CreateClassResetClassAdapter - Creating brand-new static initializer in class com/fasterxml/jackson/core/sym/NameN
01:24:10.426 [main] INFO  o.e.r.instrumentation.EvoClassLoader - Keeping class: com.fasterxml.jackson.core.sym.NameN
01:24:10.428 [main] INFO  o.e.r.instrumentation.EvoClassLoader - Seeing class for first time: com.fasterxml.jackson.core.JsonLocation
01:24:10.428 [main] INFO  o.e.r.instrumentation.EvoClassLoader - Instrumenting class 'com.fasterxml.jackson.core.JsonLocation'.
01:24:10.429 [main] INFO  o.e.r.i.MethodCallReplacementClassAdapter - Adding mock interface to class com/fasterxml/jackson/core/JsonLocation
01:24:10.429 [main] INFO  o.e.r.i.CreateClassResetClassAdapter - Found static initializer in class com/fasterxml/jackson/core/JsonLocation
01:24:10.430 [main] INFO  o.e.r.instrumentation.EvoClassLoader - Keeping class: com.fasterxml.jackson.core.JsonLocation
01:24:10.430 [main] INFO  o.e.r.instrumentation.EvoClassLoader - Seeing class for first time: com.fasterxml.jackson.core.io.CharacterEscapes
01:24:10.430 [main] INFO  o.e.r.instrumentation.EvoClassLoader - Instrumenting class 'com.fasterxml.jackson.core.io.CharacterEscapes'.
01:24:10.430 [main] INFO  o.e.r.i.MethodCallReplacementClassAdapter - Adding mock interface to class com/fasterxml/jackson/core/io/CharacterEscapes
01:24:10.431 [main] INFO  o.e.r.i.CreateClassResetClassAdapter - Creating brand-new static initializer in class com/fasterxml/jackson/core/io/CharacterEscapes
01:24:10.431 [main] INFO  o.e.r.i.CreateClassResetClassAdapter - Adding bytecode for initializing field ESCAPE_NONE
01:24:10.431 [main] INFO  o.e.r.i.CreateClassResetClassAdapter - Adding bytecode for initializing field ESCAPE_STANDARD
01:24:10.431 [main] INFO  o.e.r.i.CreateClassResetClassAdapter - Adding bytecode for initializing field ESCAPE_CUSTOM
01:24:10.431 [main] INFO  o.e.r.instrumentation.EvoClassLoader - Keeping class: com.fasterxml.jackson.core.io.CharacterEscapes
01:24:10.431 [main] INFO  o.e.r.instrumentation.EvoClassLoader - Seeing class for first time: com.fasterxml.jackson.core.ObjectCodec
01:24:10.431 [main] INFO  o.e.r.instrumentation.EvoClassLoader - Instrumenting class 'com.fasterxml.jackson.core.ObjectCodec'.
01:24:10.431 [main] INFO  o.e.r.i.MethodCallReplacementClassAdapter - Adding mock interface to class com/fasterxml/jackson/core/ObjectCodec
01:24:10.431 [main] INFO  o.e.r.i.CreateClassResetClassAdapter - Creating brand-new static initializer in class com/fasterxml/jackson/core/ObjectCodec
01:24:10.432 [main] INFO  o.e.r.instrumentation.EvoClassLoader - Keeping class: com.fasterxml.jackson.core.ObjectCodec
01:24:10.432 [main] INFO  o.e.r.instrumentation.EvoClassLoader - Seeing class for first time: com.fasterxml.jackson.core.type.ResolvedType
01:24:10.432 [main] INFO  o.e.r.instrumentation.EvoClassLoader - Instrumenting class 'com.fasterxml.jackson.core.type.ResolvedType'.
01:24:10.432 [main] INFO  o.e.r.i.MethodCallReplacementClassAdapter - Adding mock interface to class com/fasterxml/jackson/core/type/ResolvedType
01:24:10.432 [main] INFO  o.e.r.i.CreateClassResetClassAdapter - Creating brand-new static initializer in class com/fasterxml/jackson/core/type/ResolvedType
01:24:10.432 [main] INFO  o.e.r.instrumentation.EvoClassLoader - Keeping class: com.fasterxml.jackson.core.type.ResolvedType
01:24:10.433 [main] INFO  o.e.r.instrumentation.EvoClassLoader - Seeing class for first time: com.fasterxml.jackson.core.JsonFactory$Feature
01:24:10.433 [main] INFO  o.e.r.instrumentation.EvoClassLoader - Instrumenting class 'com.fasterxml.jackson.core.JsonFactory$Feature'.
01:24:10.433 [main] INFO  o.e.r.i.MethodCallReplacementClassAdapter - Adding mock interface to class com/fasterxml/jackson/core/JsonFactory$Feature
01:24:10.434 [main] INFO  o.e.r.i.CreateClassResetClassAdapter - Found static initializer in class com/fasterxml/jackson/core/JsonFactory$Feature
01:24:10.434 [main] INFO  o.e.r.instrumentation.EvoClassLoader - Keeping class: com.fasterxml.jackson.core.JsonFactory$Feature
01:24:10.435 [main] INFO  o.e.r.instrumentation.EvoClassLoader - Seeing class for first time: com.fasterxml.jackson.core.util.InternCache
01:24:10.435 [main] INFO  o.e.r.instrumentation.EvoClassLoader - Instrumenting class 'com.fasterxml.jackson.core.util.InternCache'.
01:24:10.435 [main] INFO  o.e.r.i.MethodCallReplacementClassAdapter - Adding mock interface to class com/fasterxml/jackson/core/util/InternCache
01:24:10.435 [main] INFO  o.e.r.i.CreateClassResetClassAdapter - Found static initializer in class com/fasterxml/jackson/core/util/InternCache
01:24:10.436 [main] INFO  o.e.r.instrumentation.EvoClassLoader - Keeping class: com.fasterxml.jackson.core.util.InternCache
01:24:10.436 [main] INFO  o.e.r.instrumentation.EvoClassLoader - Seeing class for first time: com.fasterxml.jackson.core.JsonParser$Feature
01:24:10.436 [main] INFO  o.e.r.instrumentation.EvoClassLoader - Instrumenting class 'com.fasterxml.jackson.core.JsonParser$Feature'.
01:24:10.436 [main] INFO  o.e.r.i.MethodCallReplacementClassAdapter - Adding mock interface to class com/fasterxml/jackson/core/JsonParser$Feature
01:24:10.437 [main] INFO  o.e.r.i.CreateClassResetClassAdapter - Found static initializer in class com/fasterxml/jackson/core/JsonParser$Feature
01:24:10.437 [main] INFO  o.e.r.instrumentation.EvoClassLoader - Keeping class: com.fasterxml.jackson.core.JsonParser$Feature
01:24:10.437 [main] INFO  o.e.r.instrumentation.EvoClassLoader - Seeing class for first time: com.fasterxml.jackson.core.io.SerializedString
01:24:10.437 [main] INFO  o.e.r.instrumentation.EvoClassLoader - Instrumenting class 'com.fasterxml.jackson.core.io.SerializedString'.
01:24:10.438 [main] INFO  o.e.r.i.MethodCallReplacementClassAdapter - Adding mock interface to class com/fasterxml/jackson/core/io/SerializedString
01:24:10.439 [main] INFO  o.e.r.i.CreateClassResetClassAdapter - Creating brand-new static initializer in class com/fasterxml/jackson/core/io/SerializedString
01:24:10.440 [main] INFO  o.e.r.instrumentation.EvoClassLoader - Keeping class: com.fasterxml.jackson.core.io.SerializedString
01:24:10.440 [main] INFO  o.e.r.instrumentation.EvoClassLoader - Seeing class for first time: com.fasterxml.jackson.core.util.DefaultPrettyPrinter$FixedSpaceIndenter
01:24:10.440 [main] INFO  o.e.r.instrumentation.EvoClassLoader - Instrumenting class 'com.fasterxml.jackson.core.util.DefaultPrettyPrinter$FixedSpaceIndenter'.
01:24:10.440 [main] INFO  o.e.r.i.MethodCallReplacementClassAdapter - Adding mock interface to class com/fasterxml/jackson/core/util/DefaultPrettyPrinter$FixedSpaceIndenter
01:24:10.441 [main] INFO  o.e.r.i.CreateClassResetClassAdapter - Found static initializer in class com/fasterxml/jackson/core/util/DefaultPrettyPrinter$FixedSpaceIndenter
01:24:10.441 [main] INFO  o.e.r.instrumentation.EvoClassLoader - Keeping class: com.fasterxml.jackson.core.util.DefaultPrettyPrinter$FixedSpaceIndenter
01:24:10.441 [main] INFO  o.e.r.instrumentation.EvoClassLoader - Seeing class for first time: com.fasterxml.jackson.core.JsonEncoding
01:24:10.441 [main] INFO  o.e.r.instrumentation.EvoClassLoader - Instrumenting class 'com.fasterxml.jackson.core.JsonEncoding'.
01:24:10.442 [main] INFO  o.e.r.i.MethodCallReplacementClassAdapter - Adding mock interface to class com/fasterxml/jackson/core/JsonEncoding
01:24:10.442 [main] INFO  o.e.r.i.CreateClassResetClassAdapter - Found static initializer in class com/fasterxml/jackson/core/JsonEncoding
01:24:10.442 [main] INFO  o.e.r.instrumentation.EvoClassLoader - Keeping class: com.fasterxml.jackson.core.JsonEncoding
01:24:10.442 [main] INFO  o.e.r.instrumentation.EvoClassLoader - Seeing class for first time: com.fasterxml.jackson.core.util.DefaultPrettyPrinter
01:24:10.443 [main] INFO  o.e.r.instrumentation.EvoClassLoader - Instrumenting class 'com.fasterxml.jackson.core.util.DefaultPrettyPrinter'.
01:24:10.444 [main] INFO  o.e.r.i.MethodCallReplacementClassAdapter - Adding mock interface to class com/fasterxml/jackson/core/util/DefaultPrettyPrinter
01:24:10.445 [main] INFO  o.e.r.i.CreateClassResetClassAdapter - Found static initializer in class com/fasterxml/jackson/core/util/DefaultPrettyPrinter
01:24:10.445 [main] INFO  o.e.r.instrumentation.EvoClassLoader - Keeping class: com.fasterxml.jackson.core.util.DefaultPrettyPrinter
01:24:10.446 [main] INFO  o.e.r.instrumentation.EvoClassLoader - Seeing class for first time: com.fasterxml.jackson.core.util.BufferRecycler
01:24:10.446 [main] INFO  o.e.r.instrumentation.EvoClassLoader - Instrumenting class 'com.fasterxml.jackson.core.util.BufferRecycler'.
01:24:10.446 [main] INFO  o.e.r.i.MethodCallReplacementClassAdapter - Adding mock interface to class com/fasterxml/jackson/core/util/BufferRecycler
01:24:10.447 [main] INFO  o.e.r.i.CreateClassResetClassAdapter - Creating brand-new static initializer in class com/fasterxml/jackson/core/util/BufferRecycler
01:24:10.447 [main] INFO  o.e.r.i.CreateClassResetClassAdapter - Adding bytecode for initializing field DEFAULT_WRITE_CONCAT_BUFFER_LEN
01:24:10.447 [main] INFO  o.e.r.instrumentation.EvoClassLoader - Keeping class: com.fasterxml.jackson.core.util.BufferRecycler
01:24:10.447 [main] INFO  o.e.r.instrumentation.EvoClassLoader - Seeing class for first time: com.fasterxml.jackson.core.TreeNode
01:24:10.447 [main] INFO  o.e.r.instrumentation.EvoClassLoader - Instrumenting class 'com.fasterxml.jackson.core.TreeNode'.
01:24:10.448 [main] INFO  o.e.r.instrumentation.EvoClassLoader - Keeping class: com.fasterxml.jackson.core.TreeNode
01:24:10.448 [main] INFO  o.e.r.instrumentation.EvoClassLoader - Seeing class for first time: com.fasterxml.jackson.core.JsonGenerator$Feature
01:24:10.448 [main] INFO  o.e.r.instrumentation.EvoClassLoader - Instrumenting class 'com.fasterxml.jackson.core.JsonGenerator$Feature'.
01:24:10.448 [main] INFO  o.e.r.i.MethodCallReplacementClassAdapter - Adding mock interface to class com/fasterxml/jackson/core/JsonGenerator$Feature
01:24:10.453 [main] INFO  o.e.r.i.CreateClassResetClassAdapter - Found static initializer in class com/fasterxml/jackson/core/JsonGenerator$Feature
01:24:10.453 [main] INFO  o.e.r.instrumentation.EvoClassLoader - Keeping class: com.fasterxml.jackson.core.JsonGenerator$Feature
01:24:10.456 [main] INFO  o.e.r.instrumentation.EvoClassLoader - Seeing class for first time: com.fasterxml.jackson.core.util.TextBuffer
01:24:10.456 [main] INFO  o.e.r.instrumentation.EvoClassLoader - Instrumenting class 'com.fasterxml.jackson.core.util.TextBuffer'.
01:24:10.456 [main] INFO  o.e.r.i.MethodCallReplacementClassAdapter - Adding mock interface to class com/fasterxml/jackson/core/util/TextBuffer
01:24:10.458 [main] INFO  o.e.r.i.CreateClassResetClassAdapter - Found static initializer in class com/fasterxml/jackson/core/util/TextBuffer
01:24:10.459 [main] INFO  o.e.r.instrumentation.EvoClassLoader - Keeping class: com.fasterxml.jackson.core.util.TextBuffer
01:24:10.459 [main] INFO  o.e.r.instrumentation.EvoClassLoader - Seeing class for first time: com.fasterxml.jackson.core.format.MatchStrength
01:24:10.459 [main] INFO  o.e.r.instrumentation.EvoClassLoader - Instrumenting class 'com.fasterxml.jackson.core.format.MatchStrength'.
01:24:10.460 [main] INFO  o.e.r.i.MethodCallReplacementClassAdapter - Adding mock interface to class com/fasterxml/jackson/core/format/MatchStrength
01:24:10.460 [main] INFO  o.e.r.i.CreateClassResetClassAdapter - Found static initializer in class com/fasterxml/jackson/core/format/MatchStrength
01:24:10.460 [main] INFO  o.e.r.instrumentation.EvoClassLoader - Keeping class: com.fasterxml.jackson.core.format.MatchStrength
01:24:10.461 [main] INFO  o.e.r.instrumentation.EvoClassLoader - Seeing class for first time: com.fasterxml.jackson.core.Base64Variants
01:24:10.461 [main] INFO  o.e.r.instrumentation.EvoClassLoader - Instrumenting class 'com.fasterxml.jackson.core.Base64Variants'.
01:24:10.461 [main] INFO  o.e.r.i.MethodCallReplacementClassAdapter - Adding mock interface to class com/fasterxml/jackson/core/Base64Variants
01:24:10.462 [main] INFO  o.e.r.i.CreateClassResetClassAdapter - Found static initializer in class com/fasterxml/jackson/core/Base64Variants
01:24:10.462 [main] INFO  o.e.r.instrumentation.EvoClassLoader - Keeping class: com.fasterxml.jackson.core.Base64Variants
01:24:10.463 [main] INFO  o.e.r.instrumentation.EvoClassLoader - Seeing class for first time: com.fasterxml.jackson.core.JsonFactory
01:24:10.463 [main] INFO  o.e.r.instrumentation.EvoClassLoader - Instrumenting class 'com.fasterxml.jackson.core.JsonFactory'.
01:24:10.463 [main] INFO  o.e.r.i.MethodCallReplacementClassAdapter - Adding mock interface to class com/fasterxml/jackson/core/JsonFactory
01:24:10.471 [main] INFO  o.e.r.i.CreateClassResetClassAdapter - Found static initializer in class com/fasterxml/jackson/core/JsonFactory
01:24:10.472 [main] INFO  o.e.r.instrumentation.EvoClassLoader - Keeping class: com.fasterxml.jackson.core.JsonFactory
01:24:10.473 [main] INFO  o.e.r.instrumentation.EvoClassLoader - Seeing class for first time: com.fasterxml.jackson.core.json.UTF8StreamJsonParser
01:24:10.473 [main] INFO  o.e.r.instrumentation.EvoClassLoader - Instrumenting class 'com.fasterxml.jackson.core.json.UTF8StreamJsonParser'.
01:24:10.475 [main] INFO  o.e.r.i.MethodCallReplacementClassAdapter - Adding mock interface to class com/fasterxml/jackson/core/json/UTF8StreamJsonParser
01:24:10.484 [main] INFO  o.e.r.i.CreateClassResetClassAdapter - Found static initializer in class com/fasterxml/jackson/core/json/UTF8StreamJsonParser
01:24:10.485 [main] INFO  o.e.r.instrumentation.EvoClassLoader - Keeping class: com.fasterxml.jackson.core.json.UTF8StreamJsonParser
01:24:10.488 [main] INFO  o.e.r.instrumentation.EvoClassLoader - Seeing class for first time: com.fasterxml.jackson.core.io.IOContext
01:24:10.488 [main] INFO  o.e.r.instrumentation.EvoClassLoader - Instrumenting class 'com.fasterxml.jackson.core.io.IOContext'.
01:24:10.489 [main] INFO  o.e.r.i.MethodCallReplacementClassAdapter - Adding mock interface to class com/fasterxml/jackson/core/io/IOContext
01:24:10.491 [main] INFO  o.e.r.i.CreateClassResetClassAdapter - Creating brand-new static initializer in class com/fasterxml/jackson/core/io/IOContext
01:24:10.491 [main] INFO  o.e.r.instrumentation.EvoClassLoader - Keeping class: com.fasterxml.jackson.core.io.IOContext
01:24:10.492 [main] INFO  o.e.r.instrumentation.EvoClassLoader - Seeing class for first time: com.fasterxml.jackson.core.FormatSchema
01:24:10.492 [main] INFO  o.e.r.instrumentation.EvoClassLoader - Instrumenting class 'com.fasterxml.jackson.core.FormatSchema'.
01:24:10.492 [main] INFO  o.e.r.instrumentation.EvoClassLoader - Keeping class: com.fasterxml.jackson.core.FormatSchema
01:24:10.492 [main] INFO  o.e.r.instrumentation.EvoClassLoader - Seeing class for first time: com.fasterxml.jackson.core.util.DefaultPrettyPrinter$Lf2SpacesIndenter
01:24:10.492 [main] INFO  o.e.r.instrumentation.EvoClassLoader - Instrumenting class 'com.fasterxml.jackson.core.util.DefaultPrettyPrinter$Lf2SpacesIndenter'.
01:24:10.493 [main] INFO  o.e.r.i.MethodCallReplacementClassAdapter - Adding mock interface to class com/fasterxml/jackson/core/util/DefaultPrettyPrinter$Lf2SpacesIndenter
01:24:10.493 [main] INFO  o.e.r.i.CreateClassResetClassAdapter - Found static initializer in class com/fasterxml/jackson/core/util/DefaultPrettyPrinter$Lf2SpacesIndenter
01:24:10.494 [main] INFO  o.e.r.instrumentation.EvoClassLoader - Keeping class: com.fasterxml.jackson.core.util.DefaultPrettyPrinter$Lf2SpacesIndenter
01:24:10.494 [main] INFO  o.e.r.instrumentation.EvoClassLoader - Seeing class for first time: com.fasterxml.jackson.core.util.BufferRecycler$ByteBufferType
01:24:10.494 [main] INFO  o.e.r.instrumentation.EvoClassLoader - Instrumenting class 'com.fasterxml.jackson.core.util.BufferRecycler$ByteBufferType'.
01:24:10.494 [main] INFO  o.e.r.i.MethodCallReplacementClassAdapter - Adding mock interface to class com/fasterxml/jackson/core/util/BufferRecycler$ByteBufferType
01:24:10.495 [main] INFO  o.e.r.i.CreateClassResetClassAdapter - Found static initializer in class com/fasterxml/jackson/core/util/BufferRecycler$ByteBufferType
01:24:10.495 [main] INFO  o.e.r.instrumentation.EvoClassLoader - Keeping class: com.fasterxml.jackson.core.util.BufferRecycler$ByteBufferType
01:24:10.495 [main] INFO  o.e.r.instrumentation.EvoClassLoader - Seeing class for first time: com.fasterxml.jackson.core.base.GeneratorBase$1
01:24:10.495 [main] INFO  o.e.r.instrumentation.EvoClassLoader - Instrumenting class 'com.fasterxml.jackson.core.base.GeneratorBase$1'.
01:24:10.496 [main] INFO  o.e.r.i.MethodCallReplacementClassAdapter - Adding mock interface to class com/fasterxml/jackson/core/base/GeneratorBase$1
01:24:10.502 [main] INFO  o.e.r.instrumentation.EvoClassLoader - Keeping class: com.fasterxml.jackson.core.base.GeneratorBase$1
01:24:10.502 [main] INFO  o.e.r.instrumentation.EvoClassLoader - Seeing class for first time: com.fasterxml.jackson.core.JsonParser$1
01:24:10.502 [main] INFO  o.e.r.instrumentation.EvoClassLoader - Instrumenting class 'com.fasterxml.jackson.core.JsonParser$1'.
01:24:10.502 [main] INFO  o.e.r.i.MethodCallReplacementClassAdapter - Adding mock interface to class com/fasterxml/jackson/core/JsonParser$1
01:24:10.503 [main] INFO  o.e.r.instrumentation.EvoClassLoader - Keeping class: com.fasterxml.jackson.core.JsonParser$1
01:24:10.511 [main] INFO  o.e.runtime.thread.ThreadStopper - Found new thread
01:24:10.520 [main] INFO  o.e.runtime.thread.ThreadStopper - Found new thread
01:24:10.523 [main] INFO  o.e.runtime.thread.ThreadStopper - Found new thread
01:24:10.526 [main] INFO  o.e.runtime.thread.ThreadStopper - Found new thread
01:24:10.529 [main] INFO  o.e.runtime.thread.ThreadStopper - Found new thread
01:24:10.533 [main] INFO  o.e.runtime.thread.ThreadStopper - Found new thread
01:24:10.535 [main] INFO  o.e.runtime.thread.ThreadStopper - Found new thread
01:24:10.538 [main] INFO  o.e.runtime.thread.ThreadStopper - Found new thread
01:24:10.542 [main] INFO  o.e.runtime.thread.ThreadStopper - Found new thread
01:24:10.545 [main] INFO  o.e.runtime.thread.ThreadStopper - Found new thread
01:24:10.693 [main] INFO  o.e.runtime.thread.ThreadStopper - Found new thread
01:24:10.707 [main] INFO  o.e.runtime.thread.ThreadStopper - Found new thread
01:24:10.797 [main] INFO  o.e.runtime.thread.ThreadStopper - Found new thread
01:24:10.811 [main] INFO  o.e.runtime.thread.ThreadStopper - Found new thread
01:24:10.847 [main] INFO  o.e.runtime.thread.ThreadStopper - Found new thread
01:24:10.860 [main] INFO  o.e.runtime.thread.ThreadStopper - Found new thread
01:24:10.964 [main] INFO  o.e.runtime.thread.ThreadStopper - Found new thread
01:24:10.969 [main] INFO  o.e.runtime.thread.ThreadStopper - Found new thread
01:24:10.984 [main] INFO  o.e.runtime.thread.ThreadStopper - Found new thread
01:24:10.991 [main] INFO  o.e.runtime.thread.ThreadStopper - Found new thread
01:24:11.001 [main] INFO  o.e.runtime.thread.ThreadStopper - Found new thread
01:24:11.009 [main] INFO  o.e.runtime.thread.ThreadStopper - Found new thread
01:24:11.014 [main] INFO  o.e.runtime.thread.ThreadStopper - Found new thread
01:24:11.021 [main] INFO  o.e.runtime.thread.ThreadStopper - Found new thread
01:24:11.043 [main] INFO  o.e.runtime.thread.ThreadStopper - Found new thread
01:24:11.052 [main] INFO  o.e.runtime.thread.ThreadStopper - Found new thread
01:24:11.057 [main] INFO  o.e.runtime.thread.ThreadStopper - Found new thread
01:24:11.065 [main] INFO  o.e.runtime.thread.ThreadStopper - Found new thread
01:24:11.075 [main] INFO  o.e.runtime.thread.ThreadStopper - Found new thread
01:24:11.085 [main] INFO  o.e.runtime.thread.ThreadStopper - Found new thread
01:24:11.092 [main] INFO  o.e.runtime.thread.ThreadStopper - Found new thread
01:24:11.095 [main] INFO  o.e.runtime.thread.ThreadStopper - Found new thread
01:24:11.155 [main] INFO  o.e.runtime.thread.ThreadStopper - Found new thread
01:24:11.158 [main] INFO  o.e.runtime.thread.ThreadStopper - Found new thread
01:24:11.167 [main] INFO  o.e.runtime.thread.ThreadStopper - Found new thread
01:24:11.173 [main] INFO  o.e.runtime.thread.ThreadStopper - Found new thread
01:24:11.211 [main] INFO  o.e.runtime.thread.ThreadStopper - Found new thread
01:24:11.285 [main] INFO  o.e.runtime.thread.ThreadStopper - Found new thread
01:24:11.288 [main] INFO  o.e.runtime.thread.ThreadStopper - Found new thread
01:24:11.291 [main] INFO  o.e.runtime.thread.ThreadStopper - Found new thread
01:24:11.305 [main] INFO  o.e.runtime.thread.ThreadStopper - Found new thread
01:24:11.308 [main] INFO  o.e.runtime.thread.ThreadStopper - Found new thread
01:24:11.312 [main] INFO  o.e.runtime.thread.ThreadStopper - Found new thread
01:24:11.320 [main] INFO  o.e.runtime.thread.ThreadStopper - Found new thread
01:24:11.322 [main] INFO  o.e.runtime.thread.ThreadStopper - Found new thread
01:24:11.324 [main] INFO  o.e.runtime.thread.ThreadStopper - Found new thread
01:24:11.345 [main] INFO  o.e.runtime.thread.ThreadStopper - Found new thread
01:24:11.356 [main] INFO  o.e.runtime.thread.ThreadStopper - Found new thread
01:24:11.358 [main] INFO  o.e.runtime.thread.ThreadStopper - Found new thread
01:24:11.359 [main] INFO  o.e.runtime.thread.ThreadStopper - Found new thread
01:24:11.371 [main] INFO  o.e.runtime.thread.ThreadStopper - Found new thread
01:24:11.390 [main] INFO  o.e.runtime.thread.ThreadStopper - Found new thread
01:24:11.392 [main] INFO  o.e.runtime.thread.ThreadStopper - Found new thread
01:24:11.395 [main] INFO  o.e.runtime.thread.ThreadStopper - Found new thread
]]></system-out>
  <system-err><![CDATA[]]></system-err>
</testsuite>
