<?xml version="1.0" encoding="UTF-8" ?>
<testsuite errors="74" failures="0" hostname="sepehr-UX310UQK" name="com.fasterxml.jackson.core.sym.BytesToNameCanonicalizer_ESTest" skipped="0" tests="74" time="0.483" timestamp="2023-02-06T02:41:18">
  <properties>
    <property name="java.vendor" value="Private Build" />
    <property name="sun.java.launcher" value="SUN_STANDARD" />
    <property name="sun.management.compiler" value="HotSpot 64-Bit Tiered Compilers" />
    <property name="maven.build.srcDir.0" value="src/main/java" />
    <property name="os.name" value="Linux" />
    <property name="clover.historical.json" value="true" />
    <property name="sun.boot.class.path" value="/usr/lib/jvm/java-8-openjdk-amd64/jre/lib/resources.jar:/usr/lib/jvm/java-8-openjdk-amd64/jre/lib/rt.jar:/usr/lib/jvm/java-8-openjdk-amd64/jre/lib/sunrsasign.jar:/usr/lib/jvm/java-8-openjdk-amd64/jre/lib/jsse.jar:/usr/lib/jvm/java-8-openjdk-amd64/jre/lib/jce.jar:/usr/lib/jvm/java-8-openjdk-amd64/jre/lib/charsets.jar:/usr/lib/jvm/java-8-openjdk-amd64/jre/lib/jfr.jar:/usr/lib/jvm/java-8-openjdk-amd64/jre/classes" />
    <property name="bundle.version" value="2.3.7" />
    <property name="maven.build.timestamp.format" value="yyyy-MM-dd HH:mm:ssZ" />
    <property name="sun.desktop" value="gnome" />
    <property name="java.vm.specification.vendor" value="Oracle Corporation" />
    <property name="ant.home" value="/usr/share/ant" />
    <property name="java.runtime.version" value="1.8.0_352-8u352-ga-1~20.04-b08" />
    <property name="maven.build.resourceDir.0" value="src/main/resources" />
    <property name="project.build.sourceEncoding" value="UTF-8" />
    <property name="clover.project.historydir" value="/home/sepehr/masters/test_generation/evosuite_coverage/jacksonCore1f/.cloverhistory/jackson-core" />
    <property name="clover.flushinterval" value="100" />
    <property name="ant.file.jackson-core" value="/home/sepehr/masters/test_generation/evosuite_coverage/jacksonCore1f/build.xml" />
    <property name="user.name" value="sepehr" />
    <property name="ant.file.type.jackson-core" value="file" />
    <property name="osgi.export" value="com.fasterxml.jackson.core;version=2.3.0-SNAPSHOT,&#xa;com.fasterxml.jackson.core.*;version=2.3.0-SNAPSHOT" />
    <property name="maven.build.outputDir" value="target/classes" />
    <property name="packageVersion.template.input" value="/tmp/initialize-revisions.pl_30279_1557252573/3f/src/main/java/com/fasterxml/jackson/core/json/PackageVersion.java.in" />
    <property name="maven.repo.local" value="/home/sepehr/.m2/repository" />
    <property name="osgi.requiredExecutionEnvironment" value="" />
    <property name="maven.build.finalName" value="jackson-core-2.3.0-SNAPSHOT" />
    <property name="javac.src.version" value="1.6" />
    <property name="maven.build.testDir.0" value="src/test/java" />
    <property name="user.language" value="en" />
    <property name="sun.boot.library.path" value="/usr/lib/jvm/java-8-openjdk-amd64/jre/lib/amd64" />
    <property name="ant.project.default-target" value="package" />
    <property name="maven.reporting.outputDirectory" value="target/site" />
    <property name="ant.project.name" value="jackson-core" />
    <property name="generatedSourcesDir" value="/tmp/initialize-revisions.pl_30279_1557252573/3f/target/generated-sources" />
    <property name="java.version" value="1.8.0_352" />
    <property name="user.timezone" value="" />
    <property name="ant.file.type.jackson-core-from-maven" value="file" />
    <property name="sun.arch.data.model" value="64" />
    <property name="java.endorsed.dirs" value="/usr/lib/jvm/java-8-openjdk-amd64/jre/lib/endorsed" />
    <property name="sun.cpu.isalist" value="" />
    <property name="sun.jnu.encoding" value="UTF-8" />
    <property name="file.encoding.pkg" value="sun.io" />
    <property name="file.separator" value="/" />
    <property name="java.specification.name" value="Java Platform API Specification" />
    <property name="clover.initstring" value="/home/sepehr/masters/test_generation/evosuite_coverage/jacksonCore1f/.clover/clover4_4_1.db" />
    <property name="java.class.version" value="52.0" />
    <property name="javadoc.version" value="2.8.1" />
    <property name="user.country" value="US" />
    <property name="java.home" value="/usr/lib/jvm/java-8-openjdk-amd64/jre" />
    <property name="packageVersion.template.output" value="/tmp/initialize-revisions.pl_30279_1557252573/3f/target/generated-sources/com/fasterxml/jackson/core/json/PackageVersion.java" />
    <property name="clover.dir" value="/home/sepehr/masters/test_generation/evosuite_coverage/jacksonCore1f/clover" />
    <property name="java.vm.info" value="mixed mode" />
    <property name="ant.file" value="/home/sepehr/masters/test_generation/evosuite_coverage/jacksonCore1f/build.xml" />
    <property name="os.version" value="5.15.0-58-generic" />
    <property name="maven.build.testOutputDir" value="target/test-classes" />
    <property name="project.reporting.outputEncoding" value="UTF-8" />
    <property name="replacer.version" value="1.5.2" />
    <property name="path.separator" value=":" />
    <property name="java.vm.version" value="25.352-b08" />
    <property name="maven.build.dir" value="target" />
    <property name="maven.test.reports" value="target/test-reports" />
    <property name="ant.library.dir" value="/usr/share/ant/lib" />
    <property name="surefire.version" value="2.12" />
    <property name="clover.jar" value="/home/sepehr/masters/test_generation/evosuite_coverage/jacksonCore1f/${clover.home}/clover.jar" />
    <property name="java.awt.printerjob" value="sun.print.PSPrinterJob" />
    <property name="sun.io.unicode.encoding" value="UnicodeLittle" />
    <property name="packageVersion.dir" value="com/fasterxml/jackson/core/json" />
    <property name="java.specification.maintenance.version" value="4" />
    <property name="awt.toolkit" value="sun.awt.X11.XToolkit" />
    <property name="project.build.outputDirectory" value="target/classes" />
    <property name="user.home" value="/home/sepehr" />
    <property name="java.specification.vendor" value="Oracle Corporation" />
    <property name="clover.span" value="1day" />
    <property name="clover.dest" value="/home/sepehr/masters/test_generation/evosuite_coverage/jacksonCore1f/clover/jackson-core" />
    <property name="java.vendor.url" value="http://java.oracle.com/" />
    <property name="java.library.path" value="/usr/java/packages/lib/amd64:/usr/lib/x86_64-linux-gnu/jni:/lib/x86_64-linux-gnu:/usr/lib/x86_64-linux-gnu:/usr/lib/jni:/lib:/usr/lib" />
    <property name="test.target" value="test" />
    <property name="maven.settings.offline" value="false" />
    <property name="java.vm.vendor" value="Private Build" />
    <property name="project.build.resourceEncoding" value="UTF-8" />
    <property name="maven.settings.interactiveMode" value="true" />
    <property name="java.runtime.name" value="OpenJDK Runtime Environment" />
    <property name="ant.version" value="Apache Ant(TM) version 1.10.7 compiled on October 24 2019" />
    <property name="java.class.path" value="/home/sepehr/masters/test_generation/evosuite_coverage/jacksonCore1f/junit-4.12.jar:/home/sepehr/masters/test_generation/evosuite_coverage/jacksonCore1f/evosuite-tests:/home/sepehr/masters/test_generation/evosuite_coverage/jacksonCore1f/target/classes:/home/sepehr/masters/test_generation/evosuite_coverage/jacksonCore1f/target/test-classes:/home/sepehr/.ant/lib/clover.jar:/home/sepehr/masters/test_generation/evosuite_coverage/jacksonCore1f/evosuite-standalone-runtime-1.0.6.jar:/home/sepehr/masters/test_generation/evosuite_coverage/jacksonCore1f/hamcrest-core-1.3.jar:/usr/share/java/ant-launcher-1.10.7.jar:/usr/share/ant/lib/ant.jar:/usr/share/ant/lib/ant-junit.jar:/usr/share/ant/lib/ant-junit4.jar" />
    <property name="sun.java.command" value="org.apache.tools.ant.taskdefs.optional.junit.JUnitTestRunner com.fasterxml.jackson.core.sym.BytesToNameCanonicalizer_ESTest skipNonTests=false filtertrace=true haltOnError=false haltOnFailure=false formatter=org.apache.tools.ant.taskdefs.optional.junit.SummaryJUnitResultFormatter showoutput=false outputtoformatters=true logfailedtests=true threadid=0 logtestlistenerevents=false formatter=org.apache.tools.ant.taskdefs.optional.junit.XMLJUnitResultFormatter,/home/sepehr/masters/test_generation/evosuite_coverage/jacksonCore1f/target/test-reports/TEST-com.fasterxml.jackson.core.sym.BytesToNameCanonicalizer_ESTest.xml formatter=org.apache.tools.ant.taskdefs.optional.junit.PlainJUnitResultFormatter crashfile=/home/sepehr/masters/test_generation/evosuite_coverage/jacksonCore1f/junitvmwatcher1382157697088725592.properties propsfile=/home/sepehr/masters/test_generation/evosuite_coverage/jacksonCore1f/junit3275536766471892577.properties" />
    <property name="project.name" value="jackson-core" />
    <property name="project.build.directory" value="target" />
    <property name="java.vm.specification.name" value="Java Virtual Machine Specification" />
    <property name="clover.snapshot.file" value="/home/sepehr/masters/test_generation/evosuite_coverage/jacksonCore1f/.cloverhistory/jackson-core/clover.snapshot" />
    <property name="ant.file.type" value="file" />
    <property name="java.vm.specification.version" value="1.8" />
    <property name="sun.os.patch.level" value="unknown" />
    <property name="packageVersion.package" value="com.fasterxml.jackson.core.json" />
    <property name="sun.cpu.endian" value="little" />
    <property name="java.io.tmpdir" value="/tmp" />
    <property name="junit.present" value="true" />
    <property name="project.title" value="jackson-core" />
    <property name="java.vendor.url.bug" value="http://bugreport.sun.com/bugreport/" />
    <property name="java.awt.graphicsenv" value="sun.awt.X11GraphicsEnvironment" />
    <property name="os.arch" value="amd64" />
    <property name="clover.jarpath" value="/home/sepehr/.ant/lib/clover.jar" />
    <property name="maven.build.testResourceDir.0" value="src/test/resources" />
    <property name="java.ext.dirs" value="/usr/lib/jvm/java-8-openjdk-amd64/jre/lib/ext:/usr/java/packages/lib/ext" />
    <property name="user.dir" value="/home/sepehr/masters/test_generation/evosuite_coverage/jacksonCore1f" />
    <property name="ant.file.jackson-core-from-maven" value="/home/sepehr/masters/test_generation/evosuite_coverage/jacksonCore1f/maven-build.xml" />
    <property name="osgi.private" value="" />
    <property name="line.separator" value="&#xa;" />
    <property name="java.vm.name" value="OpenJDK 64-Bit Server VM" />
    <property name="osgi.versionpolicy" value="${range;[===,=+);${@}}" />
    <property name="basedir" value="." />
    <property name="javadoc.maxmemory" value="1g" />
    <property name="ant.java.version" value="1.8" />
    <property name="osgi.import" value="*" />
    <property name="ant.core.lib" value="/usr/share/ant/lib/ant.jar" />
    <property name="file.encoding" value="UTF-8" />
    <property name="build.compiler" value="com.atlassian.clover.ant.taskdefs.CloverCompilerAdapter" />
    <property name="clover.historydir" value="/home/sepehr/masters/test_generation/evosuite_coverage/jacksonCore1f/.cloverhistory" />
    <property name="javac.target.version" value="1.6" />
    <property name="java.specification.version" value="1.8" />
    <property name="ant.project.invoked-targets" value="with.clover,test,clover.report" />
    <property name="osgi.dynamicImport" value="" />
    <property name="clover.flushpolicy" value="directed" />
  </properties>
  <testcase classname="com.fasterxml.jackson.core.sym.BytesToNameCanonicalizer_ESTest" name="test70" time="0.016">
    <error message="tried to access class com.fasterxml.jackson.core.sym.BytesToNameCanonicalizer$__CLR4_4_15a55a5lds7gu1m from class com.fasterxml.jackson.core.sym.BytesToNameCanonicalizer" type="java.lang.IllegalAccessError">java.lang.IllegalAccessError: tried to access class com.fasterxml.jackson.core.sym.BytesToNameCanonicalizer$__CLR4_4_15a55a5lds7gu1m from class com.fasterxml.jackson.core.sym.BytesToNameCanonicalizer
	at com.fasterxml.jackson.core.sym.BytesToNameCanonicalizer.createRoot(BytesToNameCanonicalizer.java:318)
	at com.fasterxml.jackson.core.sym.BytesToNameCanonicalizer_ESTest.test70(BytesToNameCanonicalizer_ESTest.java:909)
	at java.util.concurrent.FutureTask.run(FutureTask.java:266)
	at java.lang.Thread.run(Thread.java:750)
</error>
  </testcase>
  <testcase classname="com.fasterxml.jackson.core.sym.BytesToNameCanonicalizer_ESTest" name="test72" time="0.003">
    <error message="tried to access class com.fasterxml.jackson.core.sym.BytesToNameCanonicalizer$__CLR4_4_15a55a5lds7gu1m from class com.fasterxml.jackson.core.sym.BytesToNameCanonicalizer" type="java.lang.IllegalAccessError">java.lang.IllegalAccessError: tried to access class com.fasterxml.jackson.core.sym.BytesToNameCanonicalizer$__CLR4_4_15a55a5lds7gu1m from class com.fasterxml.jackson.core.sym.BytesToNameCanonicalizer
	at com.fasterxml.jackson.core.sym.BytesToNameCanonicalizer.createRoot(BytesToNameCanonicalizer.java:318)
	at com.fasterxml.jackson.core.sym.BytesToNameCanonicalizer_ESTest.test72(BytesToNameCanonicalizer_ESTest.java:926)
	at java.util.concurrent.FutureTask.run(FutureTask.java:266)
	at java.lang.Thread.run(Thread.java:750)
</error>
  </testcase>
  <testcase classname="com.fasterxml.jackson.core.sym.BytesToNameCanonicalizer_ESTest" name="test71" time="0.003">
    <error message="tried to access class com.fasterxml.jackson.core.sym.BytesToNameCanonicalizer$__CLR4_4_15a55a5lds7gu1m from class com.fasterxml.jackson.core.sym.BytesToNameCanonicalizer" type="java.lang.IllegalAccessError">java.lang.IllegalAccessError: tried to access class com.fasterxml.jackson.core.sym.BytesToNameCanonicalizer$__CLR4_4_15a55a5lds7gu1m from class com.fasterxml.jackson.core.sym.BytesToNameCanonicalizer
	at com.fasterxml.jackson.core.sym.BytesToNameCanonicalizer.createRoot(BytesToNameCanonicalizer.java:332)
	at com.fasterxml.jackson.core.sym.BytesToNameCanonicalizer_ESTest.test71(BytesToNameCanonicalizer_ESTest.java:918)
	at java.util.concurrent.FutureTask.run(FutureTask.java:266)
	at java.lang.Thread.run(Thread.java:750)
</error>
  </testcase>
  <testcase classname="com.fasterxml.jackson.core.sym.BytesToNameCanonicalizer_ESTest" name="test30" time="0.005">
    <error message="tried to access class com.fasterxml.jackson.core.sym.BytesToNameCanonicalizer$__CLR4_4_15a55a5lds7gu1m from class com.fasterxml.jackson.core.sym.BytesToNameCanonicalizer" type="java.lang.IllegalAccessError">java.lang.IllegalAccessError: tried to access class com.fasterxml.jackson.core.sym.BytesToNameCanonicalizer$__CLR4_4_15a55a5lds7gu1m from class com.fasterxml.jackson.core.sym.BytesToNameCanonicalizer
	at com.fasterxml.jackson.core.sym.BytesToNameCanonicalizer.createRoot(BytesToNameCanonicalizer.java:318)
	at com.fasterxml.jackson.core.sym.BytesToNameCanonicalizer_ESTest.test30(BytesToNameCanonicalizer_ESTest.java:396)
	at java.util.concurrent.FutureTask.run(FutureTask.java:266)
	at java.lang.Thread.run(Thread.java:750)
</error>
  </testcase>
  <testcase classname="com.fasterxml.jackson.core.sym.BytesToNameCanonicalizer_ESTest" name="test73" time="0.004">
    <error message="tried to access class com.fasterxml.jackson.core.sym.BytesToNameCanonicalizer$__CLR4_4_15a55a5lds7gu1m from class com.fasterxml.jackson.core.sym.BytesToNameCanonicalizer" type="java.lang.IllegalAccessError">java.lang.IllegalAccessError: tried to access class com.fasterxml.jackson.core.sym.BytesToNameCanonicalizer$__CLR4_4_15a55a5lds7gu1m from class com.fasterxml.jackson.core.sym.BytesToNameCanonicalizer
	at com.fasterxml.jackson.core.sym.BytesToNameCanonicalizer.createRoot(BytesToNameCanonicalizer.java:318)
	at com.fasterxml.jackson.core.sym.BytesToNameCanonicalizer_ESTest.test73(BytesToNameCanonicalizer_ESTest.java:936)
	at java.util.concurrent.FutureTask.run(FutureTask.java:266)
	at java.lang.Thread.run(Thread.java:750)
</error>
  </testcase>
  <testcase classname="com.fasterxml.jackson.core.sym.BytesToNameCanonicalizer_ESTest" name="test32" time="0.012">
    <error message="tried to access class com.fasterxml.jackson.core.sym.BytesToNameCanonicalizer$__CLR4_4_15a55a5lds7gu1m from class com.fasterxml.jackson.core.sym.BytesToNameCanonicalizer" type="java.lang.IllegalAccessError">java.lang.IllegalAccessError: tried to access class com.fasterxml.jackson.core.sym.BytesToNameCanonicalizer$__CLR4_4_15a55a5lds7gu1m from class com.fasterxml.jackson.core.sym.BytesToNameCanonicalizer
	at com.fasterxml.jackson.core.sym.BytesToNameCanonicalizer.createRoot(BytesToNameCanonicalizer.java:332)
	at com.fasterxml.jackson.core.sym.BytesToNameCanonicalizer_ESTest.test32(BytesToNameCanonicalizer_ESTest.java:431)
	at java.util.concurrent.FutureTask.run(FutureTask.java:266)
	at java.lang.Thread.run(Thread.java:750)
</error>
  </testcase>
  <testcase classname="com.fasterxml.jackson.core.sym.BytesToNameCanonicalizer_ESTest" name="test31" time="0.008">
    <error message="tried to access class com.fasterxml.jackson.core.sym.BytesToNameCanonicalizer$__CLR4_4_15a55a5lds7gu1m from class com.fasterxml.jackson.core.sym.BytesToNameCanonicalizer" type="java.lang.IllegalAccessError">java.lang.IllegalAccessError: tried to access class com.fasterxml.jackson.core.sym.BytesToNameCanonicalizer$__CLR4_4_15a55a5lds7gu1m from class com.fasterxml.jackson.core.sym.BytesToNameCanonicalizer
	at com.fasterxml.jackson.core.sym.BytesToNameCanonicalizer.createRoot(BytesToNameCanonicalizer.java:318)
	at com.fasterxml.jackson.core.sym.BytesToNameCanonicalizer_ESTest.test31(BytesToNameCanonicalizer_ESTest.java:413)
	at java.util.concurrent.FutureTask.run(FutureTask.java:266)
	at java.lang.Thread.run(Thread.java:750)
</error>
  </testcase>
  <testcase classname="com.fasterxml.jackson.core.sym.BytesToNameCanonicalizer_ESTest" name="test34" time="0.004">
    <error message="tried to access class com.fasterxml.jackson.core.sym.BytesToNameCanonicalizer$__CLR4_4_15a55a5lds7gu1m from class com.fasterxml.jackson.core.sym.BytesToNameCanonicalizer" type="java.lang.IllegalAccessError">java.lang.IllegalAccessError: tried to access class com.fasterxml.jackson.core.sym.BytesToNameCanonicalizer$__CLR4_4_15a55a5lds7gu1m from class com.fasterxml.jackson.core.sym.BytesToNameCanonicalizer
	at com.fasterxml.jackson.core.sym.BytesToNameCanonicalizer.createRoot(BytesToNameCanonicalizer.java:332)
	at com.fasterxml.jackson.core.sym.BytesToNameCanonicalizer_ESTest.test34(BytesToNameCanonicalizer_ESTest.java:458)
	at java.util.concurrent.FutureTask.run(FutureTask.java:266)
	at java.lang.Thread.run(Thread.java:750)
</error>
  </testcase>
  <testcase classname="com.fasterxml.jackson.core.sym.BytesToNameCanonicalizer_ESTest" name="test33" time="0.002">
    <error message="tried to access class com.fasterxml.jackson.core.sym.BytesToNameCanonicalizer$__CLR4_4_15a55a5lds7gu1m from class com.fasterxml.jackson.core.sym.BytesToNameCanonicalizer" type="java.lang.IllegalAccessError">java.lang.IllegalAccessError: tried to access class com.fasterxml.jackson.core.sym.BytesToNameCanonicalizer$__CLR4_4_15a55a5lds7gu1m from class com.fasterxml.jackson.core.sym.BytesToNameCanonicalizer
	at com.fasterxml.jackson.core.sym.BytesToNameCanonicalizer.createRoot(BytesToNameCanonicalizer.java:318)
	at com.fasterxml.jackson.core.sym.BytesToNameCanonicalizer_ESTest.test33(BytesToNameCanonicalizer_ESTest.java:439)
	at java.util.concurrent.FutureTask.run(FutureTask.java:266)
	at java.lang.Thread.run(Thread.java:750)
</error>
  </testcase>
  <testcase classname="com.fasterxml.jackson.core.sym.BytesToNameCanonicalizer_ESTest" name="test36" time="0.002">
    <error message="tried to access class com.fasterxml.jackson.core.sym.BytesToNameCanonicalizer$__CLR4_4_15a55a5lds7gu1m from class com.fasterxml.jackson.core.sym.BytesToNameCanonicalizer" type="java.lang.IllegalAccessError">java.lang.IllegalAccessError: tried to access class com.fasterxml.jackson.core.sym.BytesToNameCanonicalizer$__CLR4_4_15a55a5lds7gu1m from class com.fasterxml.jackson.core.sym.BytesToNameCanonicalizer
	at com.fasterxml.jackson.core.sym.BytesToNameCanonicalizer.createRoot(BytesToNameCanonicalizer.java:318)
	at com.fasterxml.jackson.core.sym.BytesToNameCanonicalizer_ESTest.test36(BytesToNameCanonicalizer_ESTest.java:481)
	at java.util.concurrent.FutureTask.run(FutureTask.java:266)
	at java.lang.Thread.run(Thread.java:750)
</error>
  </testcase>
  <testcase classname="com.fasterxml.jackson.core.sym.BytesToNameCanonicalizer_ESTest" name="test35" time="0.003">
    <error message="tried to access class com.fasterxml.jackson.core.sym.BytesToNameCanonicalizer$__CLR4_4_15a55a5lds7gu1m from class com.fasterxml.jackson.core.sym.BytesToNameCanonicalizer" type="java.lang.IllegalAccessError">java.lang.IllegalAccessError: tried to access class com.fasterxml.jackson.core.sym.BytesToNameCanonicalizer$__CLR4_4_15a55a5lds7gu1m from class com.fasterxml.jackson.core.sym.BytesToNameCanonicalizer
	at com.fasterxml.jackson.core.sym.BytesToNameCanonicalizer.createRoot(BytesToNameCanonicalizer.java:318)
	at com.fasterxml.jackson.core.sym.BytesToNameCanonicalizer_ESTest.test35(BytesToNameCanonicalizer_ESTest.java:469)
	at java.util.concurrent.FutureTask.run(FutureTask.java:266)
	at java.lang.Thread.run(Thread.java:750)
</error>
  </testcase>
  <testcase classname="com.fasterxml.jackson.core.sym.BytesToNameCanonicalizer_ESTest" name="test38" time="0.005">
    <error message="tried to access class com.fasterxml.jackson.core.sym.BytesToNameCanonicalizer$__CLR4_4_15a55a5lds7gu1m from class com.fasterxml.jackson.core.sym.BytesToNameCanonicalizer" type="java.lang.IllegalAccessError">java.lang.IllegalAccessError: tried to access class com.fasterxml.jackson.core.sym.BytesToNameCanonicalizer$__CLR4_4_15a55a5lds7gu1m from class com.fasterxml.jackson.core.sym.BytesToNameCanonicalizer
	at com.fasterxml.jackson.core.sym.BytesToNameCanonicalizer.createRoot(BytesToNameCanonicalizer.java:318)
	at com.fasterxml.jackson.core.sym.BytesToNameCanonicalizer_ESTest.test38(BytesToNameCanonicalizer_ESTest.java:498)
	at java.util.concurrent.FutureTask.run(FutureTask.java:266)
	at java.lang.Thread.run(Thread.java:750)
</error>
  </testcase>
  <testcase classname="com.fasterxml.jackson.core.sym.BytesToNameCanonicalizer_ESTest" name="test37" time="0.003">
    <error message="tried to access class com.fasterxml.jackson.core.sym.BytesToNameCanonicalizer$__CLR4_4_15a55a5lds7gu1m from class com.fasterxml.jackson.core.sym.BytesToNameCanonicalizer$Bucket" type="java.lang.IllegalAccessError">java.lang.IllegalAccessError: tried to access class com.fasterxml.jackson.core.sym.BytesToNameCanonicalizer$__CLR4_4_15a55a5lds7gu1m from class com.fasterxml.jackson.core.sym.BytesToNameCanonicalizer$Bucket
	at com.fasterxml.jackson.core.sym.BytesToNameCanonicalizer$Bucket.&lt;init&gt;(BytesToNameCanonicalizer.java:1154)
	at com.fasterxml.jackson.core.sym.BytesToNameCanonicalizer_ESTest.test37(BytesToNameCanonicalizer_ESTest.java:491)
	at java.util.concurrent.FutureTask.run(FutureTask.java:266)
	at java.lang.Thread.run(Thread.java:750)
</error>
  </testcase>
  <testcase classname="com.fasterxml.jackson.core.sym.BytesToNameCanonicalizer_ESTest" name="test39" time="0.003">
    <error message="tried to access class com.fasterxml.jackson.core.sym.BytesToNameCanonicalizer$__CLR4_4_15a55a5lds7gu1m from class com.fasterxml.jackson.core.sym.BytesToNameCanonicalizer" type="java.lang.IllegalAccessError">java.lang.IllegalAccessError: tried to access class com.fasterxml.jackson.core.sym.BytesToNameCanonicalizer$__CLR4_4_15a55a5lds7gu1m from class com.fasterxml.jackson.core.sym.BytesToNameCanonicalizer
	at com.fasterxml.jackson.core.sym.BytesToNameCanonicalizer.createRoot(BytesToNameCanonicalizer.java:332)
	at com.fasterxml.jackson.core.sym.BytesToNameCanonicalizer_ESTest.test39(BytesToNameCanonicalizer_ESTest.java:506)
	at java.util.concurrent.FutureTask.run(FutureTask.java:266)
	at java.lang.Thread.run(Thread.java:750)
</error>
  </testcase>
  <testcase classname="com.fasterxml.jackson.core.sym.BytesToNameCanonicalizer_ESTest" name="test61" time="0.004">
    <error message="tried to access class com.fasterxml.jackson.core.sym.BytesToNameCanonicalizer$__CLR4_4_15a55a5lds7gu1m from class com.fasterxml.jackson.core.sym.BytesToNameCanonicalizer" type="java.lang.IllegalAccessError">java.lang.IllegalAccessError: tried to access class com.fasterxml.jackson.core.sym.BytesToNameCanonicalizer$__CLR4_4_15a55a5lds7gu1m from class com.fasterxml.jackson.core.sym.BytesToNameCanonicalizer
	at com.fasterxml.jackson.core.sym.BytesToNameCanonicalizer.createRoot(BytesToNameCanonicalizer.java:318)
	at com.fasterxml.jackson.core.sym.BytesToNameCanonicalizer_ESTest.test61(BytesToNameCanonicalizer_ESTest.java:809)
	at java.util.concurrent.FutureTask.run(FutureTask.java:266)
	at java.lang.Thread.run(Thread.java:750)
</error>
  </testcase>
  <testcase classname="com.fasterxml.jackson.core.sym.BytesToNameCanonicalizer_ESTest" name="test60" time="0.005">
    <error message="tried to access class com.fasterxml.jackson.core.sym.BytesToNameCanonicalizer$__CLR4_4_15a55a5lds7gu1m from class com.fasterxml.jackson.core.sym.BytesToNameCanonicalizer" type="java.lang.IllegalAccessError">java.lang.IllegalAccessError: tried to access class com.fasterxml.jackson.core.sym.BytesToNameCanonicalizer$__CLR4_4_15a55a5lds7gu1m from class com.fasterxml.jackson.core.sym.BytesToNameCanonicalizer
	at com.fasterxml.jackson.core.sym.BytesToNameCanonicalizer.createRoot(BytesToNameCanonicalizer.java:332)
	at com.fasterxml.jackson.core.sym.BytesToNameCanonicalizer_ESTest.test60(BytesToNameCanonicalizer_ESTest.java:798)
	at java.util.concurrent.FutureTask.run(FutureTask.java:266)
	at java.lang.Thread.run(Thread.java:750)
</error>
  </testcase>
  <testcase classname="com.fasterxml.jackson.core.sym.BytesToNameCanonicalizer_ESTest" name="test63" time="0.003">
    <error message="tried to access class com.fasterxml.jackson.core.sym.BytesToNameCanonicalizer$__CLR4_4_15a55a5lds7gu1m from class com.fasterxml.jackson.core.sym.BytesToNameCanonicalizer" type="java.lang.IllegalAccessError">java.lang.IllegalAccessError: tried to access class com.fasterxml.jackson.core.sym.BytesToNameCanonicalizer$__CLR4_4_15a55a5lds7gu1m from class com.fasterxml.jackson.core.sym.BytesToNameCanonicalizer
	at com.fasterxml.jackson.core.sym.BytesToNameCanonicalizer.createRoot(BytesToNameCanonicalizer.java:318)
	at com.fasterxml.jackson.core.sym.BytesToNameCanonicalizer_ESTest.test63(BytesToNameCanonicalizer_ESTest.java:829)
	at java.util.concurrent.FutureTask.run(FutureTask.java:266)
	at java.lang.Thread.run(Thread.java:750)
</error>
  </testcase>
  <testcase classname="com.fasterxml.jackson.core.sym.BytesToNameCanonicalizer_ESTest" name="test62" time="0.002">
    <error message="tried to access class com.fasterxml.jackson.core.sym.BytesToNameCanonicalizer$__CLR4_4_15a55a5lds7gu1m from class com.fasterxml.jackson.core.sym.BytesToNameCanonicalizer" type="java.lang.IllegalAccessError">java.lang.IllegalAccessError: tried to access class com.fasterxml.jackson.core.sym.BytesToNameCanonicalizer$__CLR4_4_15a55a5lds7gu1m from class com.fasterxml.jackson.core.sym.BytesToNameCanonicalizer
	at com.fasterxml.jackson.core.sym.BytesToNameCanonicalizer.createRoot(BytesToNameCanonicalizer.java:318)
	at com.fasterxml.jackson.core.sym.BytesToNameCanonicalizer_ESTest.test62(BytesToNameCanonicalizer_ESTest.java:821)
	at java.util.concurrent.FutureTask.run(FutureTask.java:266)
	at java.lang.Thread.run(Thread.java:750)
</error>
  </testcase>
  <testcase classname="com.fasterxml.jackson.core.sym.BytesToNameCanonicalizer_ESTest" name="test21" time="0.002">
    <error message="tried to access class com.fasterxml.jackson.core.sym.BytesToNameCanonicalizer$__CLR4_4_15a55a5lds7gu1m from class com.fasterxml.jackson.core.sym.BytesToNameCanonicalizer" type="java.lang.IllegalAccessError">java.lang.IllegalAccessError: tried to access class com.fasterxml.jackson.core.sym.BytesToNameCanonicalizer$__CLR4_4_15a55a5lds7gu1m from class com.fasterxml.jackson.core.sym.BytesToNameCanonicalizer
	at com.fasterxml.jackson.core.sym.BytesToNameCanonicalizer.createRoot(BytesToNameCanonicalizer.java:332)
	at com.fasterxml.jackson.core.sym.BytesToNameCanonicalizer_ESTest.test21(BytesToNameCanonicalizer_ESTest.java:275)
	at java.util.concurrent.FutureTask.run(FutureTask.java:266)
	at java.lang.Thread.run(Thread.java:750)
</error>
  </testcase>
  <testcase classname="com.fasterxml.jackson.core.sym.BytesToNameCanonicalizer_ESTest" name="test65" time="0.002">
    <error message="tried to access class com.fasterxml.jackson.core.sym.BytesToNameCanonicalizer$__CLR4_4_15a55a5lds7gu1m from class com.fasterxml.jackson.core.sym.BytesToNameCanonicalizer" type="java.lang.IllegalAccessError">java.lang.IllegalAccessError: tried to access class com.fasterxml.jackson.core.sym.BytesToNameCanonicalizer$__CLR4_4_15a55a5lds7gu1m from class com.fasterxml.jackson.core.sym.BytesToNameCanonicalizer
	at com.fasterxml.jackson.core.sym.BytesToNameCanonicalizer.createRoot(BytesToNameCanonicalizer.java:318)
	at com.fasterxml.jackson.core.sym.BytesToNameCanonicalizer_ESTest.test65(BytesToNameCanonicalizer_ESTest.java:853)
	at java.util.concurrent.FutureTask.run(FutureTask.java:266)
	at java.lang.Thread.run(Thread.java:750)
</error>
  </testcase>
  <testcase classname="com.fasterxml.jackson.core.sym.BytesToNameCanonicalizer_ESTest" name="test20" time="0.003">
    <error message="tried to access class com.fasterxml.jackson.core.sym.BytesToNameCanonicalizer$__CLR4_4_15a55a5lds7gu1m from class com.fasterxml.jackson.core.sym.BytesToNameCanonicalizer" type="java.lang.IllegalAccessError">java.lang.IllegalAccessError: tried to access class com.fasterxml.jackson.core.sym.BytesToNameCanonicalizer$__CLR4_4_15a55a5lds7gu1m from class com.fasterxml.jackson.core.sym.BytesToNameCanonicalizer
	at com.fasterxml.jackson.core.sym.BytesToNameCanonicalizer.createRoot(BytesToNameCanonicalizer.java:318)
	at com.fasterxml.jackson.core.sym.BytesToNameCanonicalizer_ESTest.test20(BytesToNameCanonicalizer_ESTest.java:268)
	at java.util.concurrent.FutureTask.run(FutureTask.java:266)
	at java.lang.Thread.run(Thread.java:750)
</error>
  </testcase>
  <testcase classname="com.fasterxml.jackson.core.sym.BytesToNameCanonicalizer_ESTest" name="test64" time="0.003">
    <error message="tried to access class com.fasterxml.jackson.core.sym.BytesToNameCanonicalizer$__CLR4_4_15a55a5lds7gu1m from class com.fasterxml.jackson.core.sym.BytesToNameCanonicalizer" type="java.lang.IllegalAccessError">java.lang.IllegalAccessError: tried to access class com.fasterxml.jackson.core.sym.BytesToNameCanonicalizer$__CLR4_4_15a55a5lds7gu1m from class com.fasterxml.jackson.core.sym.BytesToNameCanonicalizer
	at com.fasterxml.jackson.core.sym.BytesToNameCanonicalizer.createRoot(BytesToNameCanonicalizer.java:318)
	at com.fasterxml.jackson.core.sym.BytesToNameCanonicalizer_ESTest.test64(BytesToNameCanonicalizer_ESTest.java:841)
	at java.util.concurrent.FutureTask.run(FutureTask.java:266)
	at java.lang.Thread.run(Thread.java:750)
</error>
  </testcase>
  <testcase classname="com.fasterxml.jackson.core.sym.BytesToNameCanonicalizer_ESTest" name="test23" time="0.002">
    <error message="tried to access class com.fasterxml.jackson.core.sym.BytesToNameCanonicalizer$__CLR4_4_15a55a5lds7gu1m from class com.fasterxml.jackson.core.sym.BytesToNameCanonicalizer" type="java.lang.IllegalAccessError">java.lang.IllegalAccessError: tried to access class com.fasterxml.jackson.core.sym.BytesToNameCanonicalizer$__CLR4_4_15a55a5lds7gu1m from class com.fasterxml.jackson.core.sym.BytesToNameCanonicalizer
	at com.fasterxml.jackson.core.sym.BytesToNameCanonicalizer.createRoot(BytesToNameCanonicalizer.java:318)
	at com.fasterxml.jackson.core.sym.BytesToNameCanonicalizer_ESTest.test23(BytesToNameCanonicalizer_ESTest.java:291)
	at java.util.concurrent.FutureTask.run(FutureTask.java:266)
	at java.lang.Thread.run(Thread.java:750)
</error>
  </testcase>
  <testcase classname="com.fasterxml.jackson.core.sym.BytesToNameCanonicalizer_ESTest" name="test67" time="0.003">
    <error message="tried to access class com.fasterxml.jackson.core.sym.BytesToNameCanonicalizer$__CLR4_4_15a55a5lds7gu1m from class com.fasterxml.jackson.core.sym.BytesToNameCanonicalizer" type="java.lang.IllegalAccessError">java.lang.IllegalAccessError: tried to access class com.fasterxml.jackson.core.sym.BytesToNameCanonicalizer$__CLR4_4_15a55a5lds7gu1m from class com.fasterxml.jackson.core.sym.BytesToNameCanonicalizer
	at com.fasterxml.jackson.core.sym.BytesToNameCanonicalizer.createRoot(BytesToNameCanonicalizer.java:318)
	at com.fasterxml.jackson.core.sym.BytesToNameCanonicalizer_ESTest.test67(BytesToNameCanonicalizer_ESTest.java:876)
	at java.util.concurrent.FutureTask.run(FutureTask.java:266)
	at java.lang.Thread.run(Thread.java:750)
</error>
  </testcase>
  <testcase classname="com.fasterxml.jackson.core.sym.BytesToNameCanonicalizer_ESTest" name="test22" time="0.003">
    <error message="tried to access class com.fasterxml.jackson.core.sym.BytesToNameCanonicalizer$__CLR4_4_15a55a5lds7gu1m from class com.fasterxml.jackson.core.sym.BytesToNameCanonicalizer" type="java.lang.IllegalAccessError">java.lang.IllegalAccessError: tried to access class com.fasterxml.jackson.core.sym.BytesToNameCanonicalizer$__CLR4_4_15a55a5lds7gu1m from class com.fasterxml.jackson.core.sym.BytesToNameCanonicalizer
	at com.fasterxml.jackson.core.sym.BytesToNameCanonicalizer.createRoot(BytesToNameCanonicalizer.java:318)
	at com.fasterxml.jackson.core.sym.BytesToNameCanonicalizer_ESTest.test22(BytesToNameCanonicalizer_ESTest.java:283)
	at java.util.concurrent.FutureTask.run(FutureTask.java:266)
	at java.lang.Thread.run(Thread.java:750)
</error>
  </testcase>
  <testcase classname="com.fasterxml.jackson.core.sym.BytesToNameCanonicalizer_ESTest" name="test66" time="0.002">
    <error message="tried to access class com.fasterxml.jackson.core.sym.BytesToNameCanonicalizer$__CLR4_4_15a55a5lds7gu1m from class com.fasterxml.jackson.core.sym.BytesToNameCanonicalizer" type="java.lang.IllegalAccessError">java.lang.IllegalAccessError: tried to access class com.fasterxml.jackson.core.sym.BytesToNameCanonicalizer$__CLR4_4_15a55a5lds7gu1m from class com.fasterxml.jackson.core.sym.BytesToNameCanonicalizer
	at com.fasterxml.jackson.core.sym.BytesToNameCanonicalizer.createRoot(BytesToNameCanonicalizer.java:318)
	at com.fasterxml.jackson.core.sym.BytesToNameCanonicalizer_ESTest.test66(BytesToNameCanonicalizer_ESTest.java:861)
	at java.util.concurrent.FutureTask.run(FutureTask.java:266)
	at java.lang.Thread.run(Thread.java:750)
</error>
  </testcase>
  <testcase classname="com.fasterxml.jackson.core.sym.BytesToNameCanonicalizer_ESTest" name="test25" time="0.002">
    <error message="tried to access class com.fasterxml.jackson.core.sym.BytesToNameCanonicalizer$__CLR4_4_15a55a5lds7gu1m from class com.fasterxml.jackson.core.sym.BytesToNameCanonicalizer" type="java.lang.IllegalAccessError">java.lang.IllegalAccessError: tried to access class com.fasterxml.jackson.core.sym.BytesToNameCanonicalizer$__CLR4_4_15a55a5lds7gu1m from class com.fasterxml.jackson.core.sym.BytesToNameCanonicalizer
	at com.fasterxml.jackson.core.sym.BytesToNameCanonicalizer.createRoot(BytesToNameCanonicalizer.java:318)
	at com.fasterxml.jackson.core.sym.BytesToNameCanonicalizer_ESTest.test25(BytesToNameCanonicalizer_ESTest.java:313)
	at java.util.concurrent.FutureTask.run(FutureTask.java:266)
	at java.lang.Thread.run(Thread.java:750)
</error>
  </testcase>
  <testcase classname="com.fasterxml.jackson.core.sym.BytesToNameCanonicalizer_ESTest" name="test69" time="0.002">
    <error message="tried to access class com.fasterxml.jackson.core.sym.BytesToNameCanonicalizer$__CLR4_4_15a55a5lds7gu1m from class com.fasterxml.jackson.core.sym.BytesToNameCanonicalizer" type="java.lang.IllegalAccessError">java.lang.IllegalAccessError: tried to access class com.fasterxml.jackson.core.sym.BytesToNameCanonicalizer$__CLR4_4_15a55a5lds7gu1m from class com.fasterxml.jackson.core.sym.BytesToNameCanonicalizer
	at com.fasterxml.jackson.core.sym.BytesToNameCanonicalizer.getEmptyName(BytesToNameCanonicalizer.java:461)
	at com.fasterxml.jackson.core.sym.BytesToNameCanonicalizer_ESTest.test69(BytesToNameCanonicalizer_ESTest.java:901)
	at java.util.concurrent.FutureTask.run(FutureTask.java:266)
	at java.lang.Thread.run(Thread.java:750)
</error>
  </testcase>
  <testcase classname="com.fasterxml.jackson.core.sym.BytesToNameCanonicalizer_ESTest" name="test24" time="0.002">
    <error message="tried to access class com.fasterxml.jackson.core.sym.BytesToNameCanonicalizer$__CLR4_4_15a55a5lds7gu1m from class com.fasterxml.jackson.core.sym.BytesToNameCanonicalizer" type="java.lang.IllegalAccessError">java.lang.IllegalAccessError: tried to access class com.fasterxml.jackson.core.sym.BytesToNameCanonicalizer$__CLR4_4_15a55a5lds7gu1m from class com.fasterxml.jackson.core.sym.BytesToNameCanonicalizer
	at com.fasterxml.jackson.core.sym.BytesToNameCanonicalizer.createRoot(BytesToNameCanonicalizer.java:318)
	at com.fasterxml.jackson.core.sym.BytesToNameCanonicalizer_ESTest.test24(BytesToNameCanonicalizer_ESTest.java:304)
	at java.util.concurrent.FutureTask.run(FutureTask.java:266)
	at java.lang.Thread.run(Thread.java:750)
</error>
  </testcase>
  <testcase classname="com.fasterxml.jackson.core.sym.BytesToNameCanonicalizer_ESTest" name="test68" time="0.003">
    <error message="tried to access class com.fasterxml.jackson.core.sym.BytesToNameCanonicalizer$__CLR4_4_15a55a5lds7gu1m from class com.fasterxml.jackson.core.sym.BytesToNameCanonicalizer" type="java.lang.IllegalAccessError">java.lang.IllegalAccessError: tried to access class com.fasterxml.jackson.core.sym.BytesToNameCanonicalizer$__CLR4_4_15a55a5lds7gu1m from class com.fasterxml.jackson.core.sym.BytesToNameCanonicalizer
	at com.fasterxml.jackson.core.sym.BytesToNameCanonicalizer.createRoot(BytesToNameCanonicalizer.java:332)
	at com.fasterxml.jackson.core.sym.BytesToNameCanonicalizer_ESTest.test68(BytesToNameCanonicalizer_ESTest.java:892)
	at java.util.concurrent.FutureTask.run(FutureTask.java:266)
	at java.lang.Thread.run(Thread.java:750)
</error>
  </testcase>
  <testcase classname="com.fasterxml.jackson.core.sym.BytesToNameCanonicalizer_ESTest" name="test27" time="0.002">
    <error message="tried to access class com.fasterxml.jackson.core.sym.BytesToNameCanonicalizer$__CLR4_4_15a55a5lds7gu1m from class com.fasterxml.jackson.core.sym.BytesToNameCanonicalizer" type="java.lang.IllegalAccessError">java.lang.IllegalAccessError: tried to access class com.fasterxml.jackson.core.sym.BytesToNameCanonicalizer$__CLR4_4_15a55a5lds7gu1m from class com.fasterxml.jackson.core.sym.BytesToNameCanonicalizer
	at com.fasterxml.jackson.core.sym.BytesToNameCanonicalizer.createRoot(BytesToNameCanonicalizer.java:318)
	at com.fasterxml.jackson.core.sym.BytesToNameCanonicalizer_ESTest.test27(BytesToNameCanonicalizer_ESTest.java:347)
	at java.util.concurrent.FutureTask.run(FutureTask.java:266)
	at java.lang.Thread.run(Thread.java:750)
</error>
  </testcase>
  <testcase classname="com.fasterxml.jackson.core.sym.BytesToNameCanonicalizer_ESTest" name="test26" time="0.002">
    <error message="tried to access class com.fasterxml.jackson.core.sym.BytesToNameCanonicalizer$__CLR4_4_15a55a5lds7gu1m from class com.fasterxml.jackson.core.sym.BytesToNameCanonicalizer" type="java.lang.IllegalAccessError">java.lang.IllegalAccessError: tried to access class com.fasterxml.jackson.core.sym.BytesToNameCanonicalizer$__CLR4_4_15a55a5lds7gu1m from class com.fasterxml.jackson.core.sym.BytesToNameCanonicalizer
	at com.fasterxml.jackson.core.sym.BytesToNameCanonicalizer.createRoot(BytesToNameCanonicalizer.java:318)
	at com.fasterxml.jackson.core.sym.BytesToNameCanonicalizer_ESTest.test26(BytesToNameCanonicalizer_ESTest.java:330)
	at java.util.concurrent.FutureTask.run(FutureTask.java:266)
	at java.lang.Thread.run(Thread.java:750)
</error>
  </testcase>
  <testcase classname="com.fasterxml.jackson.core.sym.BytesToNameCanonicalizer_ESTest" name="test29" time="0.002">
    <error message="tried to access class com.fasterxml.jackson.core.sym.BytesToNameCanonicalizer$__CLR4_4_15a55a5lds7gu1m from class com.fasterxml.jackson.core.sym.BytesToNameCanonicalizer" type="java.lang.IllegalAccessError">java.lang.IllegalAccessError: tried to access class com.fasterxml.jackson.core.sym.BytesToNameCanonicalizer$__CLR4_4_15a55a5lds7gu1m from class com.fasterxml.jackson.core.sym.BytesToNameCanonicalizer
	at com.fasterxml.jackson.core.sym.BytesToNameCanonicalizer.createRoot(BytesToNameCanonicalizer.java:318)
	at com.fasterxml.jackson.core.sym.BytesToNameCanonicalizer_ESTest.test29(BytesToNameCanonicalizer_ESTest.java:380)
	at java.util.concurrent.FutureTask.run(FutureTask.java:266)
	at java.lang.Thread.run(Thread.java:750)
</error>
  </testcase>
  <testcase classname="com.fasterxml.jackson.core.sym.BytesToNameCanonicalizer_ESTest" name="test28" time="0.002">
    <error message="tried to access class com.fasterxml.jackson.core.sym.BytesToNameCanonicalizer$__CLR4_4_15a55a5lds7gu1m from class com.fasterxml.jackson.core.sym.BytesToNameCanonicalizer" type="java.lang.IllegalAccessError">java.lang.IllegalAccessError: tried to access class com.fasterxml.jackson.core.sym.BytesToNameCanonicalizer$__CLR4_4_15a55a5lds7gu1m from class com.fasterxml.jackson.core.sym.BytesToNameCanonicalizer
	at com.fasterxml.jackson.core.sym.BytesToNameCanonicalizer.calcQuads(BytesToNameCanonicalizer.java:718)
	at com.fasterxml.jackson.core.sym.BytesToNameCanonicalizer_ESTest.test28(BytesToNameCanonicalizer_ESTest.java:367)
	at java.util.concurrent.FutureTask.run(FutureTask.java:266)
	at java.lang.Thread.run(Thread.java:750)
</error>
  </testcase>
  <testcase classname="com.fasterxml.jackson.core.sym.BytesToNameCanonicalizer_ESTest" name="test50" time="0.002">
    <error message="tried to access class com.fasterxml.jackson.core.sym.BytesToNameCanonicalizer$__CLR4_4_15a55a5lds7gu1m from class com.fasterxml.jackson.core.sym.BytesToNameCanonicalizer" type="java.lang.IllegalAccessError">java.lang.IllegalAccessError: tried to access class com.fasterxml.jackson.core.sym.BytesToNameCanonicalizer$__CLR4_4_15a55a5lds7gu1m from class com.fasterxml.jackson.core.sym.BytesToNameCanonicalizer
	at com.fasterxml.jackson.core.sym.BytesToNameCanonicalizer.createRoot(BytesToNameCanonicalizer.java:318)
	at com.fasterxml.jackson.core.sym.BytesToNameCanonicalizer_ESTest.test50(BytesToNameCanonicalizer_ESTest.java:636)
	at java.util.concurrent.FutureTask.run(FutureTask.java:266)
	at java.lang.Thread.run(Thread.java:750)
</error>
  </testcase>
  <testcase classname="com.fasterxml.jackson.core.sym.BytesToNameCanonicalizer_ESTest" name="test52" time="0.002">
    <error message="tried to access class com.fasterxml.jackson.core.sym.BytesToNameCanonicalizer$__CLR4_4_15a55a5lds7gu1m from class com.fasterxml.jackson.core.sym.BytesToNameCanonicalizer" type="java.lang.IllegalAccessError">java.lang.IllegalAccessError: tried to access class com.fasterxml.jackson.core.sym.BytesToNameCanonicalizer$__CLR4_4_15a55a5lds7gu1m from class com.fasterxml.jackson.core.sym.BytesToNameCanonicalizer
	at com.fasterxml.jackson.core.sym.BytesToNameCanonicalizer.createRoot(BytesToNameCanonicalizer.java:332)
	at com.fasterxml.jackson.core.sym.BytesToNameCanonicalizer_ESTest.test52(BytesToNameCanonicalizer_ESTest.java:670)
	at java.util.concurrent.FutureTask.run(FutureTask.java:266)
	at java.lang.Thread.run(Thread.java:750)
</error>
  </testcase>
  <testcase classname="com.fasterxml.jackson.core.sym.BytesToNameCanonicalizer_ESTest" name="test51" time="0.002">
    <error message="tried to access class com.fasterxml.jackson.core.sym.BytesToNameCanonicalizer$__CLR4_4_15a55a5lds7gu1m from class com.fasterxml.jackson.core.sym.BytesToNameCanonicalizer" type="java.lang.IllegalAccessError">java.lang.IllegalAccessError: tried to access class com.fasterxml.jackson.core.sym.BytesToNameCanonicalizer$__CLR4_4_15a55a5lds7gu1m from class com.fasterxml.jackson.core.sym.BytesToNameCanonicalizer
	at com.fasterxml.jackson.core.sym.BytesToNameCanonicalizer.createRoot(BytesToNameCanonicalizer.java:332)
	at com.fasterxml.jackson.core.sym.BytesToNameCanonicalizer_ESTest.test51(BytesToNameCanonicalizer_ESTest.java:653)
	at java.util.concurrent.FutureTask.run(FutureTask.java:266)
	at java.lang.Thread.run(Thread.java:750)
</error>
  </testcase>
  <testcase classname="com.fasterxml.jackson.core.sym.BytesToNameCanonicalizer_ESTest" name="test10" time="0.002">
    <error message="tried to access class com.fasterxml.jackson.core.sym.BytesToNameCanonicalizer$__CLR4_4_15a55a5lds7gu1m from class com.fasterxml.jackson.core.sym.BytesToNameCanonicalizer" type="java.lang.IllegalAccessError">java.lang.IllegalAccessError: tried to access class com.fasterxml.jackson.core.sym.BytesToNameCanonicalizer$__CLR4_4_15a55a5lds7gu1m from class com.fasterxml.jackson.core.sym.BytesToNameCanonicalizer
	at com.fasterxml.jackson.core.sym.BytesToNameCanonicalizer.createRoot(BytesToNameCanonicalizer.java:318)
	at com.fasterxml.jackson.core.sym.BytesToNameCanonicalizer_ESTest.test10(BytesToNameCanonicalizer_ESTest.java:181)
	at java.util.concurrent.FutureTask.run(FutureTask.java:266)
	at java.lang.Thread.run(Thread.java:750)
</error>
  </testcase>
  <testcase classname="com.fasterxml.jackson.core.sym.BytesToNameCanonicalizer_ESTest" name="test54" time="0.001">
    <error message="tried to access class com.fasterxml.jackson.core.sym.BytesToNameCanonicalizer$__CLR4_4_15a55a5lds7gu1m from class com.fasterxml.jackson.core.sym.BytesToNameCanonicalizer" type="java.lang.IllegalAccessError">java.lang.IllegalAccessError: tried to access class com.fasterxml.jackson.core.sym.BytesToNameCanonicalizer$__CLR4_4_15a55a5lds7gu1m from class com.fasterxml.jackson.core.sym.BytesToNameCanonicalizer
	at com.fasterxml.jackson.core.sym.BytesToNameCanonicalizer.createRoot(BytesToNameCanonicalizer.java:318)
	at com.fasterxml.jackson.core.sym.BytesToNameCanonicalizer_ESTest.test54(BytesToNameCanonicalizer_ESTest.java:705)
	at java.util.concurrent.FutureTask.run(FutureTask.java:266)
	at java.lang.Thread.run(Thread.java:750)
</error>
  </testcase>
  <testcase classname="com.fasterxml.jackson.core.sym.BytesToNameCanonicalizer_ESTest" name="test53" time="0.001">
    <error message="tried to access class com.fasterxml.jackson.core.sym.BytesToNameCanonicalizer$__CLR4_4_15a55a5lds7gu1m from class com.fasterxml.jackson.core.sym.BytesToNameCanonicalizer" type="java.lang.IllegalAccessError">java.lang.IllegalAccessError: tried to access class com.fasterxml.jackson.core.sym.BytesToNameCanonicalizer$__CLR4_4_15a55a5lds7gu1m from class com.fasterxml.jackson.core.sym.BytesToNameCanonicalizer
	at com.fasterxml.jackson.core.sym.BytesToNameCanonicalizer.createRoot(BytesToNameCanonicalizer.java:318)
	at com.fasterxml.jackson.core.sym.BytesToNameCanonicalizer_ESTest.test53(BytesToNameCanonicalizer_ESTest.java:687)
	at java.util.concurrent.FutureTask.run(FutureTask.java:266)
	at java.lang.Thread.run(Thread.java:750)
</error>
  </testcase>
  <testcase classname="com.fasterxml.jackson.core.sym.BytesToNameCanonicalizer_ESTest" name="test12" time="0.002">
    <error message="tried to access class com.fasterxml.jackson.core.sym.BytesToNameCanonicalizer$__CLR4_4_15a55a5lds7gu1m from class com.fasterxml.jackson.core.sym.BytesToNameCanonicalizer" type="java.lang.IllegalAccessError">java.lang.IllegalAccessError: tried to access class com.fasterxml.jackson.core.sym.BytesToNameCanonicalizer$__CLR4_4_15a55a5lds7gu1m from class com.fasterxml.jackson.core.sym.BytesToNameCanonicalizer
	at com.fasterxml.jackson.core.sym.BytesToNameCanonicalizer.createRoot(BytesToNameCanonicalizer.java:318)
	at com.fasterxml.jackson.core.sym.BytesToNameCanonicalizer_ESTest.test12(BytesToNameCanonicalizer_ESTest.java:199)
	at java.util.concurrent.FutureTask.run(FutureTask.java:266)
	at java.lang.Thread.run(Thread.java:750)
</error>
  </testcase>
  <testcase classname="com.fasterxml.jackson.core.sym.BytesToNameCanonicalizer_ESTest" name="test56" time="0.002">
    <error message="tried to access class com.fasterxml.jackson.core.sym.BytesToNameCanonicalizer$__CLR4_4_15a55a5lds7gu1m from class com.fasterxml.jackson.core.sym.BytesToNameCanonicalizer" type="java.lang.IllegalAccessError">java.lang.IllegalAccessError: tried to access class com.fasterxml.jackson.core.sym.BytesToNameCanonicalizer$__CLR4_4_15a55a5lds7gu1m from class com.fasterxml.jackson.core.sym.BytesToNameCanonicalizer
	at com.fasterxml.jackson.core.sym.BytesToNameCanonicalizer.createRoot(BytesToNameCanonicalizer.java:332)
	at com.fasterxml.jackson.core.sym.BytesToNameCanonicalizer_ESTest.test56(BytesToNameCanonicalizer_ESTest.java:730)
	at java.util.concurrent.FutureTask.run(FutureTask.java:266)
	at java.lang.Thread.run(Thread.java:750)
</error>
  </testcase>
  <testcase classname="com.fasterxml.jackson.core.sym.BytesToNameCanonicalizer_ESTest" name="test11" time="0.001">
    <error message="tried to access class com.fasterxml.jackson.core.sym.BytesToNameCanonicalizer$__CLR4_4_15a55a5lds7gu1m from class com.fasterxml.jackson.core.sym.BytesToNameCanonicalizer" type="java.lang.IllegalAccessError">java.lang.IllegalAccessError: tried to access class com.fasterxml.jackson.core.sym.BytesToNameCanonicalizer$__CLR4_4_15a55a5lds7gu1m from class com.fasterxml.jackson.core.sym.BytesToNameCanonicalizer
	at com.fasterxml.jackson.core.sym.BytesToNameCanonicalizer.createRoot(BytesToNameCanonicalizer.java:318)
	at com.fasterxml.jackson.core.sym.BytesToNameCanonicalizer_ESTest.test11(BytesToNameCanonicalizer_ESTest.java:191)
	at java.util.concurrent.FutureTask.run(FutureTask.java:266)
	at java.lang.Thread.run(Thread.java:750)
</error>
  </testcase>
  <testcase classname="com.fasterxml.jackson.core.sym.BytesToNameCanonicalizer_ESTest" name="test55" time="0.002">
    <error message="tried to access class com.fasterxml.jackson.core.sym.BytesToNameCanonicalizer$__CLR4_4_15a55a5lds7gu1m from class com.fasterxml.jackson.core.sym.BytesToNameCanonicalizer" type="java.lang.IllegalAccessError">java.lang.IllegalAccessError: tried to access class com.fasterxml.jackson.core.sym.BytesToNameCanonicalizer$__CLR4_4_15a55a5lds7gu1m from class com.fasterxml.jackson.core.sym.BytesToNameCanonicalizer
	at com.fasterxml.jackson.core.sym.BytesToNameCanonicalizer.createRoot(BytesToNameCanonicalizer.java:332)
	at com.fasterxml.jackson.core.sym.BytesToNameCanonicalizer_ESTest.test55(BytesToNameCanonicalizer_ESTest.java:721)
	at java.util.concurrent.FutureTask.run(FutureTask.java:266)
	at java.lang.Thread.run(Thread.java:750)
</error>
  </testcase>
  <testcase classname="com.fasterxml.jackson.core.sym.BytesToNameCanonicalizer_ESTest" name="test14" time="0.002">
    <error message="tried to access class com.fasterxml.jackson.core.sym.BytesToNameCanonicalizer$__CLR4_4_15a55a5lds7gu1m from class com.fasterxml.jackson.core.sym.BytesToNameCanonicalizer" type="java.lang.IllegalAccessError">java.lang.IllegalAccessError: tried to access class com.fasterxml.jackson.core.sym.BytesToNameCanonicalizer$__CLR4_4_15a55a5lds7gu1m from class com.fasterxml.jackson.core.sym.BytesToNameCanonicalizer
	at com.fasterxml.jackson.core.sym.BytesToNameCanonicalizer.createRoot(BytesToNameCanonicalizer.java:332)
	at com.fasterxml.jackson.core.sym.BytesToNameCanonicalizer_ESTest.test14(BytesToNameCanonicalizer_ESTest.java:219)
	at java.util.concurrent.FutureTask.run(FutureTask.java:266)
	at java.lang.Thread.run(Thread.java:750)
</error>
  </testcase>
  <testcase classname="com.fasterxml.jackson.core.sym.BytesToNameCanonicalizer_ESTest" name="test58" time="0.001">
    <error message="tried to access class com.fasterxml.jackson.core.sym.BytesToNameCanonicalizer$__CLR4_4_15a55a5lds7gu1m from class com.fasterxml.jackson.core.sym.BytesToNameCanonicalizer" type="java.lang.IllegalAccessError">java.lang.IllegalAccessError: tried to access class com.fasterxml.jackson.core.sym.BytesToNameCanonicalizer$__CLR4_4_15a55a5lds7gu1m from class com.fasterxml.jackson.core.sym.BytesToNameCanonicalizer
	at com.fasterxml.jackson.core.sym.BytesToNameCanonicalizer.createRoot(BytesToNameCanonicalizer.java:318)
	at com.fasterxml.jackson.core.sym.BytesToNameCanonicalizer_ESTest.test58(BytesToNameCanonicalizer_ESTest.java:761)
	at java.util.concurrent.FutureTask.run(FutureTask.java:266)
	at java.lang.Thread.run(Thread.java:750)
</error>
  </testcase>
  <testcase classname="com.fasterxml.jackson.core.sym.BytesToNameCanonicalizer_ESTest" name="test13" time="0.002">
    <error message="tried to access class com.fasterxml.jackson.core.sym.BytesToNameCanonicalizer$__CLR4_4_15a55a5lds7gu1m from class com.fasterxml.jackson.core.sym.BytesToNameCanonicalizer" type="java.lang.IllegalAccessError">java.lang.IllegalAccessError: tried to access class com.fasterxml.jackson.core.sym.BytesToNameCanonicalizer$__CLR4_4_15a55a5lds7gu1m from class com.fasterxml.jackson.core.sym.BytesToNameCanonicalizer
	at com.fasterxml.jackson.core.sym.BytesToNameCanonicalizer.createRoot(BytesToNameCanonicalizer.java:332)
	at com.fasterxml.jackson.core.sym.BytesToNameCanonicalizer_ESTest.test13(BytesToNameCanonicalizer_ESTest.java:207)
	at java.util.concurrent.FutureTask.run(FutureTask.java:266)
	at java.lang.Thread.run(Thread.java:750)
</error>
  </testcase>
  <testcase classname="com.fasterxml.jackson.core.sym.BytesToNameCanonicalizer_ESTest" name="test57" time="0.002">
    <error message="tried to access class com.fasterxml.jackson.core.sym.BytesToNameCanonicalizer$__CLR4_4_15a55a5lds7gu1m from class com.fasterxml.jackson.core.sym.BytesToNameCanonicalizer" type="java.lang.IllegalAccessError">java.lang.IllegalAccessError: tried to access class com.fasterxml.jackson.core.sym.BytesToNameCanonicalizer$__CLR4_4_15a55a5lds7gu1m from class com.fasterxml.jackson.core.sym.BytesToNameCanonicalizer
	at com.fasterxml.jackson.core.sym.BytesToNameCanonicalizer.createRoot(BytesToNameCanonicalizer.java:318)
	at com.fasterxml.jackson.core.sym.BytesToNameCanonicalizer_ESTest.test57(BytesToNameCanonicalizer_ESTest.java:749)
	at java.util.concurrent.FutureTask.run(FutureTask.java:266)
	at java.lang.Thread.run(Thread.java:750)
</error>
  </testcase>
  <testcase classname="com.fasterxml.jackson.core.sym.BytesToNameCanonicalizer_ESTest" name="test16" time="0.002">
    <error message="tried to access class com.fasterxml.jackson.core.sym.BytesToNameCanonicalizer$__CLR4_4_15a55a5lds7gu1m from class com.fasterxml.jackson.core.sym.BytesToNameCanonicalizer" type="java.lang.IllegalAccessError">java.lang.IllegalAccessError: tried to access class com.fasterxml.jackson.core.sym.BytesToNameCanonicalizer$__CLR4_4_15a55a5lds7gu1m from class com.fasterxml.jackson.core.sym.BytesToNameCanonicalizer
	at com.fasterxml.jackson.core.sym.BytesToNameCanonicalizer.createRoot(BytesToNameCanonicalizer.java:318)
	at com.fasterxml.jackson.core.sym.BytesToNameCanonicalizer_ESTest.test16(BytesToNameCanonicalizer_ESTest.java:235)
	at java.util.concurrent.FutureTask.run(FutureTask.java:266)
	at java.lang.Thread.run(Thread.java:750)
</error>
  </testcase>
  <testcase classname="com.fasterxml.jackson.core.sym.BytesToNameCanonicalizer_ESTest" name="test15" time="0.002">
    <error message="tried to access class com.fasterxml.jackson.core.sym.BytesToNameCanonicalizer$__CLR4_4_15a55a5lds7gu1m from class com.fasterxml.jackson.core.sym.BytesToNameCanonicalizer" type="java.lang.IllegalAccessError">java.lang.IllegalAccessError: tried to access class com.fasterxml.jackson.core.sym.BytesToNameCanonicalizer$__CLR4_4_15a55a5lds7gu1m from class com.fasterxml.jackson.core.sym.BytesToNameCanonicalizer
	at com.fasterxml.jackson.core.sym.BytesToNameCanonicalizer.createRoot(BytesToNameCanonicalizer.java:318)
	at com.fasterxml.jackson.core.sym.BytesToNameCanonicalizer_ESTest.test15(BytesToNameCanonicalizer_ESTest.java:228)
	at java.util.concurrent.FutureTask.run(FutureTask.java:266)
	at java.lang.Thread.run(Thread.java:750)
</error>
  </testcase>
  <testcase classname="com.fasterxml.jackson.core.sym.BytesToNameCanonicalizer_ESTest" name="test59" time="0.001">
    <error message="tried to access class com.fasterxml.jackson.core.sym.BytesToNameCanonicalizer$__CLR4_4_15a55a5lds7gu1m from class com.fasterxml.jackson.core.sym.BytesToNameCanonicalizer" type="java.lang.IllegalAccessError">java.lang.IllegalAccessError: tried to access class com.fasterxml.jackson.core.sym.BytesToNameCanonicalizer$__CLR4_4_15a55a5lds7gu1m from class com.fasterxml.jackson.core.sym.BytesToNameCanonicalizer
	at com.fasterxml.jackson.core.sym.BytesToNameCanonicalizer.createRoot(BytesToNameCanonicalizer.java:318)
	at com.fasterxml.jackson.core.sym.BytesToNameCanonicalizer_ESTest.test59(BytesToNameCanonicalizer_ESTest.java:779)
	at java.util.concurrent.FutureTask.run(FutureTask.java:266)
	at java.lang.Thread.run(Thread.java:750)
</error>
  </testcase>
  <testcase classname="com.fasterxml.jackson.core.sym.BytesToNameCanonicalizer_ESTest" name="test18" time="0.002">
    <error message="tried to access class com.fasterxml.jackson.core.sym.BytesToNameCanonicalizer$__CLR4_4_15a55a5lds7gu1m from class com.fasterxml.jackson.core.sym.BytesToNameCanonicalizer" type="java.lang.IllegalAccessError">java.lang.IllegalAccessError: tried to access class com.fasterxml.jackson.core.sym.BytesToNameCanonicalizer$__CLR4_4_15a55a5lds7gu1m from class com.fasterxml.jackson.core.sym.BytesToNameCanonicalizer
	at com.fasterxml.jackson.core.sym.BytesToNameCanonicalizer.createRoot(BytesToNameCanonicalizer.java:332)
	at com.fasterxml.jackson.core.sym.BytesToNameCanonicalizer_ESTest.test18(BytesToNameCanonicalizer_ESTest.java:250)
	at java.util.concurrent.FutureTask.run(FutureTask.java:266)
	at java.lang.Thread.run(Thread.java:750)
</error>
  </testcase>
  <testcase classname="com.fasterxml.jackson.core.sym.BytesToNameCanonicalizer_ESTest" name="test17" time="0.002">
    <error message="tried to access class com.fasterxml.jackson.core.sym.BytesToNameCanonicalizer$__CLR4_4_15a55a5lds7gu1m from class com.fasterxml.jackson.core.sym.BytesToNameCanonicalizer" type="java.lang.IllegalAccessError">java.lang.IllegalAccessError: tried to access class com.fasterxml.jackson.core.sym.BytesToNameCanonicalizer$__CLR4_4_15a55a5lds7gu1m from class com.fasterxml.jackson.core.sym.BytesToNameCanonicalizer
	at com.fasterxml.jackson.core.sym.BytesToNameCanonicalizer.calcQuads(BytesToNameCanonicalizer.java:718)
	at com.fasterxml.jackson.core.sym.BytesToNameCanonicalizer_ESTest.test17(BytesToNameCanonicalizer_ESTest.java:244)
	at java.util.concurrent.FutureTask.run(FutureTask.java:266)
	at java.lang.Thread.run(Thread.java:750)
</error>
  </testcase>
  <testcase classname="com.fasterxml.jackson.core.sym.BytesToNameCanonicalizer_ESTest" name="test19" time="0.001">
    <error message="tried to access class com.fasterxml.jackson.core.sym.BytesToNameCanonicalizer$__CLR4_4_15a55a5lds7gu1m from class com.fasterxml.jackson.core.sym.BytesToNameCanonicalizer" type="java.lang.IllegalAccessError">java.lang.IllegalAccessError: tried to access class com.fasterxml.jackson.core.sym.BytesToNameCanonicalizer$__CLR4_4_15a55a5lds7gu1m from class com.fasterxml.jackson.core.sym.BytesToNameCanonicalizer
	at com.fasterxml.jackson.core.sym.BytesToNameCanonicalizer.createRoot(BytesToNameCanonicalizer.java:318)
	at com.fasterxml.jackson.core.sym.BytesToNameCanonicalizer_ESTest.test19(BytesToNameCanonicalizer_ESTest.java:261)
	at java.util.concurrent.FutureTask.run(FutureTask.java:266)
	at java.lang.Thread.run(Thread.java:750)
</error>
  </testcase>
  <testcase classname="com.fasterxml.jackson.core.sym.BytesToNameCanonicalizer_ESTest" name="test41" time="0.002">
    <error message="tried to access class com.fasterxml.jackson.core.sym.BytesToNameCanonicalizer$__CLR4_4_15a55a5lds7gu1m from class com.fasterxml.jackson.core.sym.BytesToNameCanonicalizer" type="java.lang.IllegalAccessError">java.lang.IllegalAccessError: tried to access class com.fasterxml.jackson.core.sym.BytesToNameCanonicalizer$__CLR4_4_15a55a5lds7gu1m from class com.fasterxml.jackson.core.sym.BytesToNameCanonicalizer
	at com.fasterxml.jackson.core.sym.BytesToNameCanonicalizer.getEmptyName(BytesToNameCanonicalizer.java:461)
	at com.fasterxml.jackson.core.sym.BytesToNameCanonicalizer_ESTest.test41(BytesToNameCanonicalizer_ESTest.java:523)
	at java.util.concurrent.FutureTask.run(FutureTask.java:266)
	at java.lang.Thread.run(Thread.java:750)
</error>
  </testcase>
  <testcase classname="com.fasterxml.jackson.core.sym.BytesToNameCanonicalizer_ESTest" name="test40" time="0.001">
    <error message="tried to access class com.fasterxml.jackson.core.sym.BytesToNameCanonicalizer$__CLR4_4_15a55a5lds7gu1m from class com.fasterxml.jackson.core.sym.BytesToNameCanonicalizer" type="java.lang.IllegalAccessError">java.lang.IllegalAccessError: tried to access class com.fasterxml.jackson.core.sym.BytesToNameCanonicalizer$__CLR4_4_15a55a5lds7gu1m from class com.fasterxml.jackson.core.sym.BytesToNameCanonicalizer
	at com.fasterxml.jackson.core.sym.BytesToNameCanonicalizer.getEmptyName(BytesToNameCanonicalizer.java:461)
	at com.fasterxml.jackson.core.sym.BytesToNameCanonicalizer_ESTest.test40(BytesToNameCanonicalizer_ESTest.java:513)
	at java.util.concurrent.FutureTask.run(FutureTask.java:266)
	at java.lang.Thread.run(Thread.java:750)
</error>
  </testcase>
  <testcase classname="com.fasterxml.jackson.core.sym.BytesToNameCanonicalizer_ESTest" name="test43" time="0.002">
    <error message="tried to access class com.fasterxml.jackson.core.sym.BytesToNameCanonicalizer$__CLR4_4_15a55a5lds7gu1m from class com.fasterxml.jackson.core.sym.BytesToNameCanonicalizer$Bucket" type="java.lang.IllegalAccessError">java.lang.IllegalAccessError: tried to access class com.fasterxml.jackson.core.sym.BytesToNameCanonicalizer$__CLR4_4_15a55a5lds7gu1m from class com.fasterxml.jackson.core.sym.BytesToNameCanonicalizer$Bucket
	at com.fasterxml.jackson.core.sym.BytesToNameCanonicalizer$Bucket.&lt;init&gt;(BytesToNameCanonicalizer.java:1154)
	at com.fasterxml.jackson.core.sym.BytesToNameCanonicalizer_ESTest.test43(BytesToNameCanonicalizer_ESTest.java:542)
	at java.util.concurrent.FutureTask.run(FutureTask.java:266)
	at java.lang.Thread.run(Thread.java:750)
</error>
  </testcase>
  <testcase classname="com.fasterxml.jackson.core.sym.BytesToNameCanonicalizer_ESTest" name="test42" time="0.002">
    <error message="tried to access class com.fasterxml.jackson.core.sym.BytesToNameCanonicalizer$__CLR4_4_15a55a5lds7gu1m from class com.fasterxml.jackson.core.sym.BytesToNameCanonicalizer" type="java.lang.IllegalAccessError">java.lang.IllegalAccessError: tried to access class com.fasterxml.jackson.core.sym.BytesToNameCanonicalizer$__CLR4_4_15a55a5lds7gu1m from class com.fasterxml.jackson.core.sym.BytesToNameCanonicalizer
	at com.fasterxml.jackson.core.sym.BytesToNameCanonicalizer.getEmptyName(BytesToNameCanonicalizer.java:461)
	at com.fasterxml.jackson.core.sym.BytesToNameCanonicalizer_ESTest.test42(BytesToNameCanonicalizer_ESTest.java:532)
	at java.util.concurrent.FutureTask.run(FutureTask.java:266)
	at java.lang.Thread.run(Thread.java:750)
</error>
  </testcase>
  <testcase classname="com.fasterxml.jackson.core.sym.BytesToNameCanonicalizer_ESTest" name="test01" time="0.002">
    <error message="tried to access class com.fasterxml.jackson.core.sym.BytesToNameCanonicalizer$__CLR4_4_15a55a5lds7gu1m from class com.fasterxml.jackson.core.sym.BytesToNameCanonicalizer" type="java.lang.IllegalAccessError">java.lang.IllegalAccessError: tried to access class com.fasterxml.jackson.core.sym.BytesToNameCanonicalizer$__CLR4_4_15a55a5lds7gu1m from class com.fasterxml.jackson.core.sym.BytesToNameCanonicalizer
	at com.fasterxml.jackson.core.sym.BytesToNameCanonicalizer.getEmptyName(BytesToNameCanonicalizer.java:461)
	at com.fasterxml.jackson.core.sym.BytesToNameCanonicalizer_ESTest.test01(BytesToNameCanonicalizer_ESTest.java:34)
	at java.util.concurrent.FutureTask.run(FutureTask.java:266)
	at java.lang.Thread.run(Thread.java:750)
</error>
  </testcase>
  <testcase classname="com.fasterxml.jackson.core.sym.BytesToNameCanonicalizer_ESTest" name="test45" time="0.002">
    <error message="tried to access class com.fasterxml.jackson.core.sym.BytesToNameCanonicalizer$__CLR4_4_15a55a5lds7gu1m from class com.fasterxml.jackson.core.sym.BytesToNameCanonicalizer" type="java.lang.IllegalAccessError">java.lang.IllegalAccessError: tried to access class com.fasterxml.jackson.core.sym.BytesToNameCanonicalizer$__CLR4_4_15a55a5lds7gu1m from class com.fasterxml.jackson.core.sym.BytesToNameCanonicalizer
	at com.fasterxml.jackson.core.sym.BytesToNameCanonicalizer.createRoot(BytesToNameCanonicalizer.java:332)
	at com.fasterxml.jackson.core.sym.BytesToNameCanonicalizer_ESTest.test45(BytesToNameCanonicalizer_ESTest.java:566)
	at java.util.concurrent.FutureTask.run(FutureTask.java:266)
	at java.lang.Thread.run(Thread.java:750)
</error>
  </testcase>
  <testcase classname="com.fasterxml.jackson.core.sym.BytesToNameCanonicalizer_ESTest" name="test00" time="0.002">
    <error message="tried to access class com.fasterxml.jackson.core.sym.BytesToNameCanonicalizer$__CLR4_4_15a55a5lds7gu1m from class com.fasterxml.jackson.core.sym.BytesToNameCanonicalizer" type="java.lang.IllegalAccessError">java.lang.IllegalAccessError: tried to access class com.fasterxml.jackson.core.sym.BytesToNameCanonicalizer$__CLR4_4_15a55a5lds7gu1m from class com.fasterxml.jackson.core.sym.BytesToNameCanonicalizer
	at com.fasterxml.jackson.core.sym.BytesToNameCanonicalizer.getEmptyName(BytesToNameCanonicalizer.java:461)
	at com.fasterxml.jackson.core.sym.BytesToNameCanonicalizer_ESTest.test00(BytesToNameCanonicalizer_ESTest.java:25)
	at java.util.concurrent.FutureTask.run(FutureTask.java:266)
	at java.lang.Thread.run(Thread.java:750)
</error>
  </testcase>
  <testcase classname="com.fasterxml.jackson.core.sym.BytesToNameCanonicalizer_ESTest" name="test44" time="0.002">
    <error message="tried to access class com.fasterxml.jackson.core.sym.BytesToNameCanonicalizer$__CLR4_4_15a55a5lds7gu1m from class com.fasterxml.jackson.core.sym.BytesToNameCanonicalizer" type="java.lang.IllegalAccessError">java.lang.IllegalAccessError: tried to access class com.fasterxml.jackson.core.sym.BytesToNameCanonicalizer$__CLR4_4_15a55a5lds7gu1m from class com.fasterxml.jackson.core.sym.BytesToNameCanonicalizer
	at com.fasterxml.jackson.core.sym.BytesToNameCanonicalizer.createRoot(BytesToNameCanonicalizer.java:332)
	at com.fasterxml.jackson.core.sym.BytesToNameCanonicalizer_ESTest.test44(BytesToNameCanonicalizer_ESTest.java:549)
	at java.util.concurrent.FutureTask.run(FutureTask.java:266)
	at java.lang.Thread.run(Thread.java:750)
</error>
  </testcase>
  <testcase classname="com.fasterxml.jackson.core.sym.BytesToNameCanonicalizer_ESTest" name="test03" time="0.002">
    <error message="tried to access class com.fasterxml.jackson.core.sym.BytesToNameCanonicalizer$__CLR4_4_15a55a5lds7gu1m from class com.fasterxml.jackson.core.sym.BytesToNameCanonicalizer" type="java.lang.IllegalAccessError">java.lang.IllegalAccessError: tried to access class com.fasterxml.jackson.core.sym.BytesToNameCanonicalizer$__CLR4_4_15a55a5lds7gu1m from class com.fasterxml.jackson.core.sym.BytesToNameCanonicalizer
	at com.fasterxml.jackson.core.sym.BytesToNameCanonicalizer.createRoot(BytesToNameCanonicalizer.java:318)
	at com.fasterxml.jackson.core.sym.BytesToNameCanonicalizer_ESTest.test03(BytesToNameCanonicalizer_ESTest.java:51)
	at java.util.concurrent.FutureTask.run(FutureTask.java:266)
	at java.lang.Thread.run(Thread.java:750)
</error>
  </testcase>
  <testcase classname="com.fasterxml.jackson.core.sym.BytesToNameCanonicalizer_ESTest" name="test47" time="0.001">
    <error message="tried to access class com.fasterxml.jackson.core.sym.BytesToNameCanonicalizer$__CLR4_4_15a55a5lds7gu1m from class com.fasterxml.jackson.core.sym.BytesToNameCanonicalizer" type="java.lang.IllegalAccessError">java.lang.IllegalAccessError: tried to access class com.fasterxml.jackson.core.sym.BytesToNameCanonicalizer$__CLR4_4_15a55a5lds7gu1m from class com.fasterxml.jackson.core.sym.BytesToNameCanonicalizer
	at com.fasterxml.jackson.core.sym.BytesToNameCanonicalizer.createRoot(BytesToNameCanonicalizer.java:318)
	at com.fasterxml.jackson.core.sym.BytesToNameCanonicalizer_ESTest.test47(BytesToNameCanonicalizer_ESTest.java:600)
	at java.util.concurrent.FutureTask.run(FutureTask.java:266)
	at java.lang.Thread.run(Thread.java:750)
</error>
  </testcase>
  <testcase classname="com.fasterxml.jackson.core.sym.BytesToNameCanonicalizer_ESTest" name="test02" time="0.002">
    <error message="tried to access class com.fasterxml.jackson.core.sym.BytesToNameCanonicalizer$__CLR4_4_15a55a5lds7gu1m from class com.fasterxml.jackson.core.sym.BytesToNameCanonicalizer" type="java.lang.IllegalAccessError">java.lang.IllegalAccessError: tried to access class com.fasterxml.jackson.core.sym.BytesToNameCanonicalizer$__CLR4_4_15a55a5lds7gu1m from class com.fasterxml.jackson.core.sym.BytesToNameCanonicalizer
	at com.fasterxml.jackson.core.sym.BytesToNameCanonicalizer.calcQuads(BytesToNameCanonicalizer.java:718)
	at com.fasterxml.jackson.core.sym.BytesToNameCanonicalizer_ESTest.test02(BytesToNameCanonicalizer_ESTest.java:44)
	at java.util.concurrent.FutureTask.run(FutureTask.java:266)
	at java.lang.Thread.run(Thread.java:750)
</error>
  </testcase>
  <testcase classname="com.fasterxml.jackson.core.sym.BytesToNameCanonicalizer_ESTest" name="test46" time="0.002">
    <error message="tried to access class com.fasterxml.jackson.core.sym.BytesToNameCanonicalizer$__CLR4_4_15a55a5lds7gu1m from class com.fasterxml.jackson.core.sym.BytesToNameCanonicalizer" type="java.lang.IllegalAccessError">java.lang.IllegalAccessError: tried to access class com.fasterxml.jackson.core.sym.BytesToNameCanonicalizer$__CLR4_4_15a55a5lds7gu1m from class com.fasterxml.jackson.core.sym.BytesToNameCanonicalizer
	at com.fasterxml.jackson.core.sym.BytesToNameCanonicalizer.createRoot(BytesToNameCanonicalizer.java:318)
	at com.fasterxml.jackson.core.sym.BytesToNameCanonicalizer_ESTest.test46(BytesToNameCanonicalizer_ESTest.java:583)
	at java.util.concurrent.FutureTask.run(FutureTask.java:266)
	at java.lang.Thread.run(Thread.java:750)
</error>
  </testcase>
  <testcase classname="com.fasterxml.jackson.core.sym.BytesToNameCanonicalizer_ESTest" name="test05" time="0.002">
    <error message="tried to access class com.fasterxml.jackson.core.sym.BytesToNameCanonicalizer$__CLR4_4_15a55a5lds7gu1m from class com.fasterxml.jackson.core.sym.BytesToNameCanonicalizer" type="java.lang.IllegalAccessError">java.lang.IllegalAccessError: tried to access class com.fasterxml.jackson.core.sym.BytesToNameCanonicalizer$__CLR4_4_15a55a5lds7gu1m from class com.fasterxml.jackson.core.sym.BytesToNameCanonicalizer
	at com.fasterxml.jackson.core.sym.BytesToNameCanonicalizer.createRoot(BytesToNameCanonicalizer.java:332)
	at com.fasterxml.jackson.core.sym.BytesToNameCanonicalizer_ESTest.test05(BytesToNameCanonicalizer_ESTest.java:87)
	at java.util.concurrent.FutureTask.run(FutureTask.java:266)
	at java.lang.Thread.run(Thread.java:750)
</error>
  </testcase>
  <testcase classname="com.fasterxml.jackson.core.sym.BytesToNameCanonicalizer_ESTest" name="test49" time="0.002">
    <error message="tried to access class com.fasterxml.jackson.core.sym.BytesToNameCanonicalizer$__CLR4_4_15a55a5lds7gu1m from class com.fasterxml.jackson.core.sym.BytesToNameCanonicalizer" type="java.lang.IllegalAccessError">java.lang.IllegalAccessError: tried to access class com.fasterxml.jackson.core.sym.BytesToNameCanonicalizer$__CLR4_4_15a55a5lds7gu1m from class com.fasterxml.jackson.core.sym.BytesToNameCanonicalizer
	at com.fasterxml.jackson.core.sym.BytesToNameCanonicalizer.calcQuads(BytesToNameCanonicalizer.java:718)
	at com.fasterxml.jackson.core.sym.BytesToNameCanonicalizer_ESTest.test49(BytesToNameCanonicalizer_ESTest.java:630)
	at java.util.concurrent.FutureTask.run(FutureTask.java:266)
	at java.lang.Thread.run(Thread.java:750)
</error>
  </testcase>
  <testcase classname="com.fasterxml.jackson.core.sym.BytesToNameCanonicalizer_ESTest" name="test04" time="0.003">
    <error message="tried to access class com.fasterxml.jackson.core.sym.BytesToNameCanonicalizer$__CLR4_4_15a55a5lds7gu1m from class com.fasterxml.jackson.core.sym.BytesToNameCanonicalizer" type="java.lang.IllegalAccessError">java.lang.IllegalAccessError: tried to access class com.fasterxml.jackson.core.sym.BytesToNameCanonicalizer$__CLR4_4_15a55a5lds7gu1m from class com.fasterxml.jackson.core.sym.BytesToNameCanonicalizer
	at com.fasterxml.jackson.core.sym.BytesToNameCanonicalizer.createRoot(BytesToNameCanonicalizer.java:332)
	at com.fasterxml.jackson.core.sym.BytesToNameCanonicalizer_ESTest.test04(BytesToNameCanonicalizer_ESTest.java:69)
	at java.util.concurrent.FutureTask.run(FutureTask.java:266)
	at java.lang.Thread.run(Thread.java:750)
</error>
  </testcase>
  <testcase classname="com.fasterxml.jackson.core.sym.BytesToNameCanonicalizer_ESTest" name="test48" time="0.002">
    <error message="tried to access class com.fasterxml.jackson.core.sym.BytesToNameCanonicalizer$__CLR4_4_15a55a5lds7gu1m from class com.fasterxml.jackson.core.sym.BytesToNameCanonicalizer" type="java.lang.IllegalAccessError">java.lang.IllegalAccessError: tried to access class com.fasterxml.jackson.core.sym.BytesToNameCanonicalizer$__CLR4_4_15a55a5lds7gu1m from class com.fasterxml.jackson.core.sym.BytesToNameCanonicalizer
	at com.fasterxml.jackson.core.sym.BytesToNameCanonicalizer.calcQuads(BytesToNameCanonicalizer.java:718)
	at com.fasterxml.jackson.core.sym.BytesToNameCanonicalizer_ESTest.test48(BytesToNameCanonicalizer_ESTest.java:610)
	at java.util.concurrent.FutureTask.run(FutureTask.java:266)
	at java.lang.Thread.run(Thread.java:750)
</error>
  </testcase>
  <testcase classname="com.fasterxml.jackson.core.sym.BytesToNameCanonicalizer_ESTest" name="test07" time="0.002">
    <error message="tried to access class com.fasterxml.jackson.core.sym.BytesToNameCanonicalizer$__CLR4_4_15a55a5lds7gu1m from class com.fasterxml.jackson.core.sym.BytesToNameCanonicalizer" type="java.lang.IllegalAccessError">java.lang.IllegalAccessError: tried to access class com.fasterxml.jackson.core.sym.BytesToNameCanonicalizer$__CLR4_4_15a55a5lds7gu1m from class com.fasterxml.jackson.core.sym.BytesToNameCanonicalizer
	at com.fasterxml.jackson.core.sym.BytesToNameCanonicalizer.createRoot(BytesToNameCanonicalizer.java:332)
	at com.fasterxml.jackson.core.sym.BytesToNameCanonicalizer_ESTest.test07(BytesToNameCanonicalizer_ESTest.java:127)
	at java.util.concurrent.FutureTask.run(FutureTask.java:266)
	at java.lang.Thread.run(Thread.java:750)
</error>
  </testcase>
  <testcase classname="com.fasterxml.jackson.core.sym.BytesToNameCanonicalizer_ESTest" name="test06" time="0.003">
    <error message="tried to access class com.fasterxml.jackson.core.sym.BytesToNameCanonicalizer$__CLR4_4_15a55a5lds7gu1m from class com.fasterxml.jackson.core.sym.BytesToNameCanonicalizer" type="java.lang.IllegalAccessError">java.lang.IllegalAccessError: tried to access class com.fasterxml.jackson.core.sym.BytesToNameCanonicalizer$__CLR4_4_15a55a5lds7gu1m from class com.fasterxml.jackson.core.sym.BytesToNameCanonicalizer
	at com.fasterxml.jackson.core.sym.BytesToNameCanonicalizer.createRoot(BytesToNameCanonicalizer.java:332)
	at com.fasterxml.jackson.core.sym.BytesToNameCanonicalizer_ESTest.test06(BytesToNameCanonicalizer_ESTest.java:107)
	at java.util.concurrent.FutureTask.run(FutureTask.java:266)
	at java.lang.Thread.run(Thread.java:750)
</error>
  </testcase>
  <testcase classname="com.fasterxml.jackson.core.sym.BytesToNameCanonicalizer_ESTest" name="test09" time="0.002">
    <error message="tried to access class com.fasterxml.jackson.core.sym.BytesToNameCanonicalizer$__CLR4_4_15a55a5lds7gu1m from class com.fasterxml.jackson.core.sym.BytesToNameCanonicalizer" type="java.lang.IllegalAccessError">java.lang.IllegalAccessError: tried to access class com.fasterxml.jackson.core.sym.BytesToNameCanonicalizer$__CLR4_4_15a55a5lds7gu1m from class com.fasterxml.jackson.core.sym.BytesToNameCanonicalizer
	at com.fasterxml.jackson.core.sym.BytesToNameCanonicalizer.createRoot(BytesToNameCanonicalizer.java:332)
	at com.fasterxml.jackson.core.sym.BytesToNameCanonicalizer_ESTest.test09(BytesToNameCanonicalizer_ESTest.java:162)
	at java.util.concurrent.FutureTask.run(FutureTask.java:266)
	at java.lang.Thread.run(Thread.java:750)
</error>
  </testcase>
  <testcase classname="com.fasterxml.jackson.core.sym.BytesToNameCanonicalizer_ESTest" name="test08" time="0.001">
    <error message="tried to access class com.fasterxml.jackson.core.sym.BytesToNameCanonicalizer$__CLR4_4_15a55a5lds7gu1m from class com.fasterxml.jackson.core.sym.BytesToNameCanonicalizer" type="java.lang.IllegalAccessError">java.lang.IllegalAccessError: tried to access class com.fasterxml.jackson.core.sym.BytesToNameCanonicalizer$__CLR4_4_15a55a5lds7gu1m from class com.fasterxml.jackson.core.sym.BytesToNameCanonicalizer
	at com.fasterxml.jackson.core.sym.BytesToNameCanonicalizer.createRoot(BytesToNameCanonicalizer.java:332)
	at com.fasterxml.jackson.core.sym.BytesToNameCanonicalizer_ESTest.test08(BytesToNameCanonicalizer_ESTest.java:146)
	at java.util.concurrent.FutureTask.run(FutureTask.java:266)
	at java.lang.Thread.run(Thread.java:750)
</error>
  </testcase>
  <system-out><![CDATA[]]></system-out>
  <system-err><![CDATA[SLF4J: Failed to load class "org.slf4j.impl.StaticLoggerBinder".
SLF4J: Defaulting to no-operation (NOP) logger implementation
SLF4J: See http://www.slf4j.org/codes.html#StaticLoggerBinder for further details.
]]></system-err>
</testsuite>
