<?xml version="1.0" encoding="UTF-8" ?>
<testsuite errors="0" failures="0" hostname="sepehr-UX310UQK" name="com.fasterxml.jackson.core.base.GeneratorBase_ESTest" skipped="0" tests="43" time="0.603" timestamp="2023-02-05T08:24:14">
  <properties>
    <property name="java.vendor" value="Private Build" />
    <property name="sun.java.launcher" value="SUN_STANDARD" />
    <property name="sun.management.compiler" value="HotSpot 64-Bit Tiered Compilers" />
    <property name="maven.build.srcDir.0" value="src/main/java" />
    <property name="os.name" value="Linux" />
    <property name="clover.historical.json" value="true" />
    <property name="sun.boot.class.path" value="/usr/lib/jvm/java-8-openjdk-amd64/jre/lib/resources.jar:/usr/lib/jvm/java-8-openjdk-amd64/jre/lib/rt.jar:/usr/lib/jvm/java-8-openjdk-amd64/jre/lib/sunrsasign.jar:/usr/lib/jvm/java-8-openjdk-amd64/jre/lib/jsse.jar:/usr/lib/jvm/java-8-openjdk-amd64/jre/lib/jce.jar:/usr/lib/jvm/java-8-openjdk-amd64/jre/lib/charsets.jar:/usr/lib/jvm/java-8-openjdk-amd64/jre/lib/jfr.jar:/usr/lib/jvm/java-8-openjdk-amd64/jre/classes" />
    <property name="bundle.version" value="2.3.7" />
    <property name="maven.build.timestamp.format" value="yyyy-MM-dd HH:mm:ssZ" />
    <property name="sun.desktop" value="gnome" />
    <property name="java.vm.specification.vendor" value="Oracle Corporation" />
    <property name="ant.home" value="/usr/share/ant" />
    <property name="java.runtime.version" value="1.8.0_352-8u352-ga-1~20.04-b08" />
    <property name="maven.build.resourceDir.0" value="src/main/resources" />
    <property name="project.build.sourceEncoding" value="UTF-8" />
    <property name="clover.project.historydir" value="/home/sepehr/masters/test_generation/evosuite_coverage/jacksonCore1f/.cloverhistory/jackson-core" />
    <property name="clover.flushinterval" value="100" />
    <property name="ant.file.jackson-core" value="/home/sepehr/masters/test_generation/evosuite_coverage/jacksonCore1f/build.xml" />
    <property name="user.name" value="sepehr" />
    <property name="ant.file.type.jackson-core" value="file" />
    <property name="osgi.export" value="com.fasterxml.jackson.core;version=2.3.0-SNAPSHOT,&#xa;com.fasterxml.jackson.core.*;version=2.3.0-SNAPSHOT" />
    <property name="maven.build.outputDir" value="target/classes" />
    <property name="packageVersion.template.input" value="/tmp/initialize-revisions.pl_30279_1557252573/3f/src/main/java/com/fasterxml/jackson/core/json/PackageVersion.java.in" />
    <property name="maven.repo.local" value="/home/sepehr/.m2/repository" />
    <property name="osgi.requiredExecutionEnvironment" value="" />
    <property name="maven.build.finalName" value="jackson-core-2.3.0-SNAPSHOT" />
    <property name="javac.src.version" value="1.6" />
    <property name="maven.build.testDir.0" value="src/test/java" />
    <property name="user.language" value="en" />
    <property name="sun.boot.library.path" value="/usr/lib/jvm/java-8-openjdk-amd64/jre/lib/amd64" />
    <property name="ant.project.default-target" value="package" />
    <property name="maven.reporting.outputDirectory" value="target/site" />
    <property name="ant.project.name" value="jackson-core" />
    <property name="generatedSourcesDir" value="/tmp/initialize-revisions.pl_30279_1557252573/3f/target/generated-sources" />
    <property name="java.version" value="1.8.0_352" />
    <property name="user.timezone" value="" />
    <property name="ant.file.type.jackson-core-from-maven" value="file" />
    <property name="sun.arch.data.model" value="64" />
    <property name="java.endorsed.dirs" value="/usr/lib/jvm/java-8-openjdk-amd64/jre/lib/endorsed" />
    <property name="sun.cpu.isalist" value="" />
    <property name="sun.jnu.encoding" value="UTF-8" />
    <property name="file.encoding.pkg" value="sun.io" />
    <property name="file.separator" value="/" />
    <property name="java.specification.name" value="Java Platform API Specification" />
    <property name="clover.initstring" value="/home/sepehr/masters/test_generation/evosuite_coverage/jacksonCore1f/.clover/clover4_4_1.db" />
    <property name="java.class.version" value="52.0" />
    <property name="javadoc.version" value="2.8.1" />
    <property name="user.country" value="US" />
    <property name="java.home" value="/usr/lib/jvm/java-8-openjdk-amd64/jre" />
    <property name="packageVersion.template.output" value="/tmp/initialize-revisions.pl_30279_1557252573/3f/target/generated-sources/com/fasterxml/jackson/core/json/PackageVersion.java" />
    <property name="clover.dir" value="/home/sepehr/masters/test_generation/evosuite_coverage/jacksonCore1f/clover" />
    <property name="java.vm.info" value="mixed mode" />
    <property name="ant.file" value="/home/sepehr/masters/test_generation/evosuite_coverage/jacksonCore1f/build.xml" />
    <property name="os.version" value="5.15.0-58-generic" />
    <property name="maven.build.testOutputDir" value="target/test-classes" />
    <property name="project.reporting.outputEncoding" value="UTF-8" />
    <property name="replacer.version" value="1.5.2" />
    <property name="path.separator" value=":" />
    <property name="java.vm.version" value="25.352-b08" />
    <property name="maven.build.dir" value="target" />
    <property name="maven.test.reports" value="target/test-reports" />
    <property name="ant.library.dir" value="/usr/share/ant/lib" />
    <property name="surefire.version" value="2.12" />
    <property name="clover.jar" value="/home/sepehr/masters/test_generation/evosuite_coverage/jacksonCore1f/${clover.home}/clover.jar" />
    <property name="java.awt.printerjob" value="sun.print.PSPrinterJob" />
    <property name="sun.io.unicode.encoding" value="UnicodeLittle" />
    <property name="packageVersion.dir" value="com/fasterxml/jackson/core/json" />
    <property name="java.specification.maintenance.version" value="4" />
    <property name="awt.toolkit" value="sun.awt.X11.XToolkit" />
    <property name="project.build.outputDirectory" value="target/classes" />
    <property name="user.home" value="/home/sepehr" />
    <property name="java.specification.vendor" value="Oracle Corporation" />
    <property name="clover.span" value="1day" />
    <property name="clover.dest" value="/home/sepehr/masters/test_generation/evosuite_coverage/jacksonCore1f/clover/jackson-core" />
    <property name="java.vendor.url" value="http://java.oracle.com/" />
    <property name="java.library.path" value="/usr/java/packages/lib/amd64:/usr/lib/x86_64-linux-gnu/jni:/lib/x86_64-linux-gnu:/usr/lib/x86_64-linux-gnu:/usr/lib/jni:/lib:/usr/lib" />
    <property name="test.target" value="test" />
    <property name="maven.settings.offline" value="false" />
    <property name="project.build.resourceEncoding" value="UTF-8" />
    <property name="java.vm.vendor" value="Private Build" />
    <property name="maven.settings.interactiveMode" value="true" />
    <property name="java.runtime.name" value="OpenJDK Runtime Environment" />
    <property name="java.class.path" value="/usr/share/ant/lib/ant-launcher.jar:/home/sepehr/masters/test_generation/evosuite_coverage/jacksonCore1f/./target/classes/:/home/sepehr/masters/test_generation/evosuite_coverage/jacksonCore1f/./evosuite-tests/:/home/sepehr/masters/test_generation/evosuite_coverage/jacksonCore1f/./evosuite-standalone-runtime-1.0.6.jar:/home/sepehr/masters/test_generation/evosuite_coverage/jacksonCore1f/./junit-4.12.jar:/home/sepehr/masters/test_generation/evosuite_coverage/jacksonCore1f/hamcrest-core-1.3.jar:/home/sepehr/.ant/lib/evosuite-standalone-runtime-1.0.6.jar:/home/sepehr/.ant/lib/clover.jar:/home/sepehr/.ant/lib/evosuite-1.0.6.jar:/usr/share/ant/lib/ant-apache-bsf.jar:/usr/share/ant/lib/ant-testutil.jar:/usr/share/ant/lib/ant-swing.jar:/usr/share/ant/lib/ant-apache-resolver.jar:/usr/share/ant/lib/ant-jmf.jar:/usr/share/ant/lib/ant-jdepend.jar:/usr/share/ant/lib/ant-junit.jar:/usr/share/ant/lib/ant-jsch.jar:/usr/share/ant/lib/ant-launcher.jar:/usr/share/ant/lib/ant-apache-bcel.jar:/usr/share/ant/lib/ant-apache-xalan2.jar:/usr/share/ant/lib/ant.jar:/usr/share/ant/lib/ant-commons-net.jar:/usr/share/ant/lib/ant-apache-regexp.jar:/usr/share/ant/lib/ant-apache-oro.jar:/usr/share/ant/lib/ant-javamail.jar:/usr/share/ant/lib/ant-junit4.jar:/usr/share/ant/lib/ant-commons-logging.jar:/usr/share/ant/lib/ant-antlr.jar:/usr/share/ant/lib/ant-xz.jar:/usr/share/ant/lib/junit-4.12.jar:/usr/share/ant/lib/ant-apache-log4j.jar:/usr/lib/jvm/java-8-openjdk-amd64/lib/tools.jar" />
    <property name="sun.java.command" value="org.apache.tools.ant.launch.Launcher -cp ./target/classes:./evosuite-tests:./evosuite-standalone-runtime-1.0.6.jar:./junit-4.12.jar:hamcrest-core-1.3.jar with.clover test clover.report" />
    <property name="ant.version" value="Apache Ant(TM) version 1.10.7 compiled on October 24 2019" />
    <property name="project.name" value="jackson-core" />
    <property name="project.build.directory" value="target" />
    <property name="java.vm.specification.name" value="Java Virtual Machine Specification" />
    <property name="clover.snapshot.file" value="/home/sepehr/masters/test_generation/evosuite_coverage/jacksonCore1f/.cloverhistory/jackson-core/clover.snapshot" />
    <property name="ant.file.type" value="file" />
    <property name="java.vm.specification.version" value="1.8" />
    <property name="sun.os.patch.level" value="unknown" />
    <property name="packageVersion.package" value="com.fasterxml.jackson.core.json" />
    <property name="sun.cpu.endian" value="little" />
    <property name="java.io.tmpdir" value="/tmp" />
    <property name="junit.present" value="true" />
    <property name="project.title" value="jackson-core" />
    <property name="java.vendor.url.bug" value="http://bugreport.sun.com/bugreport/" />
    <property name="os.arch" value="amd64" />
    <property name="maven.build.testResourceDir.0" value="src/test/resources" />
    <property name="clover.jarpath" value="/home/sepehr/.ant/lib/clover.jar" />
    <property name="java.awt.graphicsenv" value="sun.awt.X11GraphicsEnvironment" />
    <property name="java.ext.dirs" value="/usr/lib/jvm/java-8-openjdk-amd64/jre/lib/ext:/usr/java/packages/lib/ext" />
    <property name="user.dir" value="/home/sepehr/masters/test_generation/evosuite_coverage/jacksonCore1f" />
    <property name="ant.file.jackson-core-from-maven" value="/home/sepehr/masters/test_generation/evosuite_coverage/jacksonCore1f/maven-build.xml" />
    <property name="osgi.private" value="" />
    <property name="line.separator" value="&#xa;" />
    <property name="osgi.versionpolicy" value="${range;[===,=+);${@}}" />
    <property name="java.vm.name" value="OpenJDK 64-Bit Server VM" />
    <property name="basedir" value="/home/sepehr/masters/test_generation/evosuite_coverage/jacksonCore1f" />
    <property name="javadoc.maxmemory" value="1g" />
    <property name="ant.java.version" value="1.8" />
    <property name="osgi.import" value="*" />
    <property name="ant.core.lib" value="/usr/share/ant/lib/ant.jar" />
    <property name="file.encoding" value="UTF-8" />
    <property name="build.compiler" value="com.atlassian.clover.ant.taskdefs.CloverCompilerAdapter" />
    <property name="clover.historydir" value="/home/sepehr/masters/test_generation/evosuite_coverage/jacksonCore1f/.cloverhistory" />
    <property name="javac.target.version" value="1.6" />
    <property name="java.specification.version" value="1.8" />
    <property name="ant.project.invoked-targets" value="with.clover,test,clover.report" />
    <property name="osgi.dynamicImport" value="" />
    <property name="clover.flushpolicy" value="directed" />
  </properties>
  <testcase classname="com.fasterxml.jackson.core.base.GeneratorBase_ESTest" name="test40" time="0.014" />
  <testcase classname="com.fasterxml.jackson.core.base.GeneratorBase_ESTest" name="test41" time="0.012" />
  <testcase classname="com.fasterxml.jackson.core.base.GeneratorBase_ESTest" name="test08" time="0.01" />
  <testcase classname="com.fasterxml.jackson.core.base.GeneratorBase_ESTest" name="test09" time="0.016" />
  <testcase classname="com.fasterxml.jackson.core.base.GeneratorBase_ESTest" name="test06" time="0.003" />
  <testcase classname="com.fasterxml.jackson.core.base.GeneratorBase_ESTest" name="test28" time="0.009" />
  <testcase classname="com.fasterxml.jackson.core.base.GeneratorBase_ESTest" name="test07" time="0.008" />
  <testcase classname="com.fasterxml.jackson.core.base.GeneratorBase_ESTest" name="test29" time="0.012" />
  <testcase classname="com.fasterxml.jackson.core.base.GeneratorBase_ESTest" name="test04" time="0.005" />
  <testcase classname="com.fasterxml.jackson.core.base.GeneratorBase_ESTest" name="test26" time="0.007" />
  <testcase classname="com.fasterxml.jackson.core.base.GeneratorBase_ESTest" name="test05" time="0.008" />
  <testcase classname="com.fasterxml.jackson.core.base.GeneratorBase_ESTest" name="test27" time="0.004" />
  <testcase classname="com.fasterxml.jackson.core.base.GeneratorBase_ESTest" name="test02" time="0.008" />
  <testcase classname="com.fasterxml.jackson.core.base.GeneratorBase_ESTest" name="test24" time="0.004" />
  <testcase classname="com.fasterxml.jackson.core.base.GeneratorBase_ESTest" name="test03" time="0.013" />
  <testcase classname="com.fasterxml.jackson.core.base.GeneratorBase_ESTest" name="test25" time="0.02" />
  <testcase classname="com.fasterxml.jackson.core.base.GeneratorBase_ESTest" name="test00" time="0.01" />
  <testcase classname="com.fasterxml.jackson.core.base.GeneratorBase_ESTest" name="test22" time="0.012" />
  <testcase classname="com.fasterxml.jackson.core.base.GeneratorBase_ESTest" name="test01" time="0.004" />
  <testcase classname="com.fasterxml.jackson.core.base.GeneratorBase_ESTest" name="test23" time="0.012" />
  <testcase classname="com.fasterxml.jackson.core.base.GeneratorBase_ESTest" name="test20" time="0.007" />
  <testcase classname="com.fasterxml.jackson.core.base.GeneratorBase_ESTest" name="test42" time="0.01" />
  <testcase classname="com.fasterxml.jackson.core.base.GeneratorBase_ESTest" name="test21" time="0.008" />
  <testcase classname="com.fasterxml.jackson.core.base.GeneratorBase_ESTest" name="test30" time="0.011" />
  <testcase classname="com.fasterxml.jackson.core.base.GeneratorBase_ESTest" name="test19" time="0.005" />
  <testcase classname="com.fasterxml.jackson.core.base.GeneratorBase_ESTest" name="test17" time="0.014" />
  <testcase classname="com.fasterxml.jackson.core.base.GeneratorBase_ESTest" name="test39" time="0.01" />
  <testcase classname="com.fasterxml.jackson.core.base.GeneratorBase_ESTest" name="test18" time="0.014" />
  <testcase classname="com.fasterxml.jackson.core.base.GeneratorBase_ESTest" name="test15" time="0.015" />
  <testcase classname="com.fasterxml.jackson.core.base.GeneratorBase_ESTest" name="test37" time="0.019" />
  <testcase classname="com.fasterxml.jackson.core.base.GeneratorBase_ESTest" name="test16" time="0.008" />
  <testcase classname="com.fasterxml.jackson.core.base.GeneratorBase_ESTest" name="test38" time="0.008" />
  <testcase classname="com.fasterxml.jackson.core.base.GeneratorBase_ESTest" name="test13" time="0.003" />
  <testcase classname="com.fasterxml.jackson.core.base.GeneratorBase_ESTest" name="test35" time="0.002" />
  <testcase classname="com.fasterxml.jackson.core.base.GeneratorBase_ESTest" name="test14" time="0.004" />
  <testcase classname="com.fasterxml.jackson.core.base.GeneratorBase_ESTest" name="test36" time="0.003" />
  <testcase classname="com.fasterxml.jackson.core.base.GeneratorBase_ESTest" name="test11" time="0.006" />
  <testcase classname="com.fasterxml.jackson.core.base.GeneratorBase_ESTest" name="test33" time="0.004" />
  <testcase classname="com.fasterxml.jackson.core.base.GeneratorBase_ESTest" name="test12" time="0.009" />
  <testcase classname="com.fasterxml.jackson.core.base.GeneratorBase_ESTest" name="test34" time="0.006" />
  <testcase classname="com.fasterxml.jackson.core.base.GeneratorBase_ESTest" name="test31" time="0.01" />
  <testcase classname="com.fasterxml.jackson.core.base.GeneratorBase_ESTest" name="test10" time="0.011" />
  <testcase classname="com.fasterxml.jackson.core.base.GeneratorBase_ESTest" name="test32" time="0.002" />
  <system-out><![CDATA[01:24:14.810 [main] INFO  o.e.r.instrumentation.EvoClassLoader - Seeing class for first time: com.fasterxml.jackson.core.base.GeneratorBase_ESTest
01:24:14.810 [main] INFO  o.e.r.instrumentation.EvoClassLoader - Instrumenting class 'com.fasterxml.jackson.core.base.GeneratorBase_ESTest'.
01:24:14.812 [main] INFO  o.e.r.instrumentation.EvoClassLoader - Seeing class for first time: com.fasterxml.jackson.core.base.GeneratorBase_ESTest_scaffolding
01:24:14.812 [main] INFO  o.e.r.instrumentation.EvoClassLoader - Instrumenting class 'com.fasterxml.jackson.core.base.GeneratorBase_ESTest_scaffolding'.
01:24:14.822 [main] INFO  o.e.r.instrumentation.EvoClassLoader - Keeping class: com.fasterxml.jackson.core.base.GeneratorBase_ESTest_scaffolding
01:24:14.822 [main] INFO  o.e.r.instrumentation.EvoClassLoader - Keeping class: com.fasterxml.jackson.core.base.GeneratorBase_ESTest
01:24:14.823 [main] INFO  o.e.r.instrumentation.EvoClassLoader - Seeing class for first time: com.fasterxml.jackson.core.util.ByteArrayBuilder
01:24:14.823 [main] INFO  o.e.r.instrumentation.EvoClassLoader - Instrumenting class 'com.fasterxml.jackson.core.util.ByteArrayBuilder'.
01:24:14.823 [main] INFO  o.e.r.i.MethodCallReplacementClassAdapter - Adding mock interface to class com/fasterxml/jackson/core/util/ByteArrayBuilder
01:24:14.824 [main] INFO  o.e.r.i.CreateClassResetClassAdapter - Found static initializer in class com/fasterxml/jackson/core/util/ByteArrayBuilder
01:24:14.825 [main] INFO  o.e.r.instrumentation.EvoClassLoader - Keeping class: com.fasterxml.jackson.core.util.ByteArrayBuilder
01:24:14.825 [main] INFO  o.e.r.instrumentation.EvoClassLoader - Seeing class for first time: com.fasterxml.jackson.core.SerializableString
01:24:14.825 [main] INFO  o.e.r.instrumentation.EvoClassLoader - Instrumenting class 'com.fasterxml.jackson.core.SerializableString'.
01:24:14.825 [main] INFO  o.e.r.instrumentation.EvoClassLoader - Keeping class: com.fasterxml.jackson.core.SerializableString
01:24:14.826 [main] INFO  o.e.r.instrumentation.EvoClassLoader - Seeing class for first time: com.fasterxml.jackson.core.JsonParser
01:24:14.826 [main] INFO  o.e.r.instrumentation.EvoClassLoader - Instrumenting class 'com.fasterxml.jackson.core.JsonParser'.
01:24:14.827 [main] INFO  o.e.r.i.MethodCallReplacementClassAdapter - Adding mock interface to class com/fasterxml/jackson/core/JsonParser
01:24:14.829 [main] INFO  o.e.r.i.CreateClassResetClassAdapter - Creating brand-new static initializer in class com/fasterxml/jackson/core/JsonParser
01:24:14.829 [main] INFO  o.e.r.i.CreateClassResetClassAdapter - Adding bytecode for initializing field MIN_BYTE_I
01:24:14.829 [main] INFO  o.e.r.i.CreateClassResetClassAdapter - Adding bytecode for initializing field MAX_BYTE_I
01:24:14.829 [main] INFO  o.e.r.i.CreateClassResetClassAdapter - Adding bytecode for initializing field MIN_SHORT_I
01:24:14.829 [main] INFO  o.e.r.i.CreateClassResetClassAdapter - Adding bytecode for initializing field MAX_SHORT_I
01:24:14.829 [main] INFO  o.e.r.instrumentation.EvoClassLoader - Seeing class for first time: com.fasterxml.jackson.core.Versioned
01:24:14.829 [main] INFO  o.e.r.instrumentation.EvoClassLoader - Instrumenting class 'com.fasterxml.jackson.core.Versioned'.
01:24:14.830 [main] INFO  o.e.r.instrumentation.EvoClassLoader - Keeping class: com.fasterxml.jackson.core.Versioned
01:24:14.830 [main] INFO  o.e.r.instrumentation.EvoClassLoader - Keeping class: com.fasterxml.jackson.core.JsonParser
01:24:14.830 [main] INFO  o.e.r.instrumentation.EvoClassLoader - Seeing class for first time: com.fasterxml.jackson.core.json.UTF8StreamJsonParser
01:24:14.830 [main] INFO  o.e.r.instrumentation.EvoClassLoader - Instrumenting class 'com.fasterxml.jackson.core.json.UTF8StreamJsonParser'.
01:24:14.831 [main] INFO  o.e.r.i.MethodCallReplacementClassAdapter - Adding mock interface to class com/fasterxml/jackson/core/json/UTF8StreamJsonParser
01:24:14.847 [main] INFO  o.e.r.i.CreateClassResetClassAdapter - Found static initializer in class com/fasterxml/jackson/core/json/UTF8StreamJsonParser
01:24:14.848 [main] INFO  o.e.r.instrumentation.EvoClassLoader - Seeing class for first time: com.fasterxml.jackson.core.base.ParserBase
01:24:14.848 [main] INFO  o.e.r.instrumentation.EvoClassLoader - Instrumenting class 'com.fasterxml.jackson.core.base.ParserBase'.
01:24:14.848 [main] INFO  o.e.r.i.MethodCallReplacementClassAdapter - Adding mock interface to class com/fasterxml/jackson/core/base/ParserBase
01:24:14.854 [main] INFO  o.e.r.i.CreateClassResetClassAdapter - Found static initializer in class com/fasterxml/jackson/core/base/ParserBase
01:24:14.855 [main] INFO  o.e.r.instrumentation.EvoClassLoader - Seeing class for first time: com.fasterxml.jackson.core.base.ParserMinimalBase
01:24:14.855 [main] INFO  o.e.r.instrumentation.EvoClassLoader - Instrumenting class 'com.fasterxml.jackson.core.base.ParserMinimalBase'.
01:24:14.855 [main] INFO  o.e.r.i.MethodCallReplacementClassAdapter - Adding mock interface to class com/fasterxml/jackson/core/base/ParserMinimalBase
01:24:14.856 [main] INFO  o.e.r.i.CreateClassResetClassAdapter - Creating brand-new static initializer in class com/fasterxml/jackson/core/base/ParserMinimalBase
01:24:14.856 [main] INFO  o.e.r.i.CreateClassResetClassAdapter - Adding bytecode for initializing field INT_TAB
01:24:14.856 [main] INFO  o.e.r.i.CreateClassResetClassAdapter - Adding bytecode for initializing field INT_LF
01:24:14.856 [main] INFO  o.e.r.i.CreateClassResetClassAdapter - Adding bytecode for initializing field INT_CR
01:24:14.856 [main] INFO  o.e.r.i.CreateClassResetClassAdapter - Adding bytecode for initializing field INT_SPACE
01:24:14.856 [main] INFO  o.e.r.i.CreateClassResetClassAdapter - Adding bytecode for initializing field INT_LBRACKET
01:24:14.856 [main] INFO  o.e.r.i.CreateClassResetClassAdapter - Adding bytecode for initializing field INT_RBRACKET
01:24:14.856 [main] INFO  o.e.r.i.CreateClassResetClassAdapter - Adding bytecode for initializing field INT_LCURLY
01:24:14.856 [main] INFO  o.e.r.i.CreateClassResetClassAdapter - Adding bytecode for initializing field INT_RCURLY
01:24:14.856 [main] INFO  o.e.r.i.CreateClassResetClassAdapter - Adding bytecode for initializing field INT_QUOTE
01:24:14.856 [main] INFO  o.e.r.i.CreateClassResetClassAdapter - Adding bytecode for initializing field INT_BACKSLASH
01:24:14.856 [main] INFO  o.e.r.i.CreateClassResetClassAdapter - Adding bytecode for initializing field INT_SLASH
01:24:14.857 [main] INFO  o.e.r.i.CreateClassResetClassAdapter - Adding bytecode for initializing field INT_COLON
01:24:14.857 [main] INFO  o.e.r.i.CreateClassResetClassAdapter - Adding bytecode for initializing field INT_COMMA
01:24:14.857 [main] INFO  o.e.r.i.CreateClassResetClassAdapter - Adding bytecode for initializing field INT_ASTERISK
01:24:14.857 [main] INFO  o.e.r.i.CreateClassResetClassAdapter - Adding bytecode for initializing field INT_APOSTROPHE
01:24:14.857 [main] INFO  o.e.r.i.CreateClassResetClassAdapter - Adding bytecode for initializing field INT_b
01:24:14.857 [main] INFO  o.e.r.i.CreateClassResetClassAdapter - Adding bytecode for initializing field INT_f
01:24:14.857 [main] INFO  o.e.r.i.CreateClassResetClassAdapter - Adding bytecode for initializing field INT_n
01:24:14.857 [main] INFO  o.e.r.i.CreateClassResetClassAdapter - Adding bytecode for initializing field INT_r
01:24:14.857 [main] INFO  o.e.r.i.CreateClassResetClassAdapter - Adding bytecode for initializing field INT_t
01:24:14.857 [main] INFO  o.e.r.i.CreateClassResetClassAdapter - Adding bytecode for initializing field INT_u
01:24:14.857 [main] INFO  o.e.r.instrumentation.EvoClassLoader - Keeping class: com.fasterxml.jackson.core.base.ParserMinimalBase
01:24:14.857 [main] INFO  o.e.r.instrumentation.EvoClassLoader - Keeping class: com.fasterxml.jackson.core.base.ParserBase
01:24:14.857 [main] INFO  o.e.r.instrumentation.EvoClassLoader - Keeping class: com.fasterxml.jackson.core.json.UTF8StreamJsonParser
01:24:14.857 [main] INFO  o.e.r.instrumentation.EvoClassLoader - Seeing class for first time: com.fasterxml.jackson.core.util.JsonParserSequence
01:24:14.857 [main] INFO  o.e.r.instrumentation.EvoClassLoader - Instrumenting class 'com.fasterxml.jackson.core.util.JsonParserSequence'.
01:24:14.857 [main] INFO  o.e.r.i.MethodCallReplacementClassAdapter - Adding mock interface to class com/fasterxml/jackson/core/util/JsonParserSequence
01:24:14.858 [main] INFO  o.e.r.i.CreateClassResetClassAdapter - Creating brand-new static initializer in class com/fasterxml/jackson/core/util/JsonParserSequence
01:24:14.858 [main] INFO  o.e.r.instrumentation.EvoClassLoader - Seeing class for first time: com.fasterxml.jackson.core.util.JsonParserDelegate
01:24:14.858 [main] INFO  o.e.r.instrumentation.EvoClassLoader - Instrumenting class 'com.fasterxml.jackson.core.util.JsonParserDelegate'.
01:24:14.858 [main] INFO  o.e.r.i.MethodCallReplacementClassAdapter - Adding mock interface to class com/fasterxml/jackson/core/util/JsonParserDelegate
01:24:14.859 [main] INFO  o.e.r.i.CreateClassResetClassAdapter - Creating brand-new static initializer in class com/fasterxml/jackson/core/util/JsonParserDelegate
01:24:14.859 [main] INFO  o.e.r.instrumentation.EvoClassLoader - Keeping class: com.fasterxml.jackson.core.util.JsonParserDelegate
01:24:14.859 [main] INFO  o.e.r.instrumentation.EvoClassLoader - Keeping class: com.fasterxml.jackson.core.util.JsonParserSequence
01:24:14.859 [main] INFO  o.e.r.instrumentation.EvoClassLoader - Seeing class for first time: com.fasterxml.jackson.core.json.ReaderBasedJsonParser
01:24:14.859 [main] INFO  o.e.r.instrumentation.EvoClassLoader - Instrumenting class 'com.fasterxml.jackson.core.json.ReaderBasedJsonParser'.
01:24:14.860 [main] INFO  o.e.r.i.MethodCallReplacementClassAdapter - Adding mock interface to class com/fasterxml/jackson/core/json/ReaderBasedJsonParser
01:24:14.875 [main] INFO  o.e.r.i.CreateClassResetClassAdapter - Creating brand-new static initializer in class com/fasterxml/jackson/core/json/ReaderBasedJsonParser
01:24:14.876 [main] INFO  o.e.r.instrumentation.EvoClassLoader - Keeping class: com.fasterxml.jackson.core.json.ReaderBasedJsonParser
01:24:14.880 [main] WARN  org.evosuite.runtime.sandbox.Sandbox - Sandbox can be initalized only once
01:24:14.888 [main] INFO  o.e.r.instrumentation.EvoClassLoader - Seeing class for first time: com.fasterxml.jackson.core.base.GeneratorBase
01:24:14.888 [main] INFO  o.e.r.instrumentation.EvoClassLoader - Instrumenting class 'com.fasterxml.jackson.core.base.GeneratorBase'.
01:24:14.888 [main] INFO  o.e.r.i.MethodCallReplacementClassAdapter - Adding mock interface to class com/fasterxml/jackson/core/base/GeneratorBase
01:24:14.890 [main] INFO  o.e.r.i.CreateClassResetClassAdapter - Creating brand-new static initializer in class com/fasterxml/jackson/core/base/GeneratorBase
01:24:14.890 [main] INFO  o.e.r.instrumentation.EvoClassLoader - Seeing class for first time: com.fasterxml.jackson.core.JsonGenerator
01:24:14.890 [main] INFO  o.e.r.instrumentation.EvoClassLoader - Instrumenting class 'com.fasterxml.jackson.core.JsonGenerator'.
01:24:14.891 [main] INFO  o.e.r.i.MethodCallReplacementClassAdapter - Adding mock interface to class com/fasterxml/jackson/core/JsonGenerator
01:24:14.897 [main] INFO  o.e.r.i.CreateClassResetClassAdapter - Creating brand-new static initializer in class com/fasterxml/jackson/core/JsonGenerator
01:24:14.898 [main] INFO  o.e.r.instrumentation.EvoClassLoader - Keeping class: com.fasterxml.jackson.core.JsonGenerator
01:24:14.898 [main] INFO  o.e.r.instrumentation.EvoClassLoader - Keeping class: com.fasterxml.jackson.core.base.GeneratorBase
01:24:14.898 [main] INFO  o.e.r.instrumentation.EvoClassLoader - Seeing class for first time: com.fasterxml.jackson.core.JsonGenerationException
01:24:14.898 [main] INFO  o.e.r.instrumentation.EvoClassLoader - Instrumenting class 'com.fasterxml.jackson.core.JsonGenerationException'.
01:24:14.898 [main] INFO  o.e.r.i.MethodCallReplacementClassAdapter - Adding mock interface to class com/fasterxml/jackson/core/JsonGenerationException
01:24:14.899 [main] INFO  o.e.r.i.CreateClassResetClassAdapter - Creating brand-new static initializer in class com/fasterxml/jackson/core/JsonGenerationException
01:24:14.899 [main] INFO  o.e.r.instrumentation.EvoClassLoader - Seeing class for first time: com.fasterxml.jackson.core.JsonProcessingException
01:24:14.899 [main] INFO  o.e.r.instrumentation.EvoClassLoader - Instrumenting class 'com.fasterxml.jackson.core.JsonProcessingException'.
01:24:14.899 [main] INFO  o.e.r.i.MethodCallReplacementClassAdapter - Adding mock interface to class com/fasterxml/jackson/core/JsonProcessingException
01:24:14.899 [main] INFO  o.e.r.i.CreateClassResetClassAdapter - Creating brand-new static initializer in class com/fasterxml/jackson/core/JsonProcessingException
01:24:14.900 [main] INFO  o.e.r.instrumentation.EvoClassLoader - Keeping class: com.fasterxml.jackson.core.JsonProcessingException
01:24:14.900 [main] INFO  o.e.r.instrumentation.EvoClassLoader - Keeping class: com.fasterxml.jackson.core.JsonGenerationException
01:24:14.900 [main] INFO  o.e.r.instrumentation.EvoClassLoader - Seeing class for first time: com.fasterxml.jackson.core.PrettyPrinter
01:24:14.900 [main] INFO  o.e.r.instrumentation.EvoClassLoader - Instrumenting class 'com.fasterxml.jackson.core.PrettyPrinter'.
01:24:14.900 [main] INFO  o.e.r.instrumentation.EvoClassLoader - Keeping class: com.fasterxml.jackson.core.PrettyPrinter
01:24:14.901 [main] INFO  o.e.r.instrumentation.EvoClassLoader - Seeing class for first time: com.fasterxml.jackson.core.JsonStreamContext
01:24:14.901 [main] INFO  o.e.r.instrumentation.EvoClassLoader - Instrumenting class 'com.fasterxml.jackson.core.JsonStreamContext'.
01:24:14.901 [main] INFO  o.e.r.i.MethodCallReplacementClassAdapter - Adding mock interface to class com/fasterxml/jackson/core/JsonStreamContext
01:24:14.901 [main] INFO  o.e.r.i.CreateClassResetClassAdapter - Creating brand-new static initializer in class com/fasterxml/jackson/core/JsonStreamContext
01:24:14.902 [main] INFO  o.e.r.i.CreateClassResetClassAdapter - Adding bytecode for initializing field TYPE_ROOT
01:24:14.902 [main] INFO  o.e.r.i.CreateClassResetClassAdapter - Adding bytecode for initializing field TYPE_ARRAY
01:24:14.902 [main] INFO  o.e.r.i.CreateClassResetClassAdapter - Adding bytecode for initializing field TYPE_OBJECT
01:24:14.902 [main] INFO  o.e.r.instrumentation.EvoClassLoader - Keeping class: com.fasterxml.jackson.core.JsonStreamContext
01:24:14.902 [main] INFO  o.e.r.instrumentation.EvoClassLoader - Seeing class for first time: com.fasterxml.jackson.core.json.JsonWriteContext
01:24:14.902 [main] INFO  o.e.r.instrumentation.EvoClassLoader - Instrumenting class 'com.fasterxml.jackson.core.json.JsonWriteContext'.
01:24:14.902 [main] INFO  o.e.r.i.MethodCallReplacementClassAdapter - Adding mock interface to class com/fasterxml/jackson/core/json/JsonWriteContext
01:24:14.903 [main] INFO  o.e.r.i.CreateClassResetClassAdapter - Creating brand-new static initializer in class com/fasterxml/jackson/core/json/JsonWriteContext
01:24:14.903 [main] INFO  o.e.r.i.CreateClassResetClassAdapter - Adding bytecode for initializing field STATUS_OK_AS_IS
01:24:14.908 [main] INFO  o.e.r.i.CreateClassResetClassAdapter - Adding bytecode for initializing field STATUS_OK_AFTER_COMMA
01:24:14.909 [main] INFO  o.e.r.i.CreateClassResetClassAdapter - Adding bytecode for initializing field STATUS_OK_AFTER_COLON
01:24:14.909 [main] INFO  o.e.r.i.CreateClassResetClassAdapter - Adding bytecode for initializing field STATUS_OK_AFTER_SPACE
01:24:14.909 [main] INFO  o.e.r.i.CreateClassResetClassAdapter - Adding bytecode for initializing field STATUS_EXPECT_VALUE
01:24:14.909 [main] INFO  o.e.r.i.CreateClassResetClassAdapter - Adding bytecode for initializing field STATUS_EXPECT_NAME
01:24:14.909 [main] INFO  o.e.r.instrumentation.EvoClassLoader - Keeping class: com.fasterxml.jackson.core.json.JsonWriteContext
01:24:14.909 [main] INFO  o.e.r.instrumentation.EvoClassLoader - Seeing class for first time: com.fasterxml.jackson.core.JsonParseException
01:24:14.909 [main] INFO  o.e.r.instrumentation.EvoClassLoader - Instrumenting class 'com.fasterxml.jackson.core.JsonParseException'.
01:24:14.909 [main] INFO  o.e.r.i.MethodCallReplacementClassAdapter - Adding mock interface to class com/fasterxml/jackson/core/JsonParseException
01:24:14.910 [main] INFO  o.e.r.i.CreateClassResetClassAdapter - Creating brand-new static initializer in class com/fasterxml/jackson/core/JsonParseException
01:24:14.910 [main] INFO  o.e.r.instrumentation.EvoClassLoader - Keeping class: com.fasterxml.jackson.core.JsonParseException
01:24:14.911 [main] INFO  o.e.r.instrumentation.EvoClassLoader - Seeing class for first time: com.fasterxml.jackson.core.JsonParser$NumberType
01:24:14.911 [main] INFO  o.e.r.instrumentation.EvoClassLoader - Instrumenting class 'com.fasterxml.jackson.core.JsonParser$NumberType'.
01:24:14.911 [main] INFO  o.e.r.i.MethodCallReplacementClassAdapter - Adding mock interface to class com/fasterxml/jackson/core/JsonParser$NumberType
01:24:14.911 [main] INFO  o.e.r.i.CreateClassResetClassAdapter - Found static initializer in class com/fasterxml/jackson/core/JsonParser$NumberType
01:24:14.911 [main] INFO  o.e.r.instrumentation.EvoClassLoader - Keeping class: com.fasterxml.jackson.core.JsonParser$NumberType
01:24:14.912 [main] INFO  o.e.r.instrumentation.EvoClassLoader - Seeing class for first time: com.fasterxml.jackson.core.util.DefaultPrettyPrinter$NopIndenter
01:24:14.912 [main] INFO  o.e.r.instrumentation.EvoClassLoader - Instrumenting class 'com.fasterxml.jackson.core.util.DefaultPrettyPrinter$NopIndenter'.
01:24:14.912 [main] INFO  o.e.r.i.MethodCallReplacementClassAdapter - Adding mock interface to class com/fasterxml/jackson/core/util/DefaultPrettyPrinter$NopIndenter
01:24:14.912 [main] INFO  o.e.r.i.CreateClassResetClassAdapter - Found static initializer in class com/fasterxml/jackson/core/util/DefaultPrettyPrinter$NopIndenter
01:24:14.912 [main] INFO  o.e.r.instrumentation.EvoClassLoader - Seeing class for first time: com.fasterxml.jackson.core.util.DefaultPrettyPrinter$Indenter
01:24:14.914 [main] INFO  o.e.r.instrumentation.EvoClassLoader - Instrumenting class 'com.fasterxml.jackson.core.util.DefaultPrettyPrinter$Indenter'.
01:24:14.914 [main] INFO  o.e.r.instrumentation.EvoClassLoader - Keeping class: com.fasterxml.jackson.core.util.DefaultPrettyPrinter$Indenter
01:24:14.914 [main] INFO  o.e.r.instrumentation.EvoClassLoader - Keeping class: com.fasterxml.jackson.core.util.DefaultPrettyPrinter$NopIndenter
01:24:14.914 [main] INFO  o.e.r.instrumentation.EvoClassLoader - Seeing class for first time: com.fasterxml.jackson.core.io.CharTypes
01:24:14.914 [main] INFO  o.e.r.instrumentation.EvoClassLoader - Instrumenting class 'com.fasterxml.jackson.core.io.CharTypes'.
01:24:14.915 [main] INFO  o.e.r.i.MethodCallReplacementClassAdapter - Adding mock interface to class com/fasterxml/jackson/core/io/CharTypes
01:24:14.915 [main] INFO  o.e.r.i.CreateClassResetClassAdapter - Found static initializer in class com/fasterxml/jackson/core/io/CharTypes
01:24:14.916 [main] INFO  o.e.r.instrumentation.EvoClassLoader - Defined package (3): package com.fasterxml.jackson.core.io, -12787315
01:24:14.916 [main] INFO  o.e.r.instrumentation.EvoClassLoader - Keeping class: com.fasterxml.jackson.core.io.CharTypes
01:24:14.917 [main] INFO  o.e.r.instrumentation.EvoClassLoader - Seeing class for first time: com.fasterxml.jackson.core.json.WriterBasedJsonGenerator
01:24:14.917 [main] INFO  o.e.r.instrumentation.EvoClassLoader - Instrumenting class 'com.fasterxml.jackson.core.json.WriterBasedJsonGenerator'.
01:24:14.922 [main] INFO  o.e.r.i.MethodCallReplacementClassAdapter - Adding mock interface to class com/fasterxml/jackson/core/json/WriterBasedJsonGenerator
01:24:14.931 [main] INFO  o.e.r.i.CreateClassResetClassAdapter - Found static initializer in class com/fasterxml/jackson/core/json/WriterBasedJsonGenerator
01:24:14.931 [main] INFO  o.e.r.instrumentation.EvoClassLoader - Seeing class for first time: com.fasterxml.jackson.core.json.JsonGeneratorImpl
01:24:14.931 [main] INFO  o.e.r.instrumentation.EvoClassLoader - Instrumenting class 'com.fasterxml.jackson.core.json.JsonGeneratorImpl'.
01:24:14.932 [main] INFO  o.e.r.i.MethodCallReplacementClassAdapter - Adding mock interface to class com/fasterxml/jackson/core/json/JsonGeneratorImpl
01:24:14.932 [main] INFO  o.e.r.i.CreateClassResetClassAdapter - Found static initializer in class com/fasterxml/jackson/core/json/JsonGeneratorImpl
01:24:14.932 [main] INFO  o.e.r.instrumentation.EvoClassLoader - Keeping class: com.fasterxml.jackson.core.json.JsonGeneratorImpl
01:24:14.932 [main] INFO  o.e.r.instrumentation.EvoClassLoader - Keeping class: com.fasterxml.jackson.core.json.WriterBasedJsonGenerator
01:24:14.942 [main] INFO  o.e.r.instrumentation.EvoClassLoader - Seeing class for first time: com.fasterxml.jackson.core.sym.CharsToNameCanonicalizer
01:24:14.942 [main] INFO  o.e.r.instrumentation.EvoClassLoader - Instrumenting class 'com.fasterxml.jackson.core.sym.CharsToNameCanonicalizer'.
01:24:14.944 [main] INFO  o.e.r.i.MethodCallReplacementClassAdapter - Adding mock interface to class com/fasterxml/jackson/core/sym/CharsToNameCanonicalizer
01:24:14.946 [main] INFO  o.e.r.i.CreateClassResetClassAdapter - Found static initializer in class com/fasterxml/jackson/core/sym/CharsToNameCanonicalizer
01:24:14.946 [main] INFO  o.e.r.instrumentation.EvoClassLoader - Defined package (3): package com.fasterxml.jackson.core.sym, -396396736
01:24:14.947 [main] INFO  o.e.r.instrumentation.EvoClassLoader - Keeping class: com.fasterxml.jackson.core.sym.CharsToNameCanonicalizer
01:24:14.947 [main] INFO  o.e.r.instrumentation.EvoClassLoader - Seeing class for first time: com.fasterxml.jackson.core.sym.CharsToNameCanonicalizer$Bucket
01:24:14.947 [main] INFO  o.e.r.instrumentation.EvoClassLoader - Instrumenting class 'com.fasterxml.jackson.core.sym.CharsToNameCanonicalizer$Bucket'.
01:24:14.948 [main] INFO  o.e.r.i.MethodCallReplacementClassAdapter - Adding mock interface to class com/fasterxml/jackson/core/sym/CharsToNameCanonicalizer$Bucket
01:24:14.948 [main] INFO  o.e.r.i.CreateClassResetClassAdapter - Creating brand-new static initializer in class com/fasterxml/jackson/core/sym/CharsToNameCanonicalizer$Bucket
01:24:14.948 [main] INFO  o.e.r.instrumentation.EvoClassLoader - Keeping class: com.fasterxml.jackson.core.sym.CharsToNameCanonicalizer$Bucket
01:24:14.948 [main] INFO  o.e.r.instrumentation.EvoClassLoader - Seeing class for first time: com.fasterxml.jackson.core.json.ReaderBasedJsonParser$1
01:24:14.948 [main] INFO  o.e.r.instrumentation.EvoClassLoader - Instrumenting class 'com.fasterxml.jackson.core.json.ReaderBasedJsonParser$1'.
01:24:14.949 [main] INFO  o.e.r.i.MethodCallReplacementClassAdapter - Adding mock interface to class com/fasterxml/jackson/core/json/ReaderBasedJsonParser$1
01:24:14.949 [main] INFO  o.e.r.instrumentation.EvoClassLoader - Keeping class: com.fasterxml.jackson.core.json.ReaderBasedJsonParser$1
01:24:14.949 [main] INFO  o.e.r.instrumentation.EvoClassLoader - Seeing class for first time: com.fasterxml.jackson.core.JsonToken
01:24:14.949 [main] INFO  o.e.r.instrumentation.EvoClassLoader - Instrumenting class 'com.fasterxml.jackson.core.JsonToken'.
01:24:14.949 [main] INFO  o.e.r.i.MethodCallReplacementClassAdapter - Adding mock interface to class com/fasterxml/jackson/core/JsonToken
01:24:14.950 [main] INFO  o.e.r.i.CreateClassResetClassAdapter - Found static initializer in class com/fasterxml/jackson/core/JsonToken
01:24:14.950 [main] INFO  o.e.r.instrumentation.EvoClassLoader - Keeping class: com.fasterxml.jackson.core.JsonToken
01:24:14.951 [main] INFO  o.e.r.instrumentation.EvoClassLoader - Seeing class for first time: com.fasterxml.jackson.core.util.BufferRecycler$CharBufferType
01:24:14.951 [main] INFO  o.e.r.instrumentation.EvoClassLoader - Instrumenting class 'com.fasterxml.jackson.core.util.BufferRecycler$CharBufferType'.
01:24:14.951 [main] INFO  o.e.r.i.MethodCallReplacementClassAdapter - Adding mock interface to class com/fasterxml/jackson/core/util/BufferRecycler$CharBufferType
01:24:14.952 [main] INFO  o.e.r.i.CreateClassResetClassAdapter - Found static initializer in class com/fasterxml/jackson/core/util/BufferRecycler$CharBufferType
01:24:14.952 [main] INFO  o.e.r.instrumentation.EvoClassLoader - Keeping class: com.fasterxml.jackson.core.util.BufferRecycler$CharBufferType
01:24:14.952 [main] INFO  o.e.r.instrumentation.EvoClassLoader - Seeing class for first time: com.fasterxml.jackson.core.sym.Name1
01:24:14.952 [main] INFO  o.e.r.instrumentation.EvoClassLoader - Instrumenting class 'com.fasterxml.jackson.core.sym.Name1'.
01:24:14.961 [main] INFO  o.e.r.i.MethodCallReplacementClassAdapter - Adding mock interface to class com/fasterxml/jackson/core/sym/Name1
01:24:14.961 [main] INFO  o.e.r.i.CreateClassResetClassAdapter - Found static initializer in class com/fasterxml/jackson/core/sym/Name1
01:24:14.961 [main] INFO  o.e.r.instrumentation.EvoClassLoader - Seeing class for first time: com.fasterxml.jackson.core.sym.Name
01:24:14.961 [main] INFO  o.e.r.instrumentation.EvoClassLoader - Instrumenting class 'com.fasterxml.jackson.core.sym.Name'.
01:24:14.961 [main] INFO  o.e.r.i.MethodCallReplacementClassAdapter - Adding mock interface to class com/fasterxml/jackson/core/sym/Name
01:24:14.962 [main] INFO  o.e.r.i.CreateClassResetClassAdapter - Creating brand-new static initializer in class com/fasterxml/jackson/core/sym/Name
01:24:14.962 [main] INFO  o.e.r.instrumentation.EvoClassLoader - Keeping class: com.fasterxml.jackson.core.sym.Name
01:24:14.962 [main] INFO  o.e.r.instrumentation.EvoClassLoader - Keeping class: com.fasterxml.jackson.core.sym.Name1
01:24:14.962 [main] INFO  o.e.r.instrumentation.EvoClassLoader - Seeing class for first time: com.fasterxml.jackson.core.sym.Name2
01:24:14.962 [main] INFO  o.e.r.instrumentation.EvoClassLoader - Instrumenting class 'com.fasterxml.jackson.core.sym.Name2'.
01:24:14.963 [main] INFO  o.e.r.i.MethodCallReplacementClassAdapter - Adding mock interface to class com/fasterxml/jackson/core/sym/Name2
01:24:14.963 [main] INFO  o.e.r.i.CreateClassResetClassAdapter - Creating brand-new static initializer in class com/fasterxml/jackson/core/sym/Name2
01:24:14.963 [main] INFO  o.e.r.instrumentation.EvoClassLoader - Keeping class: com.fasterxml.jackson.core.sym.Name2
01:24:14.963 [main] INFO  o.e.r.instrumentation.EvoClassLoader - Seeing class for first time: com.fasterxml.jackson.core.sym.Name3
01:24:14.963 [main] INFO  o.e.r.instrumentation.EvoClassLoader - Instrumenting class 'com.fasterxml.jackson.core.sym.Name3'.
01:24:14.963 [main] INFO  o.e.r.i.MethodCallReplacementClassAdapter - Adding mock interface to class com/fasterxml/jackson/core/sym/Name3
01:24:14.964 [main] INFO  o.e.r.i.CreateClassResetClassAdapter - Creating brand-new static initializer in class com/fasterxml/jackson/core/sym/Name3
01:24:14.964 [main] INFO  o.e.r.instrumentation.EvoClassLoader - Keeping class: com.fasterxml.jackson.core.sym.Name3
01:24:14.964 [main] INFO  o.e.r.instrumentation.EvoClassLoader - Seeing class for first time: com.fasterxml.jackson.core.io.NumberOutput
01:24:14.964 [main] INFO  o.e.r.instrumentation.EvoClassLoader - Instrumenting class 'com.fasterxml.jackson.core.io.NumberOutput'.
01:24:14.966 [main] INFO  o.e.r.i.MethodCallReplacementClassAdapter - Adding mock interface to class com/fasterxml/jackson/core/io/NumberOutput
01:24:14.967 [main] INFO  o.e.r.i.CreateClassResetClassAdapter - Found static initializer in class com/fasterxml/jackson/core/io/NumberOutput
01:24:14.968 [main] INFO  o.e.r.instrumentation.EvoClassLoader - Keeping class: com.fasterxml.jackson.core.io.NumberOutput
01:24:14.982 [main] INFO  o.e.r.instrumentation.EvoClassLoader - Seeing class for first time: com.fasterxml.jackson.core.type.TypeReference
01:24:14.982 [main] INFO  o.e.r.instrumentation.EvoClassLoader - Instrumenting class 'com.fasterxml.jackson.core.type.TypeReference'.
01:24:14.983 [main] INFO  o.e.r.i.MethodCallReplacementClassAdapter - Adding mock interface to class com/fasterxml/jackson/core/type/TypeReference
01:24:14.984 [main] INFO  o.e.r.i.CreateClassResetClassAdapter - Creating brand-new static initializer in class com/fasterxml/jackson/core/type/TypeReference
01:24:14.984 [main] INFO  o.e.r.instrumentation.EvoClassLoader - Defined package (3): package com.fasterxml.jackson.core.type, 596633057
01:24:14.984 [main] INFO  o.e.r.instrumentation.EvoClassLoader - Keeping class: com.fasterxml.jackson.core.type.TypeReference
01:24:14.985 [main] INFO  o.e.r.instrumentation.EvoClassLoader - Seeing class for first time: com.fasterxml.jackson.core.sym.BytesToNameCanonicalizer$TableInfo
01:24:14.985 [main] INFO  o.e.r.instrumentation.EvoClassLoader - Instrumenting class 'com.fasterxml.jackson.core.sym.BytesToNameCanonicalizer$TableInfo'.
01:24:14.985 [main] INFO  o.e.r.i.MethodCallReplacementClassAdapter - Adding mock interface to class com/fasterxml/jackson/core/sym/BytesToNameCanonicalizer$TableInfo
01:24:14.985 [main] INFO  o.e.r.i.CreateClassResetClassAdapter - Creating brand-new static initializer in class com/fasterxml/jackson/core/sym/BytesToNameCanonicalizer$TableInfo
01:24:14.985 [main] INFO  o.e.r.instrumentation.EvoClassLoader - Keeping class: com.fasterxml.jackson.core.sym.BytesToNameCanonicalizer$TableInfo
01:24:14.985 [main] INFO  o.e.r.instrumentation.EvoClassLoader - Seeing class for first time: com.fasterxml.jackson.core.io.JsonStringEncoder
01:24:14.985 [main] INFO  o.e.r.instrumentation.EvoClassLoader - Instrumenting class 'com.fasterxml.jackson.core.io.JsonStringEncoder'.
01:24:14.986 [main] INFO  o.e.r.i.MethodCallReplacementClassAdapter - Adding mock interface to class com/fasterxml/jackson/core/io/JsonStringEncoder
01:24:14.987 [main] INFO  o.e.r.i.CreateClassResetClassAdapter - Found static initializer in class com/fasterxml/jackson/core/io/JsonStringEncoder
01:24:14.988 [main] INFO  o.e.r.instrumentation.EvoClassLoader - Keeping class: com.fasterxml.jackson.core.io.JsonStringEncoder
01:24:14.988 [main] INFO  o.e.r.instrumentation.EvoClassLoader - Seeing class for first time: com.fasterxml.jackson.core.io.UTF8Writer
01:24:14.988 [main] INFO  o.e.r.instrumentation.EvoClassLoader - Instrumenting class 'com.fasterxml.jackson.core.io.UTF8Writer'.
01:24:14.989 [main] INFO  o.e.r.i.MethodCallReplacementClassAdapter - Adding mock interface to class com/fasterxml/jackson/core/io/UTF8Writer
01:24:14.990 [main] INFO  o.e.r.i.CreateClassResetClassAdapter - Creating brand-new static initializer in class com/fasterxml/jackson/core/io/UTF8Writer
01:24:14.990 [main] INFO  o.e.r.i.CreateClassResetClassAdapter - Adding bytecode for initializing field SURR1_FIRST
01:24:14.990 [main] INFO  o.e.r.i.CreateClassResetClassAdapter - Adding bytecode for initializing field SURR1_LAST
01:24:14.990 [main] INFO  o.e.r.i.CreateClassResetClassAdapter - Adding bytecode for initializing field SURR2_FIRST
01:24:14.990 [main] INFO  o.e.r.i.CreateClassResetClassAdapter - Adding bytecode for initializing field SURR2_LAST
01:24:14.991 [main] INFO  o.e.r.instrumentation.EvoClassLoader - Keeping class: com.fasterxml.jackson.core.io.UTF8Writer
01:24:14.991 [main] INFO  o.e.r.instrumentation.EvoClassLoader - Seeing class for first time: com.fasterxml.jackson.core.Version
01:24:14.991 [main] INFO  o.e.r.instrumentation.EvoClassLoader - Instrumenting class 'com.fasterxml.jackson.core.Version'.
01:24:14.991 [main] INFO  o.e.r.i.MethodCallReplacementClassAdapter - Adding mock interface to class com/fasterxml/jackson/core/Version
01:24:14.992 [main] INFO  o.e.r.i.CreateClassResetClassAdapter - Found static initializer in class com/fasterxml/jackson/core/Version
01:24:14.992 [main] INFO  o.e.r.instrumentation.EvoClassLoader - Keeping class: com.fasterxml.jackson.core.Version
01:24:14.993 [main] INFO  o.e.r.instrumentation.EvoClassLoader - Seeing class for first time: com.fasterxml.jackson.core.util.VersionUtil
01:24:14.993 [main] INFO  o.e.r.instrumentation.EvoClassLoader - Instrumenting class 'com.fasterxml.jackson.core.util.VersionUtil'.
01:24:14.993 [main] INFO  o.e.r.i.MethodCallReplacementClassAdapter - Adding mock interface to class com/fasterxml/jackson/core/util/VersionUtil
01:24:14.996 [main] INFO  o.e.r.i.CreateClassResetClassAdapter - Found static initializer in class com/fasterxml/jackson/core/util/VersionUtil
01:24:14.996 [main] INFO  o.e.r.instrumentation.EvoClassLoader - Keeping class: com.fasterxml.jackson.core.util.VersionUtil
01:24:14.997 [main] INFO  o.e.r.instrumentation.EvoClassLoader - Seeing class for first time: com.fasterxml.jackson.core.format.InputAccessor
01:24:14.997 [main] INFO  o.e.r.instrumentation.EvoClassLoader - Instrumenting class 'com.fasterxml.jackson.core.format.InputAccessor'.
01:24:14.997 [main] INFO  o.e.r.instrumentation.EvoClassLoader - Keeping class: com.fasterxml.jackson.core.format.InputAccessor
01:24:14.997 [main] INFO  o.e.r.instrumentation.EvoClassLoader - Seeing class for first time: com.fasterxml.jackson.core.util.Instantiatable
01:24:14.997 [main] INFO  o.e.r.instrumentation.EvoClassLoader - Instrumenting class 'com.fasterxml.jackson.core.util.Instantiatable'.
01:24:14.998 [main] INFO  o.e.r.instrumentation.EvoClassLoader - Keeping class: com.fasterxml.jackson.core.util.Instantiatable
01:24:14.998 [main] INFO  o.e.r.instrumentation.EvoClassLoader - Seeing class for first time: com.fasterxml.jackson.core.Base64Variant
01:24:14.998 [main] INFO  o.e.r.instrumentation.EvoClassLoader - Instrumenting class 'com.fasterxml.jackson.core.Base64Variant'.
01:24:14.998 [main] INFO  o.e.r.i.MethodCallReplacementClassAdapter - Adding mock interface to class com/fasterxml/jackson/core/Base64Variant
01:24:15.000 [main] INFO  o.e.r.i.CreateClassResetClassAdapter - Creating brand-new static initializer in class com/fasterxml/jackson/core/Base64Variant
01:24:15.000 [main] INFO  o.e.r.i.CreateClassResetClassAdapter - Adding bytecode for initializing field INT_SPACE
01:24:15.000 [main] INFO  o.e.r.i.CreateClassResetClassAdapter - Adding bytecode for initializing field PADDING_CHAR_NONE
01:24:15.000 [main] INFO  o.e.r.i.CreateClassResetClassAdapter - Adding bytecode for initializing field BASE64_VALUE_INVALID
01:24:15.000 [main] INFO  o.e.r.i.CreateClassResetClassAdapter - Adding bytecode for initializing field BASE64_VALUE_PADDING
01:24:15.000 [main] INFO  o.e.r.instrumentation.EvoClassLoader - Keeping class: com.fasterxml.jackson.core.Base64Variant
01:24:15.001 [main] INFO  o.e.r.instrumentation.EvoClassLoader - Seeing class for first time: com.fasterxml.jackson.core.io.InputDecorator
01:24:15.001 [main] INFO  o.e.r.instrumentation.EvoClassLoader - Instrumenting class 'com.fasterxml.jackson.core.io.InputDecorator'.
01:24:15.001 [main] INFO  o.e.r.i.MethodCallReplacementClassAdapter - Adding mock interface to class com/fasterxml/jackson/core/io/InputDecorator
01:24:15.002 [main] INFO  o.e.r.i.CreateClassResetClassAdapter - Creating brand-new static initializer in class com/fasterxml/jackson/core/io/InputDecorator
01:24:15.002 [main] INFO  o.e.r.instrumentation.EvoClassLoader - Keeping class: com.fasterxml.jackson.core.io.InputDecorator
01:24:15.002 [main] INFO  o.e.r.instrumentation.EvoClassLoader - Seeing class for first time: com.fasterxml.jackson.core.util.JsonGeneratorDelegate
01:24:15.002 [main] INFO  o.e.r.instrumentation.EvoClassLoader - Instrumenting class 'com.fasterxml.jackson.core.util.JsonGeneratorDelegate'.
01:24:15.002 [main] INFO  o.e.r.i.MethodCallReplacementClassAdapter - Adding mock interface to class com/fasterxml/jackson/core/util/JsonGeneratorDelegate
01:24:15.003 [main] INFO  o.e.r.i.CreateClassResetClassAdapter - Creating brand-new static initializer in class com/fasterxml/jackson/core/util/JsonGeneratorDelegate
01:24:15.003 [main] INFO  o.e.r.instrumentation.EvoClassLoader - Keeping class: com.fasterxml.jackson.core.util.JsonGeneratorDelegate
01:24:15.005 [main] INFO  o.e.r.instrumentation.EvoClassLoader - Seeing class for first time: com.fasterxml.jackson.core.json.JsonReadContext
01:24:15.005 [main] INFO  o.e.r.instrumentation.EvoClassLoader - Instrumenting class 'com.fasterxml.jackson.core.json.JsonReadContext'.
01:24:15.005 [main] INFO  o.e.r.i.MethodCallReplacementClassAdapter - Adding mock interface to class com/fasterxml/jackson/core/json/JsonReadContext
01:24:15.006 [main] INFO  o.e.r.i.CreateClassResetClassAdapter - Creating brand-new static initializer in class com/fasterxml/jackson/core/json/JsonReadContext
01:24:15.006 [main] INFO  o.e.r.instrumentation.EvoClassLoader - Keeping class: com.fasterxml.jackson.core.json.JsonReadContext
01:24:15.007 [main] INFO  o.e.r.instrumentation.EvoClassLoader - Seeing class for first time: com.fasterxml.jackson.core.io.OutputDecorator
01:24:15.007 [main] INFO  o.e.r.instrumentation.EvoClassLoader - Instrumenting class 'com.fasterxml.jackson.core.io.OutputDecorator'.
01:24:15.007 [main] INFO  o.e.r.i.MethodCallReplacementClassAdapter - Adding mock interface to class com/fasterxml/jackson/core/io/OutputDecorator
01:24:15.007 [main] INFO  o.e.r.i.CreateClassResetClassAdapter - Creating brand-new static initializer in class com/fasterxml/jackson/core/io/OutputDecorator
01:24:15.007 [main] INFO  o.e.r.instrumentation.EvoClassLoader - Keeping class: com.fasterxml.jackson.core.io.OutputDecorator
01:24:15.007 [main] INFO  o.e.r.instrumentation.EvoClassLoader - Seeing class for first time: com.fasterxml.jackson.core.json.PackageVersion
01:24:15.007 [main] INFO  o.e.r.instrumentation.EvoClassLoader - Instrumenting class 'com.fasterxml.jackson.core.json.PackageVersion'.
01:24:15.008 [main] INFO  o.e.r.i.MethodCallReplacementClassAdapter - Adding mock interface to class com/fasterxml/jackson/core/json/PackageVersion
01:24:15.008 [main] INFO  o.e.r.i.CreateClassResetClassAdapter - Found static initializer in class com/fasterxml/jackson/core/json/PackageVersion
01:24:15.008 [main] INFO  o.e.r.instrumentation.EvoClassLoader - Keeping class: com.fasterxml.jackson.core.json.PackageVersion
01:24:15.008 [main] INFO  o.e.r.instrumentation.EvoClassLoader - Seeing class for first time: com.fasterxml.jackson.core.sym.BytesToNameCanonicalizer$Bucket
01:24:15.008 [main] INFO  o.e.r.instrumentation.EvoClassLoader - Instrumenting class 'com.fasterxml.jackson.core.sym.BytesToNameCanonicalizer$Bucket'.
01:24:15.008 [main] INFO  o.e.r.i.MethodCallReplacementClassAdapter - Adding mock interface to class com/fasterxml/jackson/core/sym/BytesToNameCanonicalizer$Bucket
01:24:15.009 [main] INFO  o.e.r.i.CreateClassResetClassAdapter - Creating brand-new static initializer in class com/fasterxml/jackson/core/sym/BytesToNameCanonicalizer$Bucket
01:24:15.009 [main] INFO  o.e.r.instrumentation.EvoClassLoader - Keeping class: com.fasterxml.jackson.core.sym.BytesToNameCanonicalizer$Bucket
01:24:15.009 [main] INFO  o.e.r.instrumentation.EvoClassLoader - Seeing class for first time: com.fasterxml.jackson.core.sym.BytesToNameCanonicalizer
01:24:15.009 [main] INFO  o.e.r.instrumentation.EvoClassLoader - Instrumenting class 'com.fasterxml.jackson.core.sym.BytesToNameCanonicalizer'.
01:24:15.010 [main] INFO  o.e.r.i.MethodCallReplacementClassAdapter - Adding mock interface to class com/fasterxml/jackson/core/sym/BytesToNameCanonicalizer
01:24:15.013 [main] INFO  o.e.r.i.CreateClassResetClassAdapter - Creating brand-new static initializer in class com/fasterxml/jackson/core/sym/BytesToNameCanonicalizer
01:24:15.013 [main] INFO  o.e.r.i.CreateClassResetClassAdapter - Adding bytecode for initializing field DEFAULT_TABLE_SIZE
01:24:15.014 [main] INFO  o.e.r.i.CreateClassResetClassAdapter - Adding bytecode for initializing field MAX_TABLE_SIZE
01:24:15.014 [main] INFO  o.e.r.i.CreateClassResetClassAdapter - Adding bytecode for initializing field MAX_ENTRIES_FOR_REUSE
01:24:15.014 [main] INFO  o.e.r.i.CreateClassResetClassAdapter - Adding bytecode for initializing field MAX_COLL_CHAIN_LENGTH
01:24:15.014 [main] INFO  o.e.r.i.CreateClassResetClassAdapter - Adding bytecode for initializing field MAX_COLL_CHAIN_FOR_REUSE
01:24:15.014 [main] INFO  o.e.r.i.CreateClassResetClassAdapter - Adding bytecode for initializing field MIN_HASH_SIZE
01:24:15.014 [main] INFO  o.e.r.i.CreateClassResetClassAdapter - Adding bytecode for initializing field INITIAL_COLLISION_LEN
01:24:15.014 [main] INFO  o.e.r.i.CreateClassResetClassAdapter - Adding bytecode for initializing field LAST_VALID_BUCKET
01:24:15.014 [main] INFO  o.e.r.i.CreateClassResetClassAdapter - Adding bytecode for initializing field MULT
01:24:15.014 [main] INFO  o.e.r.i.CreateClassResetClassAdapter - Adding bytecode for initializing field MULT2
01:24:15.014 [main] INFO  o.e.r.i.CreateClassResetClassAdapter - Adding bytecode for initializing field MULT3
01:24:15.014 [main] INFO  o.e.r.instrumentation.EvoClassLoader - Keeping class: com.fasterxml.jackson.core.sym.BytesToNameCanonicalizer
01:24:15.014 [main] INFO  o.e.r.instrumentation.EvoClassLoader - Seeing class for first time: com.fasterxml.jackson.core.sym.NameN
01:24:15.014 [main] INFO  o.e.r.instrumentation.EvoClassLoader - Instrumenting class 'com.fasterxml.jackson.core.sym.NameN'.
01:24:15.015 [main] INFO  o.e.r.i.MethodCallReplacementClassAdapter - Adding mock interface to class com/fasterxml/jackson/core/sym/NameN
01:24:15.016 [main] INFO  o.e.r.i.CreateClassResetClassAdapter - Creating brand-new static initializer in class com/fasterxml/jackson/core/sym/NameN
01:24:15.016 [main] INFO  o.e.r.instrumentation.EvoClassLoader - Keeping class: com.fasterxml.jackson.core.sym.NameN
01:24:15.018 [main] INFO  o.e.r.instrumentation.EvoClassLoader - Seeing class for first time: com.fasterxml.jackson.core.JsonLocation
01:24:15.018 [main] INFO  o.e.r.instrumentation.EvoClassLoader - Instrumenting class 'com.fasterxml.jackson.core.JsonLocation'.
01:24:15.019 [main] INFO  o.e.r.i.MethodCallReplacementClassAdapter - Adding mock interface to class com/fasterxml/jackson/core/JsonLocation
01:24:15.019 [main] INFO  o.e.r.i.CreateClassResetClassAdapter - Found static initializer in class com/fasterxml/jackson/core/JsonLocation
01:24:15.019 [main] INFO  o.e.r.instrumentation.EvoClassLoader - Keeping class: com.fasterxml.jackson.core.JsonLocation
01:24:15.020 [main] INFO  o.e.r.instrumentation.EvoClassLoader - Seeing class for first time: com.fasterxml.jackson.core.io.CharacterEscapes
01:24:15.020 [main] INFO  o.e.r.instrumentation.EvoClassLoader - Instrumenting class 'com.fasterxml.jackson.core.io.CharacterEscapes'.
01:24:15.020 [main] INFO  o.e.r.i.MethodCallReplacementClassAdapter - Adding mock interface to class com/fasterxml/jackson/core/io/CharacterEscapes
01:24:15.020 [main] INFO  o.e.r.i.CreateClassResetClassAdapter - Creating brand-new static initializer in class com/fasterxml/jackson/core/io/CharacterEscapes
01:24:15.020 [main] INFO  o.e.r.i.CreateClassResetClassAdapter - Adding bytecode for initializing field ESCAPE_NONE
01:24:15.020 [main] INFO  o.e.r.i.CreateClassResetClassAdapter - Adding bytecode for initializing field ESCAPE_STANDARD
01:24:15.020 [main] INFO  o.e.r.i.CreateClassResetClassAdapter - Adding bytecode for initializing field ESCAPE_CUSTOM
01:24:15.020 [main] INFO  o.e.r.instrumentation.EvoClassLoader - Keeping class: com.fasterxml.jackson.core.io.CharacterEscapes
01:24:15.021 [main] INFO  o.e.r.instrumentation.EvoClassLoader - Seeing class for first time: com.fasterxml.jackson.core.ObjectCodec
01:24:15.021 [main] INFO  o.e.r.instrumentation.EvoClassLoader - Instrumenting class 'com.fasterxml.jackson.core.ObjectCodec'.
01:24:15.021 [main] INFO  o.e.r.i.MethodCallReplacementClassAdapter - Adding mock interface to class com/fasterxml/jackson/core/ObjectCodec
01:24:15.021 [main] INFO  o.e.r.i.CreateClassResetClassAdapter - Creating brand-new static initializer in class com/fasterxml/jackson/core/ObjectCodec
01:24:15.021 [main] INFO  o.e.r.instrumentation.EvoClassLoader - Keeping class: com.fasterxml.jackson.core.ObjectCodec
01:24:15.022 [main] INFO  o.e.r.instrumentation.EvoClassLoader - Seeing class for first time: com.fasterxml.jackson.core.type.ResolvedType
01:24:15.022 [main] INFO  o.e.r.instrumentation.EvoClassLoader - Instrumenting class 'com.fasterxml.jackson.core.type.ResolvedType'.
01:24:15.022 [main] INFO  o.e.r.i.MethodCallReplacementClassAdapter - Adding mock interface to class com/fasterxml/jackson/core/type/ResolvedType
01:24:15.026 [main] INFO  o.e.r.i.CreateClassResetClassAdapter - Creating brand-new static initializer in class com/fasterxml/jackson/core/type/ResolvedType
01:24:15.026 [main] INFO  o.e.r.instrumentation.EvoClassLoader - Keeping class: com.fasterxml.jackson.core.type.ResolvedType
01:24:15.027 [main] INFO  o.e.r.instrumentation.EvoClassLoader - Seeing class for first time: com.fasterxml.jackson.core.JsonFactory$Feature
01:24:15.027 [main] INFO  o.e.r.instrumentation.EvoClassLoader - Instrumenting class 'com.fasterxml.jackson.core.JsonFactory$Feature'.
01:24:15.027 [main] INFO  o.e.r.i.MethodCallReplacementClassAdapter - Adding mock interface to class com/fasterxml/jackson/core/JsonFactory$Feature
01:24:15.027 [main] INFO  o.e.r.i.CreateClassResetClassAdapter - Found static initializer in class com/fasterxml/jackson/core/JsonFactory$Feature
01:24:15.027 [main] INFO  o.e.r.instrumentation.EvoClassLoader - Keeping class: com.fasterxml.jackson.core.JsonFactory$Feature
01:24:15.028 [main] INFO  o.e.r.instrumentation.EvoClassLoader - Seeing class for first time: com.fasterxml.jackson.core.util.InternCache
01:24:15.028 [main] INFO  o.e.r.instrumentation.EvoClassLoader - Instrumenting class 'com.fasterxml.jackson.core.util.InternCache'.
01:24:15.028 [main] INFO  o.e.r.i.MethodCallReplacementClassAdapter - Adding mock interface to class com/fasterxml/jackson/core/util/InternCache
01:24:15.028 [main] INFO  o.e.r.i.CreateClassResetClassAdapter - Found static initializer in class com/fasterxml/jackson/core/util/InternCache
01:24:15.028 [main] INFO  o.e.r.instrumentation.EvoClassLoader - Keeping class: com.fasterxml.jackson.core.util.InternCache
01:24:15.029 [main] INFO  o.e.r.instrumentation.EvoClassLoader - Seeing class for first time: com.fasterxml.jackson.core.JsonParser$Feature
01:24:15.029 [main] INFO  o.e.r.instrumentation.EvoClassLoader - Instrumenting class 'com.fasterxml.jackson.core.JsonParser$Feature'.
01:24:15.029 [main] INFO  o.e.r.i.MethodCallReplacementClassAdapter - Adding mock interface to class com/fasterxml/jackson/core/JsonParser$Feature
01:24:15.029 [main] INFO  o.e.r.i.CreateClassResetClassAdapter - Found static initializer in class com/fasterxml/jackson/core/JsonParser$Feature
01:24:15.029 [main] INFO  o.e.r.instrumentation.EvoClassLoader - Keeping class: com.fasterxml.jackson.core.JsonParser$Feature
01:24:15.030 [main] INFO  o.e.r.instrumentation.EvoClassLoader - Seeing class for first time: com.fasterxml.jackson.core.io.SerializedString
01:24:15.030 [main] INFO  o.e.r.instrumentation.EvoClassLoader - Instrumenting class 'com.fasterxml.jackson.core.io.SerializedString'.
01:24:15.030 [main] INFO  o.e.r.i.MethodCallReplacementClassAdapter - Adding mock interface to class com/fasterxml/jackson/core/io/SerializedString
01:24:15.031 [main] INFO  o.e.r.i.CreateClassResetClassAdapter - Creating brand-new static initializer in class com/fasterxml/jackson/core/io/SerializedString
01:24:15.032 [main] INFO  o.e.r.instrumentation.EvoClassLoader - Keeping class: com.fasterxml.jackson.core.io.SerializedString
01:24:15.032 [main] INFO  o.e.r.instrumentation.EvoClassLoader - Seeing class for first time: com.fasterxml.jackson.core.util.DefaultPrettyPrinter$FixedSpaceIndenter
01:24:15.032 [main] INFO  o.e.r.instrumentation.EvoClassLoader - Instrumenting class 'com.fasterxml.jackson.core.util.DefaultPrettyPrinter$FixedSpaceIndenter'.
01:24:15.032 [main] INFO  o.e.r.i.MethodCallReplacementClassAdapter - Adding mock interface to class com/fasterxml/jackson/core/util/DefaultPrettyPrinter$FixedSpaceIndenter
01:24:15.032 [main] INFO  o.e.r.i.CreateClassResetClassAdapter - Found static initializer in class com/fasterxml/jackson/core/util/DefaultPrettyPrinter$FixedSpaceIndenter
01:24:15.033 [main] INFO  o.e.r.instrumentation.EvoClassLoader - Keeping class: com.fasterxml.jackson.core.util.DefaultPrettyPrinter$FixedSpaceIndenter
01:24:15.033 [main] INFO  o.e.r.instrumentation.EvoClassLoader - Seeing class for first time: com.fasterxml.jackson.core.JsonEncoding
01:24:15.033 [main] INFO  o.e.r.instrumentation.EvoClassLoader - Instrumenting class 'com.fasterxml.jackson.core.JsonEncoding'.
01:24:15.033 [main] INFO  o.e.r.i.MethodCallReplacementClassAdapter - Adding mock interface to class com/fasterxml/jackson/core/JsonEncoding
01:24:15.033 [main] INFO  o.e.r.i.CreateClassResetClassAdapter - Found static initializer in class com/fasterxml/jackson/core/JsonEncoding
01:24:15.034 [main] INFO  o.e.r.instrumentation.EvoClassLoader - Keeping class: com.fasterxml.jackson.core.JsonEncoding
01:24:15.034 [main] INFO  o.e.r.instrumentation.EvoClassLoader - Seeing class for first time: com.fasterxml.jackson.core.util.DefaultPrettyPrinter
01:24:15.034 [main] INFO  o.e.r.instrumentation.EvoClassLoader - Instrumenting class 'com.fasterxml.jackson.core.util.DefaultPrettyPrinter'.
01:24:15.034 [main] INFO  o.e.r.i.MethodCallReplacementClassAdapter - Adding mock interface to class com/fasterxml/jackson/core/util/DefaultPrettyPrinter
01:24:15.036 [main] INFO  o.e.r.i.CreateClassResetClassAdapter - Found static initializer in class com/fasterxml/jackson/core/util/DefaultPrettyPrinter
01:24:15.036 [main] INFO  o.e.r.instrumentation.EvoClassLoader - Keeping class: com.fasterxml.jackson.core.util.DefaultPrettyPrinter
01:24:15.037 [main] INFO  o.e.r.instrumentation.EvoClassLoader - Seeing class for first time: com.fasterxml.jackson.core.util.BufferRecycler
01:24:15.037 [main] INFO  o.e.r.instrumentation.EvoClassLoader - Instrumenting class 'com.fasterxml.jackson.core.util.BufferRecycler'.
01:24:15.037 [main] INFO  o.e.r.i.MethodCallReplacementClassAdapter - Adding mock interface to class com/fasterxml/jackson/core/util/BufferRecycler
01:24:15.038 [main] INFO  o.e.r.i.CreateClassResetClassAdapter - Creating brand-new static initializer in class com/fasterxml/jackson/core/util/BufferRecycler
01:24:15.038 [main] INFO  o.e.r.i.CreateClassResetClassAdapter - Adding bytecode for initializing field DEFAULT_WRITE_CONCAT_BUFFER_LEN
01:24:15.038 [main] INFO  o.e.r.instrumentation.EvoClassLoader - Keeping class: com.fasterxml.jackson.core.util.BufferRecycler
01:24:15.038 [main] INFO  o.e.r.instrumentation.EvoClassLoader - Seeing class for first time: com.fasterxml.jackson.core.TreeNode
01:24:15.038 [main] INFO  o.e.r.instrumentation.EvoClassLoader - Instrumenting class 'com.fasterxml.jackson.core.TreeNode'.
01:24:15.039 [main] INFO  o.e.r.instrumentation.EvoClassLoader - Keeping class: com.fasterxml.jackson.core.TreeNode
01:24:15.039 [main] INFO  o.e.r.instrumentation.EvoClassLoader - Seeing class for first time: com.fasterxml.jackson.core.JsonGenerator$Feature
01:24:15.039 [main] INFO  o.e.r.instrumentation.EvoClassLoader - Instrumenting class 'com.fasterxml.jackson.core.JsonGenerator$Feature'.
01:24:15.039 [main] INFO  o.e.r.i.MethodCallReplacementClassAdapter - Adding mock interface to class com/fasterxml/jackson/core/JsonGenerator$Feature
01:24:15.039 [main] INFO  o.e.r.i.CreateClassResetClassAdapter - Found static initializer in class com/fasterxml/jackson/core/JsonGenerator$Feature
01:24:15.039 [main] INFO  o.e.r.instrumentation.EvoClassLoader - Keeping class: com.fasterxml.jackson.core.JsonGenerator$Feature
01:24:15.040 [main] INFO  o.e.r.instrumentation.EvoClassLoader - Seeing class for first time: com.fasterxml.jackson.core.json.UTF8JsonGenerator
01:24:15.040 [main] INFO  o.e.r.instrumentation.EvoClassLoader - Instrumenting class 'com.fasterxml.jackson.core.json.UTF8JsonGenerator'.
01:24:15.041 [main] INFO  o.e.r.i.MethodCallReplacementClassAdapter - Adding mock interface to class com/fasterxml/jackson/core/json/UTF8JsonGenerator
01:24:15.045 [main] INFO  o.e.r.i.CreateClassResetClassAdapter - Found static initializer in class com/fasterxml/jackson/core/json/UTF8JsonGenerator
01:24:15.045 [main] INFO  o.e.r.instrumentation.EvoClassLoader - Keeping class: com.fasterxml.jackson.core.json.UTF8JsonGenerator
01:24:15.047 [main] INFO  o.e.r.instrumentation.EvoClassLoader - Seeing class for first time: com.fasterxml.jackson.core.util.TextBuffer
01:24:15.047 [main] INFO  o.e.r.instrumentation.EvoClassLoader - Instrumenting class 'com.fasterxml.jackson.core.util.TextBuffer'.
01:24:15.048 [main] INFO  o.e.r.i.MethodCallReplacementClassAdapter - Adding mock interface to class com/fasterxml/jackson/core/util/TextBuffer
01:24:15.049 [main] INFO  o.e.r.i.CreateClassResetClassAdapter - Found static initializer in class com/fasterxml/jackson/core/util/TextBuffer
01:24:15.049 [main] INFO  o.e.r.instrumentation.EvoClassLoader - Keeping class: com.fasterxml.jackson.core.util.TextBuffer
01:24:15.050 [main] INFO  o.e.r.instrumentation.EvoClassLoader - Seeing class for first time: com.fasterxml.jackson.core.format.MatchStrength
01:24:15.050 [main] INFO  o.e.r.instrumentation.EvoClassLoader - Instrumenting class 'com.fasterxml.jackson.core.format.MatchStrength'.
01:24:15.050 [main] INFO  o.e.r.i.MethodCallReplacementClassAdapter - Adding mock interface to class com/fasterxml/jackson/core/format/MatchStrength
01:24:15.050 [main] INFO  o.e.r.i.CreateClassResetClassAdapter - Found static initializer in class com/fasterxml/jackson/core/format/MatchStrength
01:24:15.051 [main] INFO  o.e.r.instrumentation.EvoClassLoader - Keeping class: com.fasterxml.jackson.core.format.MatchStrength
01:24:15.051 [main] INFO  o.e.r.instrumentation.EvoClassLoader - Seeing class for first time: com.fasterxml.jackson.core.Base64Variants
01:24:15.051 [main] INFO  o.e.r.instrumentation.EvoClassLoader - Instrumenting class 'com.fasterxml.jackson.core.Base64Variants'.
01:24:15.051 [main] INFO  o.e.r.i.MethodCallReplacementClassAdapter - Adding mock interface to class com/fasterxml/jackson/core/Base64Variants
01:24:15.052 [main] INFO  o.e.r.i.CreateClassResetClassAdapter - Found static initializer in class com/fasterxml/jackson/core/Base64Variants
01:24:15.053 [main] INFO  o.e.r.instrumentation.EvoClassLoader - Keeping class: com.fasterxml.jackson.core.Base64Variants
01:24:15.053 [main] INFO  o.e.r.instrumentation.EvoClassLoader - Seeing class for first time: com.fasterxml.jackson.core.JsonFactory
01:24:15.053 [main] INFO  o.e.r.instrumentation.EvoClassLoader - Instrumenting class 'com.fasterxml.jackson.core.JsonFactory'.
01:24:15.054 [main] INFO  o.e.r.i.MethodCallReplacementClassAdapter - Adding mock interface to class com/fasterxml/jackson/core/JsonFactory
01:24:15.067 [main] INFO  o.e.r.i.CreateClassResetClassAdapter - Found static initializer in class com/fasterxml/jackson/core/JsonFactory
01:24:15.068 [main] INFO  o.e.r.instrumentation.EvoClassLoader - Keeping class: com.fasterxml.jackson.core.JsonFactory
01:24:15.072 [main] INFO  o.e.r.instrumentation.EvoClassLoader - Seeing class for first time: com.fasterxml.jackson.core.io.IOContext
01:24:15.072 [main] INFO  o.e.r.instrumentation.EvoClassLoader - Instrumenting class 'com.fasterxml.jackson.core.io.IOContext'.
01:24:15.081 [main] INFO  o.e.r.i.MethodCallReplacementClassAdapter - Adding mock interface to class com/fasterxml/jackson/core/io/IOContext
01:24:15.083 [main] INFO  o.e.r.i.CreateClassResetClassAdapter - Creating brand-new static initializer in class com/fasterxml/jackson/core/io/IOContext
01:24:15.083 [main] INFO  o.e.r.instrumentation.EvoClassLoader - Keeping class: com.fasterxml.jackson.core.io.IOContext
01:24:15.084 [main] INFO  o.e.r.instrumentation.EvoClassLoader - Seeing class for first time: com.fasterxml.jackson.core.FormatSchema
01:24:15.084 [main] INFO  o.e.r.instrumentation.EvoClassLoader - Instrumenting class 'com.fasterxml.jackson.core.FormatSchema'.
01:24:15.084 [main] INFO  o.e.r.instrumentation.EvoClassLoader - Keeping class: com.fasterxml.jackson.core.FormatSchema
01:24:15.084 [main] INFO  o.e.r.instrumentation.EvoClassLoader - Seeing class for first time: com.fasterxml.jackson.core.util.DefaultPrettyPrinter$Lf2SpacesIndenter
01:24:15.084 [main] INFO  o.e.r.instrumentation.EvoClassLoader - Instrumenting class 'com.fasterxml.jackson.core.util.DefaultPrettyPrinter$Lf2SpacesIndenter'.
01:24:15.084 [main] INFO  o.e.r.i.MethodCallReplacementClassAdapter - Adding mock interface to class com/fasterxml/jackson/core/util/DefaultPrettyPrinter$Lf2SpacesIndenter
01:24:15.085 [main] INFO  o.e.r.i.CreateClassResetClassAdapter - Found static initializer in class com/fasterxml/jackson/core/util/DefaultPrettyPrinter$Lf2SpacesIndenter
01:24:15.085 [main] INFO  o.e.r.instrumentation.EvoClassLoader - Keeping class: com.fasterxml.jackson.core.util.DefaultPrettyPrinter$Lf2SpacesIndenter
01:24:15.085 [main] INFO  o.e.r.instrumentation.EvoClassLoader - Seeing class for first time: com.fasterxml.jackson.core.util.BufferRecycler$ByteBufferType
01:24:15.085 [main] INFO  o.e.r.instrumentation.EvoClassLoader - Instrumenting class 'com.fasterxml.jackson.core.util.BufferRecycler$ByteBufferType'.
01:24:15.086 [main] INFO  o.e.r.i.MethodCallReplacementClassAdapter - Adding mock interface to class com/fasterxml/jackson/core/util/BufferRecycler$ByteBufferType
01:24:15.086 [main] INFO  o.e.r.i.CreateClassResetClassAdapter - Found static initializer in class com/fasterxml/jackson/core/util/BufferRecycler$ByteBufferType
01:24:15.086 [main] INFO  o.e.r.instrumentation.EvoClassLoader - Keeping class: com.fasterxml.jackson.core.util.BufferRecycler$ByteBufferType
01:24:15.086 [main] INFO  o.e.r.instrumentation.EvoClassLoader - Seeing class for first time: com.fasterxml.jackson.core.base.GeneratorBase$1
01:24:15.086 [main] INFO  o.e.r.instrumentation.EvoClassLoader - Instrumenting class 'com.fasterxml.jackson.core.base.GeneratorBase$1'.
01:24:15.087 [main] INFO  o.e.r.i.MethodCallReplacementClassAdapter - Adding mock interface to class com/fasterxml/jackson/core/base/GeneratorBase$1
01:24:15.087 [main] INFO  o.e.r.instrumentation.EvoClassLoader - Keeping class: com.fasterxml.jackson.core.base.GeneratorBase$1
01:24:15.087 [main] INFO  o.e.r.instrumentation.EvoClassLoader - Seeing class for first time: com.fasterxml.jackson.core.JsonParser$1
01:24:15.087 [main] INFO  o.e.r.instrumentation.EvoClassLoader - Instrumenting class 'com.fasterxml.jackson.core.JsonParser$1'.
01:24:15.088 [main] INFO  o.e.r.i.MethodCallReplacementClassAdapter - Adding mock interface to class com/fasterxml/jackson/core/JsonParser$1
01:24:15.088 [main] INFO  o.e.r.instrumentation.EvoClassLoader - Keeping class: com.fasterxml.jackson.core.JsonParser$1
01:24:15.150 [main] INFO  o.e.runtime.thread.ThreadStopper - Found new thread
01:24:15.418 [main] INFO  o.e.runtime.thread.ThreadStopper - Found new thread
01:24:15.449 [main] INFO  o.e.runtime.thread.ThreadStopper - Found new thread
01:24:15.455 [main] INFO  o.e.runtime.thread.ThreadStopper - Found new thread
01:24:15.479 [main] INFO  o.e.runtime.thread.ThreadStopper - Found new thread
]]></system-out>
  <system-err><![CDATA[]]></system-err>
</testsuite>
