<?xml version="1.0" encoding="UTF-8" ?>
<testsuite errors="0" failures="0" hostname="sepehr-UX310UQK" name="com.fasterxml.jackson.core.sym.BytesToNameCanonicalizer_ESTest" skipped="0" tests="74" time="0.129" timestamp="2023-02-05T08:24:23">
  <properties>
    <property name="java.vendor" value="Private Build" />
    <property name="sun.java.launcher" value="SUN_STANDARD" />
    <property name="sun.management.compiler" value="HotSpot 64-Bit Tiered Compilers" />
    <property name="maven.build.srcDir.0" value="src/main/java" />
    <property name="os.name" value="Linux" />
    <property name="clover.historical.json" value="true" />
    <property name="sun.boot.class.path" value="/usr/lib/jvm/java-8-openjdk-amd64/jre/lib/resources.jar:/usr/lib/jvm/java-8-openjdk-amd64/jre/lib/rt.jar:/usr/lib/jvm/java-8-openjdk-amd64/jre/lib/sunrsasign.jar:/usr/lib/jvm/java-8-openjdk-amd64/jre/lib/jsse.jar:/usr/lib/jvm/java-8-openjdk-amd64/jre/lib/jce.jar:/usr/lib/jvm/java-8-openjdk-amd64/jre/lib/charsets.jar:/usr/lib/jvm/java-8-openjdk-amd64/jre/lib/jfr.jar:/usr/lib/jvm/java-8-openjdk-amd64/jre/classes" />
    <property name="bundle.version" value="2.3.7" />
    <property name="maven.build.timestamp.format" value="yyyy-MM-dd HH:mm:ssZ" />
    <property name="sun.desktop" value="gnome" />
    <property name="java.vm.specification.vendor" value="Oracle Corporation" />
    <property name="ant.home" value="/usr/share/ant" />
    <property name="java.runtime.version" value="1.8.0_352-8u352-ga-1~20.04-b08" />
    <property name="maven.build.resourceDir.0" value="src/main/resources" />
    <property name="project.build.sourceEncoding" value="UTF-8" />
    <property name="clover.project.historydir" value="/home/sepehr/masters/test_generation/evosuite_coverage/jacksonCore1f/.cloverhistory/jackson-core" />
    <property name="clover.flushinterval" value="100" />
    <property name="ant.file.jackson-core" value="/home/sepehr/masters/test_generation/evosuite_coverage/jacksonCore1f/build.xml" />
    <property name="user.name" value="sepehr" />
    <property name="ant.file.type.jackson-core" value="file" />
    <property name="osgi.export" value="com.fasterxml.jackson.core;version=2.3.0-SNAPSHOT,&#xa;com.fasterxml.jackson.core.*;version=2.3.0-SNAPSHOT" />
    <property name="maven.build.outputDir" value="target/classes" />
    <property name="packageVersion.template.input" value="/tmp/initialize-revisions.pl_30279_1557252573/3f/src/main/java/com/fasterxml/jackson/core/json/PackageVersion.java.in" />
    <property name="maven.repo.local" value="/home/sepehr/.m2/repository" />
    <property name="osgi.requiredExecutionEnvironment" value="" />
    <property name="maven.build.finalName" value="jackson-core-2.3.0-SNAPSHOT" />
    <property name="javac.src.version" value="1.6" />
    <property name="maven.build.testDir.0" value="src/test/java" />
    <property name="user.language" value="en" />
    <property name="sun.boot.library.path" value="/usr/lib/jvm/java-8-openjdk-amd64/jre/lib/amd64" />
    <property name="ant.project.default-target" value="package" />
    <property name="maven.reporting.outputDirectory" value="target/site" />
    <property name="ant.project.name" value="jackson-core" />
    <property name="generatedSourcesDir" value="/tmp/initialize-revisions.pl_30279_1557252573/3f/target/generated-sources" />
    <property name="java.version" value="1.8.0_352" />
    <property name="user.timezone" value="" />
    <property name="ant.file.type.jackson-core-from-maven" value="file" />
    <property name="sun.arch.data.model" value="64" />
    <property name="java.endorsed.dirs" value="/usr/lib/jvm/java-8-openjdk-amd64/jre/lib/endorsed" />
    <property name="sun.cpu.isalist" value="" />
    <property name="sun.jnu.encoding" value="UTF-8" />
    <property name="file.encoding.pkg" value="sun.io" />
    <property name="file.separator" value="/" />
    <property name="java.specification.name" value="Java Platform API Specification" />
    <property name="clover.initstring" value="/home/sepehr/masters/test_generation/evosuite_coverage/jacksonCore1f/.clover/clover4_4_1.db" />
    <property name="java.class.version" value="52.0" />
    <property name="javadoc.version" value="2.8.1" />
    <property name="user.country" value="US" />
    <property name="java.home" value="/usr/lib/jvm/java-8-openjdk-amd64/jre" />
    <property name="packageVersion.template.output" value="/tmp/initialize-revisions.pl_30279_1557252573/3f/target/generated-sources/com/fasterxml/jackson/core/json/PackageVersion.java" />
    <property name="clover.dir" value="/home/sepehr/masters/test_generation/evosuite_coverage/jacksonCore1f/clover" />
    <property name="java.vm.info" value="mixed mode" />
    <property name="ant.file" value="/home/sepehr/masters/test_generation/evosuite_coverage/jacksonCore1f/build.xml" />
    <property name="os.version" value="5.15.0-58-generic" />
    <property name="maven.build.testOutputDir" value="target/test-classes" />
    <property name="project.reporting.outputEncoding" value="UTF-8" />
    <property name="replacer.version" value="1.5.2" />
    <property name="path.separator" value=":" />
    <property name="java.vm.version" value="25.352-b08" />
    <property name="maven.build.dir" value="target" />
    <property name="maven.test.reports" value="target/test-reports" />
    <property name="ant.library.dir" value="/usr/share/ant/lib" />
    <property name="surefire.version" value="2.12" />
    <property name="clover.jar" value="/home/sepehr/masters/test_generation/evosuite_coverage/jacksonCore1f/${clover.home}/clover.jar" />
    <property name="java.awt.printerjob" value="sun.print.PSPrinterJob" />
    <property name="sun.io.unicode.encoding" value="UnicodeLittle" />
    <property name="packageVersion.dir" value="com/fasterxml/jackson/core/json" />
    <property name="java.specification.maintenance.version" value="4" />
    <property name="awt.toolkit" value="sun.awt.X11.XToolkit" />
    <property name="project.build.outputDirectory" value="target/classes" />
    <property name="user.home" value="/home/sepehr" />
    <property name="java.specification.vendor" value="Oracle Corporation" />
    <property name="clover.span" value="1day" />
    <property name="clover.dest" value="/home/sepehr/masters/test_generation/evosuite_coverage/jacksonCore1f/clover/jackson-core" />
    <property name="java.vendor.url" value="http://java.oracle.com/" />
    <property name="java.library.path" value="/usr/java/packages/lib/amd64:/usr/lib/x86_64-linux-gnu/jni:/lib/x86_64-linux-gnu:/usr/lib/x86_64-linux-gnu:/usr/lib/jni:/lib:/usr/lib" />
    <property name="test.target" value="test" />
    <property name="maven.settings.offline" value="false" />
    <property name="project.build.resourceEncoding" value="UTF-8" />
    <property name="java.vm.vendor" value="Private Build" />
    <property name="maven.settings.interactiveMode" value="true" />
    <property name="java.runtime.name" value="OpenJDK Runtime Environment" />
    <property name="java.class.path" value="/usr/share/ant/lib/ant-launcher.jar:/home/sepehr/masters/test_generation/evosuite_coverage/jacksonCore1f/./target/classes/:/home/sepehr/masters/test_generation/evosuite_coverage/jacksonCore1f/./evosuite-tests/:/home/sepehr/masters/test_generation/evosuite_coverage/jacksonCore1f/./evosuite-standalone-runtime-1.0.6.jar:/home/sepehr/masters/test_generation/evosuite_coverage/jacksonCore1f/./junit-4.12.jar:/home/sepehr/masters/test_generation/evosuite_coverage/jacksonCore1f/hamcrest-core-1.3.jar:/home/sepehr/.ant/lib/evosuite-standalone-runtime-1.0.6.jar:/home/sepehr/.ant/lib/clover.jar:/home/sepehr/.ant/lib/evosuite-1.0.6.jar:/usr/share/ant/lib/ant-apache-bsf.jar:/usr/share/ant/lib/ant-testutil.jar:/usr/share/ant/lib/ant-swing.jar:/usr/share/ant/lib/ant-apache-resolver.jar:/usr/share/ant/lib/ant-jmf.jar:/usr/share/ant/lib/ant-jdepend.jar:/usr/share/ant/lib/ant-junit.jar:/usr/share/ant/lib/ant-jsch.jar:/usr/share/ant/lib/ant-launcher.jar:/usr/share/ant/lib/ant-apache-bcel.jar:/usr/share/ant/lib/ant-apache-xalan2.jar:/usr/share/ant/lib/ant.jar:/usr/share/ant/lib/ant-commons-net.jar:/usr/share/ant/lib/ant-apache-regexp.jar:/usr/share/ant/lib/ant-apache-oro.jar:/usr/share/ant/lib/ant-javamail.jar:/usr/share/ant/lib/ant-junit4.jar:/usr/share/ant/lib/ant-commons-logging.jar:/usr/share/ant/lib/ant-antlr.jar:/usr/share/ant/lib/ant-xz.jar:/usr/share/ant/lib/junit-4.12.jar:/usr/share/ant/lib/ant-apache-log4j.jar:/usr/lib/jvm/java-8-openjdk-amd64/lib/tools.jar" />
    <property name="sun.java.command" value="org.apache.tools.ant.launch.Launcher -cp ./target/classes:./evosuite-tests:./evosuite-standalone-runtime-1.0.6.jar:./junit-4.12.jar:hamcrest-core-1.3.jar with.clover test clover.report" />
    <property name="ant.version" value="Apache Ant(TM) version 1.10.7 compiled on October 24 2019" />
    <property name="project.name" value="jackson-core" />
    <property name="project.build.directory" value="target" />
    <property name="java.vm.specification.name" value="Java Virtual Machine Specification" />
    <property name="clover.snapshot.file" value="/home/sepehr/masters/test_generation/evosuite_coverage/jacksonCore1f/.cloverhistory/jackson-core/clover.snapshot" />
    <property name="ant.file.type" value="file" />
    <property name="java.vm.specification.version" value="1.8" />
    <property name="sun.os.patch.level" value="unknown" />
    <property name="packageVersion.package" value="com.fasterxml.jackson.core.json" />
    <property name="sun.cpu.endian" value="little" />
    <property name="java.io.tmpdir" value="/tmp" />
    <property name="junit.present" value="true" />
    <property name="project.title" value="jackson-core" />
    <property name="java.vendor.url.bug" value="http://bugreport.sun.com/bugreport/" />
    <property name="os.arch" value="amd64" />
    <property name="maven.build.testResourceDir.0" value="src/test/resources" />
    <property name="clover.jarpath" value="/home/sepehr/.ant/lib/clover.jar" />
    <property name="java.awt.graphicsenv" value="sun.awt.X11GraphicsEnvironment" />
    <property name="java.ext.dirs" value="/usr/lib/jvm/java-8-openjdk-amd64/jre/lib/ext:/usr/java/packages/lib/ext" />
    <property name="user.dir" value="/home/sepehr/masters/test_generation/evosuite_coverage/jacksonCore1f" />
    <property name="ant.file.jackson-core-from-maven" value="/home/sepehr/masters/test_generation/evosuite_coverage/jacksonCore1f/maven-build.xml" />
    <property name="osgi.private" value="" />
    <property name="line.separator" value="&#xa;" />
    <property name="osgi.versionpolicy" value="${range;[===,=+);${@}}" />
    <property name="java.vm.name" value="OpenJDK 64-Bit Server VM" />
    <property name="basedir" value="/home/sepehr/masters/test_generation/evosuite_coverage/jacksonCore1f" />
    <property name="javadoc.maxmemory" value="1g" />
    <property name="ant.java.version" value="1.8" />
    <property name="osgi.import" value="*" />
    <property name="ant.core.lib" value="/usr/share/ant/lib/ant.jar" />
    <property name="file.encoding" value="UTF-8" />
    <property name="build.compiler" value="com.atlassian.clover.ant.taskdefs.CloverCompilerAdapter" />
    <property name="clover.historydir" value="/home/sepehr/masters/test_generation/evosuite_coverage/jacksonCore1f/.cloverhistory" />
    <property name="javac.target.version" value="1.6" />
    <property name="java.specification.version" value="1.8" />
    <property name="ant.project.invoked-targets" value="with.clover,test,clover.report" />
    <property name="osgi.dynamicImport" value="" />
    <property name="clover.flushpolicy" value="directed" />
  </properties>
  <testcase classname="com.fasterxml.jackson.core.sym.BytesToNameCanonicalizer_ESTest" name="test70" time="0.004" />
  <testcase classname="com.fasterxml.jackson.core.sym.BytesToNameCanonicalizer_ESTest" name="test72" time="0.006" />
  <testcase classname="com.fasterxml.jackson.core.sym.BytesToNameCanonicalizer_ESTest" name="test71" time="0.001" />
  <testcase classname="com.fasterxml.jackson.core.sym.BytesToNameCanonicalizer_ESTest" name="test30" time="0.005" />
  <testcase classname="com.fasterxml.jackson.core.sym.BytesToNameCanonicalizer_ESTest" name="test73" time="0.001" />
  <testcase classname="com.fasterxml.jackson.core.sym.BytesToNameCanonicalizer_ESTest" name="test32" time="0.003" />
  <testcase classname="com.fasterxml.jackson.core.sym.BytesToNameCanonicalizer_ESTest" name="test31" time="0.001" />
  <testcase classname="com.fasterxml.jackson.core.sym.BytesToNameCanonicalizer_ESTest" name="test34" time="0.007" />
  <testcase classname="com.fasterxml.jackson.core.sym.BytesToNameCanonicalizer_ESTest" name="test33" time="0.001" />
  <testcase classname="com.fasterxml.jackson.core.sym.BytesToNameCanonicalizer_ESTest" name="test36" time="0.004" />
  <testcase classname="com.fasterxml.jackson.core.sym.BytesToNameCanonicalizer_ESTest" name="test35" time="0.001" />
  <testcase classname="com.fasterxml.jackson.core.sym.BytesToNameCanonicalizer_ESTest" name="test38" time="0.001" />
  <testcase classname="com.fasterxml.jackson.core.sym.BytesToNameCanonicalizer_ESTest" name="test37" time="0.003" />
  <testcase classname="com.fasterxml.jackson.core.sym.BytesToNameCanonicalizer_ESTest" name="test39" time="0.001" />
  <testcase classname="com.fasterxml.jackson.core.sym.BytesToNameCanonicalizer_ESTest" name="test61" time="0.001" />
  <testcase classname="com.fasterxml.jackson.core.sym.BytesToNameCanonicalizer_ESTest" name="test60" time="0.003" />
  <testcase classname="com.fasterxml.jackson.core.sym.BytesToNameCanonicalizer_ESTest" name="test63" time="0.004" />
  <testcase classname="com.fasterxml.jackson.core.sym.BytesToNameCanonicalizer_ESTest" name="test62" time="0.003" />
  <testcase classname="com.fasterxml.jackson.core.sym.BytesToNameCanonicalizer_ESTest" name="test21" time="0.001" />
  <testcase classname="com.fasterxml.jackson.core.sym.BytesToNameCanonicalizer_ESTest" name="test65" time="0.0" />
  <testcase classname="com.fasterxml.jackson.core.sym.BytesToNameCanonicalizer_ESTest" name="test20" time="0.001" />
  <testcase classname="com.fasterxml.jackson.core.sym.BytesToNameCanonicalizer_ESTest" name="test64" time="0.001" />
  <testcase classname="com.fasterxml.jackson.core.sym.BytesToNameCanonicalizer_ESTest" name="test23" time="0.0" />
  <testcase classname="com.fasterxml.jackson.core.sym.BytesToNameCanonicalizer_ESTest" name="test67" time="0.001" />
  <testcase classname="com.fasterxml.jackson.core.sym.BytesToNameCanonicalizer_ESTest" name="test22" time="0.004" />
  <testcase classname="com.fasterxml.jackson.core.sym.BytesToNameCanonicalizer_ESTest" name="test66" time="0.007" />
  <testcase classname="com.fasterxml.jackson.core.sym.BytesToNameCanonicalizer_ESTest" name="test25" time="0.001" />
  <testcase classname="com.fasterxml.jackson.core.sym.BytesToNameCanonicalizer_ESTest" name="test69" time="0.001" />
  <testcase classname="com.fasterxml.jackson.core.sym.BytesToNameCanonicalizer_ESTest" name="test24" time="0.002" />
  <testcase classname="com.fasterxml.jackson.core.sym.BytesToNameCanonicalizer_ESTest" name="test68" time="0.005" />
  <testcase classname="com.fasterxml.jackson.core.sym.BytesToNameCanonicalizer_ESTest" name="test27" time="0.001" />
  <testcase classname="com.fasterxml.jackson.core.sym.BytesToNameCanonicalizer_ESTest" name="test26" time="0.003" />
  <testcase classname="com.fasterxml.jackson.core.sym.BytesToNameCanonicalizer_ESTest" name="test29" time="0.002" />
  <testcase classname="com.fasterxml.jackson.core.sym.BytesToNameCanonicalizer_ESTest" name="test28" time="0.0" />
  <testcase classname="com.fasterxml.jackson.core.sym.BytesToNameCanonicalizer_ESTest" name="test50" time="0.001" />
  <testcase classname="com.fasterxml.jackson.core.sym.BytesToNameCanonicalizer_ESTest" name="test52" time="0.001" />
  <testcase classname="com.fasterxml.jackson.core.sym.BytesToNameCanonicalizer_ESTest" name="test51" time="0.001" />
  <testcase classname="com.fasterxml.jackson.core.sym.BytesToNameCanonicalizer_ESTest" name="test10" time="0.0" />
  <testcase classname="com.fasterxml.jackson.core.sym.BytesToNameCanonicalizer_ESTest" name="test54" time="0.001" />
  <testcase classname="com.fasterxml.jackson.core.sym.BytesToNameCanonicalizer_ESTest" name="test53" time="0.001" />
  <testcase classname="com.fasterxml.jackson.core.sym.BytesToNameCanonicalizer_ESTest" name="test12" time="0.0" />
  <testcase classname="com.fasterxml.jackson.core.sym.BytesToNameCanonicalizer_ESTest" name="test56" time="0.001" />
  <testcase classname="com.fasterxml.jackson.core.sym.BytesToNameCanonicalizer_ESTest" name="test11" time="0.001" />
  <testcase classname="com.fasterxml.jackson.core.sym.BytesToNameCanonicalizer_ESTest" name="test55" time="0.0" />
  <testcase classname="com.fasterxml.jackson.core.sym.BytesToNameCanonicalizer_ESTest" name="test14" time="0.001" />
  <testcase classname="com.fasterxml.jackson.core.sym.BytesToNameCanonicalizer_ESTest" name="test58" time="0.001" />
  <testcase classname="com.fasterxml.jackson.core.sym.BytesToNameCanonicalizer_ESTest" name="test13" time="0.0" />
  <testcase classname="com.fasterxml.jackson.core.sym.BytesToNameCanonicalizer_ESTest" name="test57" time="0.001" />
  <testcase classname="com.fasterxml.jackson.core.sym.BytesToNameCanonicalizer_ESTest" name="test16" time="0.001" />
  <testcase classname="com.fasterxml.jackson.core.sym.BytesToNameCanonicalizer_ESTest" name="test15" time="0.0" />
  <testcase classname="com.fasterxml.jackson.core.sym.BytesToNameCanonicalizer_ESTest" name="test59" time="0.001" />
  <testcase classname="com.fasterxml.jackson.core.sym.BytesToNameCanonicalizer_ESTest" name="test18" time="0.001" />
  <testcase classname="com.fasterxml.jackson.core.sym.BytesToNameCanonicalizer_ESTest" name="test17" time="0.001" />
  <testcase classname="com.fasterxml.jackson.core.sym.BytesToNameCanonicalizer_ESTest" name="test19" time="0.0" />
  <testcase classname="com.fasterxml.jackson.core.sym.BytesToNameCanonicalizer_ESTest" name="test41" time="0.001" />
  <testcase classname="com.fasterxml.jackson.core.sym.BytesToNameCanonicalizer_ESTest" name="test40" time="0.001" />
  <testcase classname="com.fasterxml.jackson.core.sym.BytesToNameCanonicalizer_ESTest" name="test43" time="0.001" />
  <testcase classname="com.fasterxml.jackson.core.sym.BytesToNameCanonicalizer_ESTest" name="test42" time="0.0" />
  <testcase classname="com.fasterxml.jackson.core.sym.BytesToNameCanonicalizer_ESTest" name="test01" time="0.002" />
  <testcase classname="com.fasterxml.jackson.core.sym.BytesToNameCanonicalizer_ESTest" name="test45" time="0.0" />
  <testcase classname="com.fasterxml.jackson.core.sym.BytesToNameCanonicalizer_ESTest" name="test00" time="0.001" />
  <testcase classname="com.fasterxml.jackson.core.sym.BytesToNameCanonicalizer_ESTest" name="test44" time="0.001" />
  <testcase classname="com.fasterxml.jackson.core.sym.BytesToNameCanonicalizer_ESTest" name="test03" time="0.0" />
  <testcase classname="com.fasterxml.jackson.core.sym.BytesToNameCanonicalizer_ESTest" name="test47" time="0.001" />
  <testcase classname="com.fasterxml.jackson.core.sym.BytesToNameCanonicalizer_ESTest" name="test02" time="0.001" />
  <testcase classname="com.fasterxml.jackson.core.sym.BytesToNameCanonicalizer_ESTest" name="test46" time="0.0" />
  <testcase classname="com.fasterxml.jackson.core.sym.BytesToNameCanonicalizer_ESTest" name="test05" time="0.001" />
  <testcase classname="com.fasterxml.jackson.core.sym.BytesToNameCanonicalizer_ESTest" name="test49" time="0.0" />
  <testcase classname="com.fasterxml.jackson.core.sym.BytesToNameCanonicalizer_ESTest" name="test04" time="0.001" />
  <testcase classname="com.fasterxml.jackson.core.sym.BytesToNameCanonicalizer_ESTest" name="test48" time="0.001" />
  <testcase classname="com.fasterxml.jackson.core.sym.BytesToNameCanonicalizer_ESTest" name="test07" time="0.001" />
  <testcase classname="com.fasterxml.jackson.core.sym.BytesToNameCanonicalizer_ESTest" name="test06" time="0.001" />
  <testcase classname="com.fasterxml.jackson.core.sym.BytesToNameCanonicalizer_ESTest" name="test09" time="0.0" />
  <testcase classname="com.fasterxml.jackson.core.sym.BytesToNameCanonicalizer_ESTest" name="test08" time="0.001" />
  <system-out><![CDATA[01:24:23.504 [main] INFO  o.e.r.instrumentation.EvoClassLoader - Seeing class for first time: com.fasterxml.jackson.core.sym.BytesToNameCanonicalizer_ESTest
01:24:23.504 [main] INFO  o.e.r.instrumentation.EvoClassLoader - Instrumenting class 'com.fasterxml.jackson.core.sym.BytesToNameCanonicalizer_ESTest'.
01:24:23.506 [main] INFO  o.e.r.instrumentation.EvoClassLoader - Seeing class for first time: com.fasterxml.jackson.core.sym.BytesToNameCanonicalizer_ESTest_scaffolding
01:24:23.506 [main] INFO  o.e.r.instrumentation.EvoClassLoader - Instrumenting class 'com.fasterxml.jackson.core.sym.BytesToNameCanonicalizer_ESTest_scaffolding'.
01:24:23.507 [main] INFO  o.e.r.instrumentation.EvoClassLoader - Keeping class: com.fasterxml.jackson.core.sym.BytesToNameCanonicalizer_ESTest_scaffolding
01:24:23.507 [main] INFO  o.e.r.instrumentation.EvoClassLoader - Keeping class: com.fasterxml.jackson.core.sym.BytesToNameCanonicalizer_ESTest
01:24:23.507 [main] INFO  o.e.r.instrumentation.EvoClassLoader - Seeing class for first time: com.fasterxml.jackson.core.sym.Name
01:24:23.507 [main] INFO  o.e.r.instrumentation.EvoClassLoader - Instrumenting class 'com.fasterxml.jackson.core.sym.Name'.
01:24:23.508 [main] INFO  o.e.r.i.MethodCallReplacementClassAdapter - Adding mock interface to class com/fasterxml/jackson/core/sym/Name
01:24:23.508 [main] INFO  o.e.r.i.CreateClassResetClassAdapter - Creating brand-new static initializer in class com/fasterxml/jackson/core/sym/Name
01:24:23.508 [main] INFO  o.e.r.instrumentation.EvoClassLoader - Keeping class: com.fasterxml.jackson.core.sym.Name
01:24:23.508 [main] INFO  o.e.r.instrumentation.EvoClassLoader - Seeing class for first time: com.fasterxml.jackson.core.sym.Name1
01:24:23.508 [main] INFO  o.e.r.instrumentation.EvoClassLoader - Instrumenting class 'com.fasterxml.jackson.core.sym.Name1'.
01:24:23.508 [main] INFO  o.e.r.i.MethodCallReplacementClassAdapter - Adding mock interface to class com/fasterxml/jackson/core/sym/Name1
01:24:23.509 [main] INFO  o.e.r.i.CreateClassResetClassAdapter - Found static initializer in class com/fasterxml/jackson/core/sym/Name1
01:24:23.509 [main] INFO  o.e.r.instrumentation.EvoClassLoader - Keeping class: com.fasterxml.jackson.core.sym.Name1
01:24:23.512 [main] INFO  o.e.r.instrumentation.EvoClassLoader - Seeing class for first time: com.fasterxml.jackson.core.sym.Name3
01:24:23.512 [main] INFO  o.e.r.instrumentation.EvoClassLoader - Instrumenting class 'com.fasterxml.jackson.core.sym.Name3'.
01:24:23.512 [main] INFO  o.e.r.i.MethodCallReplacementClassAdapter - Adding mock interface to class com/fasterxml/jackson/core/sym/Name3
01:24:23.513 [main] INFO  o.e.r.i.CreateClassResetClassAdapter - Creating brand-new static initializer in class com/fasterxml/jackson/core/sym/Name3
01:24:23.513 [main] INFO  o.e.r.instrumentation.EvoClassLoader - Keeping class: com.fasterxml.jackson.core.sym.Name3
01:24:23.517 [main] WARN  org.evosuite.runtime.sandbox.Sandbox - Sandbox can be initalized only once
01:24:23.517 [main] INFO  o.e.r.instrumentation.EvoClassLoader - Seeing class for first time: com.fasterxml.jackson.core.sym.BytesToNameCanonicalizer$TableInfo
01:24:23.517 [main] INFO  o.e.r.instrumentation.EvoClassLoader - Instrumenting class 'com.fasterxml.jackson.core.sym.BytesToNameCanonicalizer$TableInfo'.
01:24:23.517 [main] INFO  o.e.r.i.MethodCallReplacementClassAdapter - Adding mock interface to class com/fasterxml/jackson/core/sym/BytesToNameCanonicalizer$TableInfo
01:24:23.518 [main] INFO  o.e.r.i.CreateClassResetClassAdapter - Creating brand-new static initializer in class com/fasterxml/jackson/core/sym/BytesToNameCanonicalizer$TableInfo
01:24:23.518 [main] INFO  o.e.r.instrumentation.EvoClassLoader - Keeping class: com.fasterxml.jackson.core.sym.BytesToNameCanonicalizer$TableInfo
01:24:23.518 [main] INFO  o.e.r.instrumentation.EvoClassLoader - Seeing class for first time: com.fasterxml.jackson.core.sym.BytesToNameCanonicalizer$Bucket
01:24:23.518 [main] INFO  o.e.r.instrumentation.EvoClassLoader - Instrumenting class 'com.fasterxml.jackson.core.sym.BytesToNameCanonicalizer$Bucket'.
01:24:23.518 [main] INFO  o.e.r.i.MethodCallReplacementClassAdapter - Adding mock interface to class com/fasterxml/jackson/core/sym/BytesToNameCanonicalizer$Bucket
01:24:23.518 [main] INFO  o.e.r.i.CreateClassResetClassAdapter - Creating brand-new static initializer in class com/fasterxml/jackson/core/sym/BytesToNameCanonicalizer$Bucket
01:24:23.519 [main] INFO  o.e.r.instrumentation.EvoClassLoader - Keeping class: com.fasterxml.jackson.core.sym.BytesToNameCanonicalizer$Bucket
01:24:23.519 [main] INFO  o.e.r.instrumentation.EvoClassLoader - Seeing class for first time: com.fasterxml.jackson.core.util.InternCache
01:24:23.519 [main] INFO  o.e.r.instrumentation.EvoClassLoader - Instrumenting class 'com.fasterxml.jackson.core.util.InternCache'.
01:24:23.519 [main] INFO  o.e.r.i.MethodCallReplacementClassAdapter - Adding mock interface to class com/fasterxml/jackson/core/util/InternCache
01:24:23.519 [main] INFO  o.e.r.i.CreateClassResetClassAdapter - Found static initializer in class com/fasterxml/jackson/core/util/InternCache
01:24:23.519 [main] INFO  o.e.r.instrumentation.EvoClassLoader - Keeping class: com.fasterxml.jackson.core.util.InternCache
01:24:23.520 [main] INFO  o.e.r.instrumentation.EvoClassLoader - Seeing class for first time: com.fasterxml.jackson.core.sym.BytesToNameCanonicalizer
01:24:23.520 [main] INFO  o.e.r.instrumentation.EvoClassLoader - Instrumenting class 'com.fasterxml.jackson.core.sym.BytesToNameCanonicalizer'.
01:24:23.520 [main] INFO  o.e.r.i.MethodCallReplacementClassAdapter - Adding mock interface to class com/fasterxml/jackson/core/sym/BytesToNameCanonicalizer
01:24:23.525 [main] INFO  o.e.r.i.CreateClassResetClassAdapter - Creating brand-new static initializer in class com/fasterxml/jackson/core/sym/BytesToNameCanonicalizer
01:24:23.525 [main] INFO  o.e.r.i.CreateClassResetClassAdapter - Adding bytecode for initializing field DEFAULT_TABLE_SIZE
01:24:23.525 [main] INFO  o.e.r.i.CreateClassResetClassAdapter - Adding bytecode for initializing field MAX_TABLE_SIZE
01:24:23.525 [main] INFO  o.e.r.i.CreateClassResetClassAdapter - Adding bytecode for initializing field MAX_ENTRIES_FOR_REUSE
01:24:23.525 [main] INFO  o.e.r.i.CreateClassResetClassAdapter - Adding bytecode for initializing field MAX_COLL_CHAIN_LENGTH
01:24:23.525 [main] INFO  o.e.r.i.CreateClassResetClassAdapter - Adding bytecode for initializing field MAX_COLL_CHAIN_FOR_REUSE
01:24:23.525 [main] INFO  o.e.r.i.CreateClassResetClassAdapter - Adding bytecode for initializing field MIN_HASH_SIZE
01:24:23.525 [main] INFO  o.e.r.i.CreateClassResetClassAdapter - Adding bytecode for initializing field INITIAL_COLLISION_LEN
01:24:23.525 [main] INFO  o.e.r.i.CreateClassResetClassAdapter - Adding bytecode for initializing field LAST_VALID_BUCKET
01:24:23.525 [main] INFO  o.e.r.i.CreateClassResetClassAdapter - Adding bytecode for initializing field MULT
01:24:23.525 [main] INFO  o.e.r.i.CreateClassResetClassAdapter - Adding bytecode for initializing field MULT2
01:24:23.525 [main] INFO  o.e.r.i.CreateClassResetClassAdapter - Adding bytecode for initializing field MULT3
01:24:23.526 [main] INFO  o.e.r.instrumentation.EvoClassLoader - Keeping class: com.fasterxml.jackson.core.sym.BytesToNameCanonicalizer
01:24:23.526 [main] INFO  o.e.r.instrumentation.EvoClassLoader - Seeing class for first time: com.fasterxml.jackson.core.sym.Name2
01:24:23.526 [main] INFO  o.e.r.instrumentation.EvoClassLoader - Instrumenting class 'com.fasterxml.jackson.core.sym.Name2'.
01:24:23.526 [main] INFO  o.e.r.i.MethodCallReplacementClassAdapter - Adding mock interface to class com/fasterxml/jackson/core/sym/Name2
01:24:23.526 [main] INFO  o.e.r.i.CreateClassResetClassAdapter - Creating brand-new static initializer in class com/fasterxml/jackson/core/sym/Name2
01:24:23.527 [main] INFO  o.e.r.instrumentation.EvoClassLoader - Keeping class: com.fasterxml.jackson.core.sym.Name2
01:24:23.527 [main] INFO  o.e.r.instrumentation.EvoClassLoader - Seeing class for first time: com.fasterxml.jackson.core.sym.NameN
01:24:23.527 [main] INFO  o.e.r.instrumentation.EvoClassLoader - Instrumenting class 'com.fasterxml.jackson.core.sym.NameN'.
01:24:23.527 [main] INFO  o.e.r.i.MethodCallReplacementClassAdapter - Adding mock interface to class com/fasterxml/jackson/core/sym/NameN
01:24:23.528 [main] INFO  o.e.r.i.CreateClassResetClassAdapter - Creating brand-new static initializer in class com/fasterxml/jackson/core/sym/NameN
01:24:23.528 [main] INFO  o.e.r.instrumentation.EvoClassLoader - Keeping class: com.fasterxml.jackson.core.sym.NameN
01:24:23.550 [main] INFO  o.e.runtime.thread.ThreadStopper - Found new thread
01:24:23.554 [main] INFO  o.e.runtime.thread.ThreadStopper - Found new thread
01:24:23.562 [main] INFO  o.e.runtime.thread.ThreadStopper - Found new thread
01:24:23.566 [main] INFO  o.e.runtime.thread.ThreadStopper - Found new thread
01:24:23.567 [main] INFO  o.e.runtime.thread.ThreadStopper - Found new thread
01:24:23.568 [main] INFO  o.e.runtime.thread.ThreadStopper - Found new thread
01:24:23.572 [main] INFO  o.e.runtime.thread.ThreadStopper - Found new thread
01:24:23.573 [main] INFO  o.e.runtime.thread.ThreadStopper - Found new thread
01:24:23.575 [main] INFO  o.e.runtime.thread.ThreadStopper - Found new thread
01:24:23.593 [main] INFO  o.e.runtime.thread.ThreadStopper - Found new thread
]]></system-out>
  <system-err><![CDATA[]]></system-err>
</testsuite>
