<?xml version="1.0" encoding="UTF-8"?>
<testsuite name="org.mockito.release.version.VersionBumperTest" tests="2" skipped="0" failures="0" errors="0" timestamp="2022-07-27T00:24:29" hostname="sepehr-UX310UQK" time="0.021">
  <properties/>
  <testcase name="increments version" classname="org.mockito.release.version.VersionBumperTest" time="0.015"/>
  <testcase name="increments only 3 numbered versions" classname="org.mockito.release.version.VersionBumperTest" time="0.005"/>
  <system-out><![CDATA[]]></system-out>
  <system-err><![CDATA[]]></system-err>
</testsuite>
