<?xml version="1.0" encoding="UTF-8"?>
<testsuite name="org.mockito.release.notes.util.IOUtilTest" tests="3" skipped="0" failures="0" errors="0" timestamp="2022-07-27T00:24:29" hostname="sepehr-UX310UQK" time="0.042">
  <properties/>
  <testcase name="reads stream" classname="org.mockito.release.notes.util.IOUtilTest" time="0.023"/>
  <testcase name="closes streams" classname="org.mockito.release.notes.util.IOUtilTest" time="0.003"/>
  <testcase name="writes file" classname="org.mockito.release.notes.util.IOUtilTest" time="0.015"/>
  <system-out><![CDATA[]]></system-out>
  <system-err><![CDATA[]]></system-err>
</testsuite>
