<?xml version="1.0" encoding="UTF-8"?>
<testsuite name="org.mockito.release.comparison.ZipCompareTest" tests="2" skipped="0" failures="0" errors="0" timestamp="2022-07-27T00:24:28" hostname="sepehr-UX310UQK" time="0.123">
  <properties/>
  <testcase name="compares zips" classname="org.mockito.release.comparison.ZipCompareTest" time="0.111"/>
  <testcase name="fails early when any of the zips cannot be opened" classname="org.mockito.release.comparison.ZipCompareTest" time="0.012"/>
  <system-out><![CDATA[17:24:28.963 [Test worker] INFO  o.m.release.comparison.ZipCompare - Comparing /tmp/junit2506486113625868824/junit8861625730777327982/zip-1.zip with /tmp/junit2506486113625868824/junit8861625730777327982/zip-2.zip
17:24:28.974 [Test worker] INFO  o.m.release.comparison.ZipCompare - 4 entries matched
17:24:28.975 [Test worker] INFO  o.m.release.comparison.ZipCompare - Comparing /tmp/junit2506486113625868824/junit8861625730777327982/zip-2.zip with /tmp/junit2506486113625868824/junit8861625730777327982/zip-1.zip
17:24:28.976 [Test worker] INFO  o.m.release.comparison.ZipCompare - 4 entries matched
17:24:28.978 [Test worker] INFO  o.m.release.comparison.ZipCompare - Comparing /tmp/junit2506486113625868824/junit8861625730777327982/zip-1.zip with /tmp/junit2506486113625868824/junit8861625730777327982/zip-3.zip
17:24:28.978 [Test worker] INFO  o.m.release.comparison.ZipCompare - x/y/4.txt does not match
17:24:28.984 [Test worker] INFO  o.m.release.comparison.ZipCompare - 3 entries matched
17:24:28.984 [Test worker] INFO  o.m.release.comparison.ZipCompare - 1 entries did not match
17:24:28.985 [Test worker] INFO  o.m.release.comparison.ZipCompare - Comparing /tmp/junit2506486113625868824/junit8861625730777327982/zip-1.zip with /tmp/junit2506486113625868824/junit8861625730777327982/zip-4.zip
17:24:28.986 [Test worker] INFO  o.m.release.comparison.ZipCompare - x/y/4.txt not found in /tmp/junit2506486113625868824/junit8861625730777327982/zip-4.zip
17:24:28.986 [Test worker] INFO  o.m.release.comparison.ZipCompare - 3 entries matched
17:24:28.987 [Test worker] INFO  o.m.release.comparison.ZipCompare - 1 entries did not match
17:24:28.987 [Test worker] INFO  o.m.release.comparison.ZipCompare - Comparing /tmp/junit2506486113625868824/junit8861625730777327982/zip-1.zip with /tmp/junit2506486113625868824/junit8861625730777327982/zip-5.zip
17:24:28.988 [Test worker] INFO  o.m.release.comparison.ZipCompare - x.txt not found in /tmp/junit2506486113625868824/junit8861625730777327982/zip-1.zip
17:24:28.988 [Test worker] INFO  o.m.release.comparison.ZipCompare - 4 entries matched
17:24:28.988 [Test worker] INFO  o.m.release.comparison.ZipCompare - 1 entries did not match
]]></system-out>
  <system-err><![CDATA[]]></system-err>
</testsuite>
