<?xml version="1.0" encoding="UTF-8"?>
<testsuite name="org.mockito.release.notes.versions.FromNotesContentTest" tests="2" skipped="0" failures="0" errors="0" timestamp="2022-07-27T00:24:29" hostname="sepehr-UX310UQK" time="0.008">
  <properties/>
  <testcase name="gets previous version from notes content" classname="org.mockito.release.notes.versions.FromNotesContentTest" time="0.006"/>
  <testcase name="throws reasonable exception if version cannot be parsed" classname="org.mockito.release.notes.versions.FromNotesContentTest" time="0.001"/>
  <system-out><![CDATA[]]></system-out>
  <system-err><![CDATA[]]></system-err>
</testsuite>
