<?xml version="1.0" encoding="UTF-8"?>
<testsuite name="org.mockito.release.notes.NotesPrinterTest" tests="1" skipped="0" failures="0" errors="0" timestamp="2022-07-27T00:24:29" hostname="sepehr-UX310UQK" time="0.018">
  <properties/>
  <testcase name="prints notes" classname="org.mockito.release.notes.NotesPrinterTest" time="0.018"/>
  <system-out><![CDATA[]]></system-out>
  <system-err><![CDATA[]]></system-err>
</testsuite>
