<?xml version="1.0" encoding="UTF-8" ?>
<testsuite errors="0" failures="0" hostname="sepehr-UX310UQK" name="org.apache.commons.csv.CSVFormat_ESTest" skipped="0" tests="55" time="0.605" timestamp="2022-08-24T19:36:35">
  <properties>
    <property name="file.encoding.pkg" value="sun.io" />
    <property name="java.home" value="/usr/lib/jvm/java-8-openjdk-amd64/jre" />
    <property name="commons.compiler.fork" value="false" />
    <property name="commons.release.2.binary.suffix" value="-bin" />
    <property name="java.endorsed.dirs" value="/usr/lib/jvm/java-8-openjdk-amd64/jre/lib/endorsed" />
    <property name="maven.build.srcDir.0" value="src/main/java" />
    <property name="sun.os.patch.level" value="unknown" />
    <property name="java.vendor.url" value="http://java.oracle.com/" />
    <property name="ant.file.type.commons-csv-from-maven" value="file" />
    <property name="maven.build.dir" value="target" />
    <property name="java.version" value="1.8.0_342" />
    <property name="commons.osgi.import" value="*" />
    <property name="java.vendor.url.bug" value="http://bugreport.sun.com/bugreport/" />
    <property name="ant.project.invoked-targets" value="with.clover,test,clover.report" />
    <property name="user.name" value="sepehr" />
    <property name="sun.io.unicode.encoding" value="UnicodeLittle" />
    <property name="sun.jnu.encoding" value="UTF-8" />
    <property name="java.runtime.name" value="OpenJDK Runtime Environment" />
    <property name="clover.historydir" value="/home/sepehr/test_generation/evosuite_coverage/Csv1f/.cloverhistory" />
    <property name="commons.release.2.name" value="commons-csv-${commons.release.2.version}" />
    <property name="commons.deployment.protocol" value="scp" />
    <property name="java.specification.name" value="Java Platform API Specification" />
    <property name="commons.clirr.version" value="2.3" />
    <property name="user.timezone" value="" />
    <property name="path.separator" value=":" />
    <property name="implementation.build" value="${scmBranch}@r${buildNumber}; 2019-04-15 15:25:35+0000" />
    <property name="project.name" value="commons-csv" />
    <property name="file.encoding" value="UTF-8" />
    <property name="ant.project.default-target" value="package" />
    <property name="sun.java.command" value="org.apache.tools.ant.taskdefs.optional.junit.JUnitTestRunner org.apache.commons.csv.CSVFormat_ESTest skipNonTests=false filtertrace=true haltOnError=true haltOnFailure=true formatter=org.apache.tools.ant.taskdefs.optional.junit.SummaryJUnitResultFormatter showoutput=false outputtoformatters=true logfailedtests=true threadid=0 logtestlistenerevents=false formatter=org.apache.tools.ant.taskdefs.optional.junit.XMLJUnitResultFormatter,/home/sepehr/test_generation/evosuite_coverage/Csv1f/target/test-reports/TEST-org.apache.commons.csv.CSVFormat_ESTest.xml formatter=org.apache.tools.ant.taskdefs.optional.junit.PlainJUnitResultFormatter crashfile=/home/sepehr/test_generation/evosuite_coverage/Csv1f/junitvmwatcher6431926072627557319.properties propsfile=/home/sepehr/test_generation/evosuite_coverage/Csv1f/junit4176079465871078957.properties" />
    <property name="maven.test.reports" value="target/test-reports" />
    <property name="ant.file" value="/home/sepehr/test_generation/evosuite_coverage/Csv1f/build.xml" />
    <property name="clover.jarpath" value="/home/sepehr/.ant/lib/clover.jar" />
    <property name="commons.surefire-report.version" value="2.9" />
    <property name="java.io.tmpdir" value="/tmp" />
    <property name="clover.historical.json" value="true" />
    <property name="maven.build.resourceDir.1" value="." />
    <property name="user.language" value="en" />
    <property name="clover.project.historydir" value="/home/sepehr/test_generation/evosuite_coverage/Csv1f/.cloverhistory/commons-csv" />
    <property name="maven.build.resourceDir.0" value="src/main/resources" />
    <property name="line.separator" value="&#xa;" />
    <property name="maven.repo.local" value="/home/sepehr/.m2/repository" />
    <property name="project.build.directory" value="target" />
    <property name="ant.file.type" value="file" />
    <property name="commons.release.name" value="commons-csv-23" />
    <property name="java.vm.info" value="mixed mode" />
    <property name="sun.desktop" value="gnome" />
    <property name="project.title" value="commons-csv" />
    <property name="java.vm.specification.name" value="Java Virtual Machine Specification" />
    <property name="project.reporting.outputEncoding" value="iso-8859-1" />
    <property name="sourceReleaseAssemblyDescriptor" value="source-release" />
    <property name="commons.jira.pid" value="12313222" />
    <property name="commons.surefire.version" value="2.9" />
    <property name="maven.build.testOutputDir" value="target/test-classes" />
    <property name="clover.snapshot.file" value="/home/sepehr/test_generation/evosuite_coverage/Csv1f/.cloverhistory/commons-csv/clover.snapshot" />
    <property name="commons.release.version" value="23" />
    <property name="maven.settings.offline" value="false" />
    <property name="commons.javadoc.java.link" value="http://download.oracle.com/javase/6/docs/api/" />
    <property name="maven.build.testResourceDir.1" value="." />
    <property name="maven.build.testResourceDir.0" value="src/test/resources" />
    <property name="java.awt.printerjob" value="sun.print.PSPrinterJob" />
    <property name="clover.jar" value="/home/sepehr/test_generation/evosuite_coverage/Csv1f/${clover.home}/clover.jar" />
    <property name="commons.osgi.dynamicImport" value="" />
    <property name="maven.build.testDir.0" value="src/test/java" />
    <property name="ant.version" value="Apache Ant(TM) version 1.10.7 compiled on October 24 2019" />
    <property name="maven.reporting.outputDirectory" value="target/site" />
    <property name="distMgmtSnapshotsName" value="Apache Development Snapshot Repository" />
    <property name="distMgmtSnapshotsUrl" value="https://repository.apache.org/content/repositories/snapshots" />
    <property name="commons.release.2.desc" value="" />
    <property name="commons.manifestfile" value="target/osgi/MANIFEST.MF" />
    <property name="commons.rc.version" value="RC1" />
    <property name="os.name" value="Linux" />
    <property name="java.specification.vendor" value="Oracle Corporation" />
    <property name="java.vm.name" value="OpenJDK 64-Bit Server VM" />
    <property name="commons.compiler.compilerVersion" value="" />
    <property name="java.library.path" value="/usr/java/packages/lib/amd64:/usr/lib/x86_64-linux-gnu/jni:/lib/x86_64-linux-gnu:/usr/lib/x86_64-linux-gnu:/usr/lib/jni:/lib:/usr/lib" />
    <property name="commons.compiler.javac" value="" />
    <property name="ant.java.version" value="1.8" />
    <property name="commons.changes.version" value="2.6" />
    <property name="commons.osgi.symbolicName" value="org.apache.commons.csv" />
    <property name="basedir" value="." />
    <property name="java.class.version" value="52.0" />
    <property name="ant.home" value="/usr/share/ant" />
    <property name="commons.binary.suffix" value="-bin" />
    <property name="maven.build.finalName" value="commons-csv-1.0-SNAPSHOT" />
    <property name="sun.boot.library.path" value="/usr/lib/jvm/java-8-openjdk-amd64/jre/lib/amd64" />
    <property name="clover.flushinterval" value="100" />
    <property name="project.build.sourceEncoding" value="iso-8859-1" />
    <property name="commons.project-info.version" value="2.4" />
    <property name="sun.management.compiler" value="HotSpot 64-Bit Tiered Compilers" />
    <property name="java.awt.graphicsenv" value="sun.awt.X11GraphicsEnvironment" />
    <property name="ant.file.commons-csv-from-maven" value="/home/sepehr/test_generation/evosuite_coverage/Csv1f/maven-build.xml" />
    <property name="test.target" value="test" />
    <property name="commons.release.desc" value="" />
    <property name="commons.jira.id" value="CSV" />
    <property name="commons.javadoc.version" value="2.8" />
    <property name="maven.compile.target" value="1.5" />
    <property name="maven.build.outputDir" value="target/classes" />
    <property name="ant.project.name" value="commons-csv" />
    <property name="java.vm.specification.version" value="1.8" />
    <property name="maven.build.timestamp.format" value="yyyy-MM-dd HH:mm:ssZ" />
    <property name="commons.osgi.private" value="" />
    <property name="awt.toolkit" value="sun.awt.X11.XToolkit" />
    <property name="sun.cpu.isalist" value="" />
    <property name="maven.compile.source" value="1.5" />
    <property name="java.ext.dirs" value="/usr/lib/jvm/java-8-openjdk-amd64/jre/lib/ext:/usr/java/packages/lib/ext" />
    <property name="commons.componentid" value="csv" />
    <property name="os.version" value="5.15.0-46-generic" />
    <property name="ant.file.commons-csv" value="/home/sepehr/test_generation/evosuite_coverage/Csv1f/build.xml" />
    <property name="user.home" value="/home/sepehr" />
    <property name="ant.file.type.commons-csv" value="file" />
    <property name="java.vm.vendor" value="Private Build" />
    <property name="project.build.outputDirectory" value="target/classes" />
    <property name="user.dir" value="/home/sepehr/test_generation/evosuite_coverage/Csv1f" />
    <property name="build.compiler" value="com.atlassian.clover.ant.taskdefs.CloverCompilerAdapter" />
    <property name="commons.surefire.java" value="" />
    <property name="sun.cpu.endian" value="little" />
    <property name="commons.encoding" value="iso-8859-1" />
    <property name="minSeverity" value="info" />
    <property name="clover.dest" value="/home/sepehr/test_generation/evosuite_coverage/Csv1f/clover/commons-csv" />
    <property name="java.vm.version" value="25.342-b07" />
    <property name="java.class.path" value="/home/sepehr/.ant/lib/clover.jar:/home/sepehr/.m2/repository/junit/junit/4.10/junit-4.10.jar:/home/sepehr/.m2/repository/org/hamcrest/hamcrest-core/1.1/hamcrest-core-1.1.jar:/home/sepehr/test_generation/evosuite_coverage/Csv1f/target/classes:/home/sepehr/test_generation/evosuite_coverage/Csv1f/target/test-classes:/home/sepehr/test_generation/evosuite_coverage/Csv1f/evosuite-tests:/home/sepehr/test_generation/evosuite_coverage/Csv1f/evosuite-standalone-runtime-1.0.6.jar:/home/sepehr/test_generation/evosuite_coverage/Csv1f/junit-4.12.jar:/home/sepehr/test_generation/evosuite_coverage/Csv1f/hamcrest-core-1.3.jar:/usr/share/java/ant-launcher-1.10.7.jar:/usr/share/ant/lib/ant.jar:/usr/share/ant/lib/ant-junit.jar:/usr/share/ant/lib/ant-junit4.jar" />
    <property name="ant.library.dir" value="/usr/share/ant/lib" />
    <property name="os.arch" value="amd64" />
    <property name="clover.dir" value="/home/sepehr/test_generation/evosuite_coverage/Csv1f/clover" />
    <property name="sun.java.launcher" value="SUN_STANDARD" />
    <property name="clover.flushpolicy" value="directed" />
    <property name="ant.core.lib" value="/usr/share/ant/lib/ant.jar" />
    <property name="java.vm.specification.vendor" value="Oracle Corporation" />
    <property name="file.separator" value="/" />
    <property name="junit.present" value="true" />
    <property name="java.runtime.version" value="1.8.0_342-8u342-b07-0ubuntu1~20.04-b07" />
    <property name="sun.boot.class.path" value="/usr/lib/jvm/java-8-openjdk-amd64/jre/lib/resources.jar:/usr/lib/jvm/java-8-openjdk-amd64/jre/lib/rt.jar:/usr/lib/jvm/java-8-openjdk-amd64/jre/lib/sunrsasign.jar:/usr/lib/jvm/java-8-openjdk-amd64/jre/lib/jsse.jar:/usr/lib/jvm/java-8-openjdk-amd64/jre/lib/jce.jar:/usr/lib/jvm/java-8-openjdk-amd64/jre/lib/charsets.jar:/usr/lib/jvm/java-8-openjdk-amd64/jre/lib/jfr.jar:/usr/lib/jvm/java-8-openjdk-amd64/jre/classes" />
    <property name="organization.logo" value="http://www.apache.org/images/asf_logo_wide.gif" />
    <property name="commons.jxr.version" value="2.3" />
    <property name="commons.docEncoding" value="iso-8859-1" />
    <property name="user.country" value="US" />
    <property name="commons.javadoc.javaee.link" value="http://download.oracle.com/javaee/6/api/" />
    <property name="maven.settings.interactiveMode" value="true" />
    <property name="clover.span" value="1day" />
    <property name="commons.rat.version" value="0.7" />
    <property name="java.vendor" value="Private Build" />
    <property name="java.specification.version" value="1.8" />
    <property name="commons.osgi.export" value="org.apache.commons.*;version=1.0-SNAPSHOT;-noimport:=true" />
    <property name="sun.arch.data.model" value="64" />
    <property name="clover.initstring" value="/home/sepehr/test_generation/evosuite_coverage/Csv1f/.clover/clover4_4_1.db" />
  </properties>
  <testcase classname="org.apache.commons.csv.CSVFormat_ESTest" name="test50" time="0.013" />
  <testcase classname="org.apache.commons.csv.CSVFormat_ESTest" name="test51" time="0.004" />
  <testcase classname="org.apache.commons.csv.CSVFormat_ESTest" name="test52" time="0.014" />
  <testcase classname="org.apache.commons.csv.CSVFormat_ESTest" name="test17" time="0.007" />
  <testcase classname="org.apache.commons.csv.CSVFormat_ESTest" name="test18" time="0.003" />
  <testcase classname="org.apache.commons.csv.CSVFormat_ESTest" name="test19" time="0.002" />
  <testcase classname="org.apache.commons.csv.CSVFormat_ESTest" name="test13" time="0.002" />
  <testcase classname="org.apache.commons.csv.CSVFormat_ESTest" name="test14" time="0.002" />
  <testcase classname="org.apache.commons.csv.CSVFormat_ESTest" name="test15" time="0.004" />
  <testcase classname="org.apache.commons.csv.CSVFormat_ESTest" name="test16" time="0.003" />
  <testcase classname="org.apache.commons.csv.CSVFormat_ESTest" name="test53" time="0.002" />
  <testcase classname="org.apache.commons.csv.CSVFormat_ESTest" name="test10" time="0.002" />
  <testcase classname="org.apache.commons.csv.CSVFormat_ESTest" name="test54" time="0.003" />
  <testcase classname="org.apache.commons.csv.CSVFormat_ESTest" name="test11" time="0.002" />
  <testcase classname="org.apache.commons.csv.CSVFormat_ESTest" name="test12" time="0.003" />
  <testcase classname="org.apache.commons.csv.CSVFormat_ESTest" name="test40" time="0.005" />
  <testcase classname="org.apache.commons.csv.CSVFormat_ESTest" name="test41" time="0.003" />
  <testcase classname="org.apache.commons.csv.CSVFormat_ESTest" name="test06" time="0.002" />
  <testcase classname="org.apache.commons.csv.CSVFormat_ESTest" name="test07" time="0.002" />
  <testcase classname="org.apache.commons.csv.CSVFormat_ESTest" name="test08" time="0.002" />
  <testcase classname="org.apache.commons.csv.CSVFormat_ESTest" name="test09" time="0.001" />
  <testcase classname="org.apache.commons.csv.CSVFormat_ESTest" name="test02" time="0.002" />
  <testcase classname="org.apache.commons.csv.CSVFormat_ESTest" name="test46" time="0.002" />
  <testcase classname="org.apache.commons.csv.CSVFormat_ESTest" name="test03" time="0.003" />
  <testcase classname="org.apache.commons.csv.CSVFormat_ESTest" name="test47" time="0.003" />
  <testcase classname="org.apache.commons.csv.CSVFormat_ESTest" name="test04" time="0.002" />
  <testcase classname="org.apache.commons.csv.CSVFormat_ESTest" name="test48" time="0.002" />
  <testcase classname="org.apache.commons.csv.CSVFormat_ESTest" name="test05" time="0.004" />
  <testcase classname="org.apache.commons.csv.CSVFormat_ESTest" name="test49" time="0.001" />
  <testcase classname="org.apache.commons.csv.CSVFormat_ESTest" name="test42" time="0.002" />
  <testcase classname="org.apache.commons.csv.CSVFormat_ESTest" name="test43" time="0.002" />
  <testcase classname="org.apache.commons.csv.CSVFormat_ESTest" name="test00" time="0.002" />
  <testcase classname="org.apache.commons.csv.CSVFormat_ESTest" name="test44" time="0.001" />
  <testcase classname="org.apache.commons.csv.CSVFormat_ESTest" name="test01" time="0.002" />
  <testcase classname="org.apache.commons.csv.CSVFormat_ESTest" name="test45" time="0.002" />
  <testcase classname="org.apache.commons.csv.CSVFormat_ESTest" name="test30" time="0.002" />
  <testcase classname="org.apache.commons.csv.CSVFormat_ESTest" name="test39" time="0.003" />
  <testcase classname="org.apache.commons.csv.CSVFormat_ESTest" name="test35" time="0.001" />
  <testcase classname="org.apache.commons.csv.CSVFormat_ESTest" name="test36" time="0.001" />
  <testcase classname="org.apache.commons.csv.CSVFormat_ESTest" name="test37" time="0.002" />
  <testcase classname="org.apache.commons.csv.CSVFormat_ESTest" name="test38" time="0.004" />
  <testcase classname="org.apache.commons.csv.CSVFormat_ESTest" name="test31" time="0.005" />
  <testcase classname="org.apache.commons.csv.CSVFormat_ESTest" name="test32" time="0.002" />
  <testcase classname="org.apache.commons.csv.CSVFormat_ESTest" name="test33" time="0.001" />
  <testcase classname="org.apache.commons.csv.CSVFormat_ESTest" name="test34" time="0.001" />
  <testcase classname="org.apache.commons.csv.CSVFormat_ESTest" name="test28" time="0.001" />
  <testcase classname="org.apache.commons.csv.CSVFormat_ESTest" name="test29" time="0.002" />
  <testcase classname="org.apache.commons.csv.CSVFormat_ESTest" name="test24" time="0.002" />
  <testcase classname="org.apache.commons.csv.CSVFormat_ESTest" name="test25" time="0.002" />
  <testcase classname="org.apache.commons.csv.CSVFormat_ESTest" name="test26" time="0.005" />
  <testcase classname="org.apache.commons.csv.CSVFormat_ESTest" name="test27" time="0.002" />
  <testcase classname="org.apache.commons.csv.CSVFormat_ESTest" name="test20" time="0.002" />
  <testcase classname="org.apache.commons.csv.CSVFormat_ESTest" name="test21" time="0.002" />
  <testcase classname="org.apache.commons.csv.CSVFormat_ESTest" name="test22" time="0.002" />
  <testcase classname="org.apache.commons.csv.CSVFormat_ESTest" name="test23" time="0.002" />
  <system-out><![CDATA[]]></system-out>
  <system-err><![CDATA[SLF4J: Failed to load class "org.slf4j.impl.StaticLoggerBinder".
SLF4J: Defaulting to no-operation (NOP) logger implementation
SLF4J: See http://www.slf4j.org/codes.html#StaticLoggerBinder for further details.
[CLOVER] FATAL ERROR: Clover could not be initialised because it has insufficient security privileges. Please consult the Clover documentation on the security policy file changes required. (class java.lang.SecurityException:Security manager blocks ("java.io.FilePermission" "/home/sepehr/test_generation/evosuite_coverage/Csv1f/.clover/clover4_4_1.db.liverec" "delete")
java.lang.Thread.getStackTrace(Thread.java:1564)
org.evosuite.runtime.sandbox.MSecurityManager.checkPermission(MSecurityManager.java:434)
java.lang.SecurityManager.checkDelete(SecurityManager.java:1007)
java.io.File.deleteOnExit(File.java:1085)
com.atlassian.clover.recorder.BaseCoverageRecorder.createLiveRecordingFile(BaseCoverageRecorder.java:215)
com.atlassian.clover.recorder.BaseCoverageRecorder.startRun(BaseCoverageRecorder.java:168)
com_atlassian_clover.Clover$InitialisedRuntime$1.run(Clover.java:556)
com_atlassian_clover.Clover$InitialisedRuntime$1.run(Clover.java:521)
java.security.AccessController.doPrivileged(Native Method)
com_atlassian_clover.Clover$InitialisedRuntime.getRecorder(Clover.java:521)
com_atlassian_clover.Clover.getRecorder(Clover.java:107)
org.apache.commons.csv.CSVFormat$__CLR4_4_19999l780ohmn.<clinit>(CSVFormat.java:30)
org.apache.commons.csv.CSVFormat.<init>(CSVFormat.java:150)
org.apache.commons.csv.CSVFormat.<clinit>(CSVFormat.java)
java.lang.Class.forName0(Native Method)
java.lang.Class.forName(Class.java:348)
org.evosuite.runtime.classhandling.ClassStateSupport.loadClasses(ClassStateSupport.java:163)
org.evosuite.runtime.classhandling.ClassStateSupport.initializeClasses(ClassStateSupport.java:64)
org.apache.commons.csv.CSVFormat_ESTest_scaffolding.initializeClasses(CSVFormat_ESTest_scaffolding.java:87)
org.apache.commons.csv.CSVFormat_ESTest_scaffolding.initEvoSuiteFramework(CSVFormat_ESTest_scaffolding.java:39)
sun.reflect.NativeMethodAccessorImpl.invoke0(Native Method)
sun.reflect.NativeMethodAccessorImpl.invoke(NativeMethodAccessorImpl.java:62)
sun.reflect.DelegatingMethodAccessorImpl.invoke(DelegatingMethodAccessorImpl.java:43)
java.lang.reflect.Method.invoke(Method.java:498)
org.junit.runners.model.FrameworkMethod$1.runReflectiveCall(FrameworkMethod.java:45)
org.junit.internal.runners.model.ReflectiveCallable.run(ReflectiveCallable.java:15)
org.junit.runners.model.FrameworkMethod.invokeExplosively(FrameworkMethod.java:42)
org.junit.internal.runners.statements.RunBefores.evaluate(RunBefores.java:27)
org.junit.internal.runners.statements.RunAfters.evaluate(RunAfters.java:30)
org.junit.runners.ParentRunner.run(ParentRunner.java:300)
junit.framework.JUnit4TestAdapter.run(JUnit4TestAdapter.java:39)
org.apache.tools.ant.taskdefs.optional.junit.JUnitTestRunner.run(JUnitTestRunner.java:534)
org.apache.tools.ant.taskdefs.optional.junit.JUnitTestRunner.launch(JUnitTestRunner.java:1196)
org.apache.tools.ant.taskdefs.optional.junit.JUnitTestRunner.main(JUnitTestRunner.java:1041)
)
]]></system-err>
</testsuite>
